
*****************************************************************************
The dataset(s) used is/are:  ['WPC']
Using GPU
*****************************************************************************
Starting fold 1/5
Using Adam optimize with initial learning rate of 0.001
^^^^^^^^^^^^^^^^^^^^^^^^^^^^^^^^^^^^^^^^^^^^^^^^^^^^^^^^^^^^^^^^^^^^^^^^^^^^^^^
starting the training
^^^^^^^^^^^^^^^^^^^^^^^^^^^^^^^^^^^^^^^^^^^^^^^^^^^^^^^^^^^^^^^^^^^^^^^^^^^^^^^
*****************************************************************************
The dataset(s) used is/are:  ['WPC']
Using GPU
*****************************************************************************
Starting fold 1/5
Using Adam optimize with initial learning rate of 0.001
^^^^^^^^^^^^^^^^^^^^^^^^^^^^^^^^^^^^^^^^^^^^^^^^^^^^^^^^^^^^^^^^^^^^^^^^^^^^^^^
starting the training
^^^^^^^^^^^^^^^^^^^^^^^^^^^^^^^^^^^^^^^^^^^^^^^^^^^^^^^^^^^^^^^^^^^^^^^^^^^^^^^
*****************************************************************************
The dataset(s) used is/are:  ['WPC']
Using GPU
*****************************************************************************
Starting fold 1/5
Using Adam optimize with initial learning rate of 0.001
^^^^^^^^^^^^^^^^^^^^^^^^^^^^^^^^^^^^^^^^^^^^^^^^^^^^^^^^^^^^^^^^^^^^^^^^^^^^^^^
starting the training
^^^^^^^^^^^^^^^^^^^^^^^^^^^^^^^^^^^^^^^^^^^^^^^^^^^^^^^^^^^^^^^^^^^^^^^^^^^^^^^
*****************************************************************************
The dataset(s) used is/are:  ['WPC']
Using GPU
*****************************************************************************
Starting fold 1/5
Using Adam optimize with initial learning rate of 0.001
^^^^^^^^^^^^^^^^^^^^^^^^^^^^^^^^^^^^^^^^^^^^^^^^^^^^^^^^^^^^^^^^^^^^^^^^^^^^^^^
starting the training
^^^^^^^^^^^^^^^^^^^^^^^^^^^^^^^^^^^^^^^^^^^^^^^^^^^^^^^^^^^^^^^^^^^^^^^^^^^^^^^
torch.Size([2, 6, 3, 224, 224])
*****************************************************************************
The dataset(s) used is/are:  ['WPC']
Using GPU
*****************************************************************************
Starting fold 1/5
Using Adam optimize with initial learning rate of 0.001
^^^^^^^^^^^^^^^^^^^^^^^^^^^^^^^^^^^^^^^^^^^^^^^^^^^^^^^^^^^^^^^^^^^^^^^^^^^^^^^
starting the training
^^^^^^^^^^^^^^^^^^^^^^^^^^^^^^^^^^^^^^^^^^^^^^^^^^^^^^^^^^^^^^^^^^^^^^^^^^^^^^^
images: torch.Size([2, 6, 3, 224, 224])
