*****************************************************************************
The dataset(s) used is/are:  ['WPC']
*****************************************************************************
Using GPU
Starting fold 1/4
Using Adam optimize with initial learning rate of 0.001
^^^^^^^^^^^^^^^^^^^^^^^^^^^^^^^^^^^^^^^^^^^^^^^^^^^^^^^^^^^^^^^^^^^^^^^^^^^^^^^
starting the training
^^^^^^^^^^^^^^^^^^^^^^^^^^^^^^^^^^^^^^^^^^^^^^^^^^^^^^^^^^^^^^^^^^^^^^^^^^^^^^^
Epoch 1 averaged training loss: 31.0710
The current learning rate is 0.001000
Epoch 1 training time cost: 27.8186 seconds
Test results: SROCC=-0.0316, KROCC=-0.0168, PLCC=0.2136, RMSE=0.2225
Update best model using best_val_criterion 
Update the best Test results: SROCC=-0.0316, KROCC=-0.0168, PLCC=0.2136, RMSE=0.2225
Epoch 2 averaged training loss: 1.1230
The current learning rate is 0.001000
Epoch 2 training time cost: 27.3783 seconds
Test results: SROCC=0.3563, KROCC=0.2467, PLCC=0.3832, RMSE=0.2103
Update best model using best_val_criterion 
Update the best Test results: SROCC=0.3563, KROCC=0.2467, PLCC=0.3832, RMSE=0.2103
Epoch 3 averaged training loss: 1.0958
The current learning rate is 0.001000
Epoch 3 training time cost: 27.4202 seconds
Test results: SROCC=0.3212, KROCC=0.2194, PLCC=0.3273, RMSE=0.2152
Epoch 4 averaged training loss: 1.0900
The current learning rate is 0.001000
Epoch 4 training time cost: 27.4237 seconds
Test results: SROCC=0.0763, KROCC=0.0489, PLCC=0.2074, RMSE=0.2228
Epoch 5 averaged training loss: 1.0909
The current learning rate is 0.001000
Epoch 5 training time cost: 27.6055 seconds
Test results: SROCC=0.2864, KROCC=0.1949, PLCC=0.3281, RMSE=0.2151
Epoch 6 averaged training loss: 1.0714
The current learning rate is 0.001000
Epoch 6 training time cost: 27.5613 seconds
Test results: SROCC=0.4392, KROCC=0.3027, PLCC=0.4571, RMSE=0.2025
Update best model using best_val_criterion 
Update the best Test results: SROCC=0.4392, KROCC=0.3027, PLCC=0.4571, RMSE=0.2025
Epoch 7 averaged training loss: 1.0700
The current learning rate is 0.001000
Epoch 7 training time cost: 27.4643 seconds
Test results: SROCC=0.1519, KROCC=0.1013, PLCC=0.1620, RMSE=0.2247
Epoch 8 averaged training loss: 1.0675
The current learning rate is 0.000900
Epoch 8 training time cost: 27.4101 seconds
Test results: SROCC=0.4438, KROCC=0.3035, PLCC=0.4685, RMSE=0.2012
Update best model using best_val_criterion 
Update the best Test results: SROCC=0.4438, KROCC=0.3035, PLCC=0.4685, RMSE=0.2012
Epoch 9 averaged training loss: 1.0691
The current learning rate is 0.000900
Epoch 9 training time cost: 27.4443 seconds
Test results: SROCC=0.5217, KROCC=0.3615, PLCC=0.5352, RMSE=0.1924
Update best model using best_val_criterion 
Update the best Test results: SROCC=0.5217, KROCC=0.3615, PLCC=0.5352, RMSE=0.1924
Epoch 10 averaged training loss: 1.0343
The current learning rate is 0.000900
Epoch 10 training time cost: 27.4244 seconds
Test results: SROCC=0.5037, KROCC=0.3442, PLCC=0.5351, RMSE=0.1924
Epoch 11 averaged training loss: 1.0634
The current learning rate is 0.000900
Epoch 11 training time cost: 27.4404 seconds
Test results: SROCC=0.5124, KROCC=0.3591, PLCC=0.5189, RMSE=0.1947
Epoch 12 averaged training loss: 1.0581
The current learning rate is 0.000900
Epoch 12 training time cost: 27.3672 seconds
Test results: SROCC=0.5407, KROCC=0.3766, PLCC=0.5544, RMSE=0.1895
Update best model using best_val_criterion 
Update the best Test results: SROCC=0.5407, KROCC=0.3766, PLCC=0.5544, RMSE=0.1895
Epoch 13 averaged training loss: 1.0560
The current learning rate is 0.000900
Epoch 13 training time cost: 27.1449 seconds
Test results: SROCC=0.3561, KROCC=0.2484, PLCC=0.3736, RMSE=0.2112
Epoch 14 averaged training loss: 1.0477
The current learning rate is 0.000900
Epoch 14 training time cost: 27.4325 seconds
Test results: SROCC=0.5704, KROCC=0.4053, PLCC=0.5668, RMSE=0.1876
Update best model using best_val_criterion 
Update the best Test results: SROCC=0.5704, KROCC=0.4053, PLCC=0.5668, RMSE=0.1876
Epoch 15 averaged training loss: 1.0457
The current learning rate is 0.000900
Epoch 15 training time cost: 27.4624 seconds
Test results: SROCC=0.5407, KROCC=0.3747, PLCC=0.5525, RMSE=0.1898
Epoch 16 averaged training loss: 1.0576
The current learning rate is 0.000810
Epoch 16 training time cost: 27.4127 seconds
Test results: SROCC=0.5237, KROCC=0.3660, PLCC=0.5313, RMSE=0.1929
Epoch 17 averaged training loss: 1.0429
The current learning rate is 0.000810
Epoch 17 training time cost: 27.1043 seconds
Test results: SROCC=0.3827, KROCC=0.2659, PLCC=0.4134, RMSE=0.2074
Epoch 18 averaged training loss: 1.0643
The current learning rate is 0.000810
Epoch 18 training time cost: 27.3993 seconds
Test results: SROCC=0.4895, KROCC=0.3468, PLCC=0.5104, RMSE=0.1958
Epoch 19 averaged training loss: 1.0401
The current learning rate is 0.000810
Epoch 19 training time cost: 27.3813 seconds
Test results: SROCC=0.5089, KROCC=0.3495, PLCC=0.5220, RMSE=0.1942
Epoch 20 averaged training loss: 1.0391
The current learning rate is 0.000810
Epoch 20 training time cost: 27.3606 seconds
Test results: SROCC=0.2998, KROCC=0.2094, PLCC=0.3535, RMSE=0.2130
Epoch 21 averaged training loss: 1.0423
The current learning rate is 0.000810
Epoch 21 training time cost: 27.3438 seconds
Test results: SROCC=0.6286, KROCC=0.4389, PLCC=0.6344, RMSE=0.1760
Update best model using best_val_criterion 
Update the best Test results: SROCC=0.6286, KROCC=0.4389, PLCC=0.6344, RMSE=0.1760
Epoch 22 averaged training loss: 1.0588
The current learning rate is 0.000810
Epoch 22 training time cost: 27.3822 seconds
Test results: SROCC=0.5780, KROCC=0.4004, PLCC=0.5817, RMSE=0.1852
Epoch 23 averaged training loss: 1.0393
The current learning rate is 0.000810
Epoch 23 training time cost: 27.6320 seconds
Test results: SROCC=0.5843, KROCC=0.4139, PLCC=0.5985, RMSE=0.1824
Epoch 24 averaged training loss: 1.0247
The current learning rate is 0.000729
Epoch 24 training time cost: 27.5839 seconds
Test results: SROCC=0.6051, KROCC=0.4316, PLCC=0.6165, RMSE=0.1793
Epoch 25 averaged training loss: 1.0411
The current learning rate is 0.000729
Epoch 25 training time cost: 27.4690 seconds
Test results: SROCC=0.5248, KROCC=0.3679, PLCC=0.5372, RMSE=0.1921
Epoch 26 averaged training loss: 1.0360
The current learning rate is 0.000729
Epoch 26 training time cost: 27.3435 seconds
Test results: SROCC=0.6184, KROCC=0.4390, PLCC=0.6239, RMSE=0.1780
Epoch 27 averaged training loss: 1.0536
The current learning rate is 0.000729
Epoch 27 training time cost: 27.3740 seconds
Test results: SROCC=0.6288, KROCC=0.4418, PLCC=0.6410, RMSE=0.1748
Update best model using best_val_criterion 
Update the best Test results: SROCC=0.6288, KROCC=0.4418, PLCC=0.6410, RMSE=0.1748
Epoch 28 averaged training loss: 1.0223
The current learning rate is 0.000729
Epoch 28 training time cost: 27.4044 seconds
Test results: SROCC=0.5958, KROCC=0.4214, PLCC=0.6059, RMSE=0.1812
Epoch 29 averaged training loss: 1.0365
The current learning rate is 0.000729
Epoch 29 training time cost: 27.4057 seconds
Test results: SROCC=0.6246, KROCC=0.4491, PLCC=0.6460, RMSE=0.1738
Epoch 30 averaged training loss: 1.0361
The current learning rate is 0.000729
Epoch 30 training time cost: 27.4410 seconds
Test results: SROCC=0.5856, KROCC=0.4195, PLCC=0.6042, RMSE=0.1815
Epoch 31 averaged training loss: 1.0417
The current learning rate is 0.000729
Epoch 31 training time cost: 27.3540 seconds
Test results: SROCC=0.6677, KROCC=0.4832, PLCC=0.6890, RMSE=0.1650
Update best model using best_val_criterion 
Update the best Test results: SROCC=0.6677, KROCC=0.4832, PLCC=0.6890, RMSE=0.1650
Epoch 32 averaged training loss: 1.0246
The current learning rate is 0.000656
Epoch 32 training time cost: 27.4592 seconds
Test results: SROCC=0.6105, KROCC=0.4323, PLCC=0.6314, RMSE=0.1766
Epoch 33 averaged training loss: 1.0353
The current learning rate is 0.000656
Epoch 33 training time cost: 27.4429 seconds
Test results: SROCC=0.6931, KROCC=0.5052, PLCC=0.7022, RMSE=0.1621
Update best model using best_val_criterion 
Update the best Test results: SROCC=0.6931, KROCC=0.5052, PLCC=0.7022, RMSE=0.1621
Epoch 34 averaged training loss: 1.0473
The current learning rate is 0.000656
Epoch 34 training time cost: 27.4665 seconds
Test results: SROCC=0.6699, KROCC=0.4884, PLCC=0.6882, RMSE=0.1652
Epoch 35 averaged training loss: 1.0345
The current learning rate is 0.000656
Epoch 35 training time cost: 27.4343 seconds
Test results: SROCC=0.7050, KROCC=0.5089, PLCC=0.7167, RMSE=0.1588
Update best model using best_val_criterion 
Update the best Test results: SROCC=0.7050, KROCC=0.5089, PLCC=0.7167, RMSE=0.1588
Epoch 36 averaged training loss: 1.0509
The current learning rate is 0.000656
Epoch 36 training time cost: 27.4456 seconds
Test results: SROCC=0.6440, KROCC=0.4676, PLCC=0.6602, RMSE=0.1710
Epoch 37 averaged training loss: 1.0340
The current learning rate is 0.000656
Epoch 37 training time cost: 27.3988 seconds
Test results: SROCC=0.6436, KROCC=0.4678, PLCC=0.6673, RMSE=0.1696
Epoch 38 averaged training loss: 1.0517
The current learning rate is 0.000656
Epoch 38 training time cost: 27.4196 seconds
Test results: SROCC=0.6217, KROCC=0.4580, PLCC=0.6569, RMSE=0.1717
Epoch 39 averaged training loss: 1.0364
The current learning rate is 0.000656
Epoch 39 training time cost: 27.4743 seconds
Test results: SROCC=0.5454, KROCC=0.3841, PLCC=0.5659, RMSE=0.1878
Epoch 40 averaged training loss: 1.0347
The current learning rate is 0.000590
Epoch 40 training time cost: 27.6090 seconds
Test results: SROCC=0.6227, KROCC=0.4525, PLCC=0.6339, RMSE=0.1761
Epoch 41 averaged training loss: 1.0372
The current learning rate is 0.000590
Epoch 41 training time cost: 27.4322 seconds
Test results: SROCC=0.4234, KROCC=0.2994, PLCC=0.4818, RMSE=0.1996
Epoch 42 averaged training loss: 1.0202
The current learning rate is 0.000590
Epoch 42 training time cost: 27.5823 seconds
Test results: SROCC=0.6756, KROCC=0.4827, PLCC=0.6810, RMSE=0.1668
Epoch 43 averaged training loss: 1.0181
The current learning rate is 0.000590
Epoch 43 training time cost: 27.4863 seconds
Test results: SROCC=0.6918, KROCC=0.4986, PLCC=0.7014, RMSE=0.1623
Epoch 44 averaged training loss: 1.0311
The current learning rate is 0.000590
Epoch 44 training time cost: 27.5486 seconds
Test results: SROCC=0.6725, KROCC=0.4826, PLCC=0.6904, RMSE=0.1647
Epoch 45 averaged training loss: 1.0313
The current learning rate is 0.000590
Epoch 45 training time cost: 27.4881 seconds
Test results: SROCC=0.5720, KROCC=0.4110, PLCC=0.6395, RMSE=0.1751
Epoch 46 averaged training loss: 1.0164
The current learning rate is 0.000590
Epoch 46 training time cost: 27.4184 seconds
Test results: SROCC=0.6071, KROCC=0.4314, PLCC=0.6302, RMSE=0.1768
Epoch 47 averaged training loss: 1.0285
The current learning rate is 0.000590
Epoch 47 training time cost: 27.3944 seconds
Test results: SROCC=0.6608, KROCC=0.4831, PLCC=0.6874, RMSE=0.1654
Epoch 48 averaged training loss: 1.0307
The current learning rate is 0.000531
Epoch 48 training time cost: 27.5238 seconds
Test results: SROCC=0.6823, KROCC=0.5002, PLCC=0.7047, RMSE=0.1616
Epoch 49 averaged training loss: 1.0286
The current learning rate is 0.000531
Epoch 49 training time cost: 27.5805 seconds
Test results: SROCC=0.6741, KROCC=0.4897, PLCC=0.6934, RMSE=0.1641
Epoch 50 averaged training loss: 1.0433
The current learning rate is 0.000531
Epoch 50 training time cost: 27.6884 seconds
Test results: SROCC=0.4023, KROCC=0.2980, PLCC=0.5224, RMSE=0.1942
Epoch 51 averaged training loss: 1.0460
The current learning rate is 0.000531
Epoch 51 training time cost: 27.6334 seconds
Test results: SROCC=0.7125, KROCC=0.5263, PLCC=0.7387, RMSE=0.1535
Update best model using best_val_criterion 
Update the best Test results: SROCC=0.7125, KROCC=0.5263, PLCC=0.7387, RMSE=0.1535
Epoch 52 averaged training loss: 1.0457
The current learning rate is 0.000531
Epoch 52 training time cost: 27.6578 seconds
Test results: SROCC=0.4670, KROCC=0.3394, PLCC=0.5680, RMSE=0.1874
Epoch 53 averaged training loss: 1.0191
The current learning rate is 0.000531
Epoch 53 training time cost: 27.6241 seconds
Test results: SROCC=0.7342, KROCC=0.5477, PLCC=0.7592, RMSE=0.1482
Update best model using best_val_criterion 
Update the best Test results: SROCC=0.7342, KROCC=0.5477, PLCC=0.7592, RMSE=0.1482
Epoch 54 averaged training loss: 1.0269
The current learning rate is 0.000531
Epoch 54 training time cost: 27.6474 seconds
Test results: SROCC=0.7481, KROCC=0.5613, PLCC=0.7651, RMSE=0.1466
Update best model using best_val_criterion 
Update the best Test results: SROCC=0.7481, KROCC=0.5613, PLCC=0.7651, RMSE=0.1466
Epoch 55 averaged training loss: 1.0147
The current learning rate is 0.000531
Epoch 55 training time cost: 27.6240 seconds
Test results: SROCC=0.6632, KROCC=0.4991, PLCC=0.6924, RMSE=0.1643
Epoch 56 averaged training loss: 1.0165
The current learning rate is 0.000478
Epoch 56 training time cost: 27.6460 seconds
Test results: SROCC=0.6760, KROCC=0.4989, PLCC=0.7160, RMSE=0.1590
Epoch 57 averaged training loss: 1.0108
The current learning rate is 0.000478
Epoch 57 training time cost: 27.5922 seconds
Test results: SROCC=0.7528, KROCC=0.5669, PLCC=0.7724, RMSE=0.1446
Update best model using best_val_criterion 
Update the best Test results: SROCC=0.7528, KROCC=0.5669, PLCC=0.7724, RMSE=0.1446
Epoch 58 averaged training loss: 1.0431
The current learning rate is 0.000478
Epoch 58 training time cost: 27.6095 seconds
Test results: SROCC=0.6808, KROCC=0.5133, PLCC=0.6962, RMSE=0.1635
Epoch 59 averaged training loss: 1.0331
The current learning rate is 0.000478
Epoch 59 training time cost: 27.5803 seconds
Test results: SROCC=0.7754, KROCC=0.5924, PLCC=0.7909, RMSE=0.1394
Update best model using best_val_criterion 
Update the best Test results: SROCC=0.7754, KROCC=0.5924, PLCC=0.7909, RMSE=0.1394
Epoch 60 averaged training loss: 1.0292
The current learning rate is 0.000478
Epoch 60 training time cost: 27.6270 seconds
Test results: SROCC=0.7734, KROCC=0.5919, PLCC=0.7967, RMSE=0.1376
Epoch 61 averaged training loss: 1.0088
The current learning rate is 0.000478
Epoch 61 training time cost: 27.5813 seconds
Test results: SROCC=0.7927, KROCC=0.6094, PLCC=0.8054, RMSE=0.1350
Update best model using best_val_criterion 
Update the best Test results: SROCC=0.7927, KROCC=0.6094, PLCC=0.8054, RMSE=0.1350
Epoch 62 averaged training loss: 1.0447
The current learning rate is 0.000478
Epoch 62 training time cost: 27.3291 seconds
Test results: SROCC=0.5703, KROCC=0.4233, PLCC=0.5747, RMSE=0.1864
Epoch 63 averaged training loss: 1.0113
The current learning rate is 0.000478
Epoch 63 training time cost: 27.3907 seconds
Test results: SROCC=0.7880, KROCC=0.6062, PLCC=0.8026, RMSE=0.1358
Epoch 64 averaged training loss: 1.0242
The current learning rate is 0.000430
Epoch 64 training time cost: 27.6036 seconds
Test results: SROCC=0.7607, KROCC=0.5713, PLCC=0.7784, RMSE=0.1430
Epoch 65 averaged training loss: 0.9969
The current learning rate is 0.000430
Epoch 65 training time cost: 27.5653 seconds
Test results: SROCC=0.7734, KROCC=0.5888, PLCC=0.7921, RMSE=0.1390
Epoch 66 averaged training loss: 1.0125
The current learning rate is 0.000430
Epoch 66 training time cost: 27.4994 seconds
Test results: SROCC=0.7854, KROCC=0.6012, PLCC=0.8000, RMSE=0.1366
Epoch 67 averaged training loss: 1.0294
The current learning rate is 0.000430
Epoch 67 training time cost: 27.6992 seconds
Test results: SROCC=0.7636, KROCC=0.5788, PLCC=0.7844, RMSE=0.1413
Epoch 68 averaged training loss: 1.0262
The current learning rate is 0.000430
Epoch 68 training time cost: 27.7065 seconds
Test results: SROCC=0.7612, KROCC=0.5780, PLCC=0.7754, RMSE=0.1438
Epoch 69 averaged training loss: 1.0103
The current learning rate is 0.000430
Epoch 69 training time cost: 27.6651 seconds
Test results: SROCC=0.7659, KROCC=0.5684, PLCC=0.7695, RMSE=0.1454
Epoch 70 averaged training loss: 1.6598
The current learning rate is 0.000430
Epoch 70 training time cost: 27.6681 seconds
Test results: SROCC=-0.0067, KROCC=-0.0016, PLCC=0.0579, RMSE=0.2273
Epoch 71 averaged training loss: 1.2482
The current learning rate is 0.000430
Epoch 71 training time cost: 27.6939 seconds
Test results: SROCC=0.1748, KROCC=0.1165, PLCC=0.2184, RMSE=0.2222
Epoch 72 averaged training loss: 1.0715
The current learning rate is 0.000387
Epoch 72 training time cost: 27.7069 seconds
Test results: SROCC=0.1578, KROCC=0.1081, PLCC=0.1845, RMSE=0.2238
Epoch 73 averaged training loss: 1.0539
The current learning rate is 0.000387
Epoch 73 training time cost: 27.7049 seconds
Test results: SROCC=0.2934, KROCC=0.2045, PLCC=0.3537, RMSE=0.2130
Epoch 74 averaged training loss: 1.0606
The current learning rate is 0.000387
Epoch 74 training time cost: 27.5026 seconds
Test results: SROCC=0.3566, KROCC=0.2516, PLCC=0.3631, RMSE=0.2122
Epoch 75 averaged training loss: 1.0628
The current learning rate is 0.000387
Epoch 75 training time cost: 27.3811 seconds
Test results: SROCC=0.4429, KROCC=0.2976, PLCC=0.4676, RMSE=0.2013
Epoch 76 averaged training loss: 1.0605
The current learning rate is 0.000387
Epoch 76 training time cost: 27.5744 seconds
Test results: SROCC=0.3073, KROCC=0.2180, PLCC=0.3381, RMSE=0.2143
Epoch 77 averaged training loss: 1.0591
The current learning rate is 0.000387
Epoch 77 training time cost: 27.5786 seconds
Test results: SROCC=0.4238, KROCC=0.2940, PLCC=0.4467, RMSE=0.2037
Epoch 78 averaged training loss: 1.0634
The current learning rate is 0.000387
Epoch 78 training time cost: 27.5569 seconds
Test results: SROCC=0.4436, KROCC=0.3118, PLCC=0.4552, RMSE=0.2028
Epoch 79 averaged training loss: 1.0535
The current learning rate is 0.000387
Epoch 79 training time cost: 27.4608 seconds
Test results: SROCC=0.4578, KROCC=0.3170, PLCC=0.4712, RMSE=0.2009
Epoch 80 averaged training loss: 1.0461
The current learning rate is 0.000349
Epoch 80 training time cost: 27.6247 seconds
Test results: SROCC=0.3825, KROCC=0.2712, PLCC=0.4035, RMSE=0.2084
Epoch 81 averaged training loss: 1.0286
The current learning rate is 0.000349
Epoch 81 training time cost: 27.5251 seconds
Test results: SROCC=0.5064, KROCC=0.3496, PLCC=0.5181, RMSE=0.1948
Epoch 82 averaged training loss: 1.0443
The current learning rate is 0.000349
Epoch 82 training time cost: 27.4614 seconds
Test results: SROCC=0.4049, KROCC=0.2730, PLCC=0.4135, RMSE=0.2073
Epoch 83 averaged training loss: 1.0621
The current learning rate is 0.000349
Epoch 83 training time cost: 27.4315 seconds
Test results: SROCC=0.4621, KROCC=0.3190, PLCC=0.4607, RMSE=0.2021
Epoch 84 averaged training loss: 1.0419
The current learning rate is 0.000349
Epoch 84 training time cost: 27.4489 seconds
Test results: SROCC=0.4719, KROCC=0.3333, PLCC=0.4743, RMSE=0.2005
Epoch 85 averaged training loss: 1.0425
The current learning rate is 0.000349
Epoch 85 training time cost: 27.4280 seconds
Test results: SROCC=0.5183, KROCC=0.3583, PLCC=0.5339, RMSE=0.1926
Epoch 86 averaged training loss: 1.0400
The current learning rate is 0.000349
Epoch 86 training time cost: 27.5334 seconds
Test results: SROCC=0.5022, KROCC=0.3542, PLCC=0.5180, RMSE=0.1948
Epoch 87 averaged training loss: 1.0280
The current learning rate is 0.000349
Epoch 87 training time cost: 27.5049 seconds
Test results: SROCC=0.4599, KROCC=0.3167, PLCC=0.4762, RMSE=0.2002
Epoch 88 averaged training loss: 1.0600
The current learning rate is 0.000314
Epoch 88 training time cost: 27.3558 seconds
Test results: SROCC=0.4679, KROCC=0.3239, PLCC=0.4897, RMSE=0.1986
Epoch 89 averaged training loss: 1.0417
The current learning rate is 0.000314
Epoch 89 training time cost: 27.5063 seconds
Test results: SROCC=0.5338, KROCC=0.3741, PLCC=0.5468, RMSE=0.1907
Epoch 90 averaged training loss: 1.0380
The current learning rate is 0.000314
Epoch 90 training time cost: 27.4406 seconds
Test results: SROCC=0.4741, KROCC=0.3270, PLCC=0.4865, RMSE=0.1990
Epoch 91 averaged training loss: 1.0377
The current learning rate is 0.000314
Epoch 91 training time cost: 27.4062 seconds
Test results: SROCC=0.4805, KROCC=0.3337, PLCC=0.4825, RMSE=0.1995
Epoch 92 averaged training loss: 1.0360
The current learning rate is 0.000314
Epoch 92 training time cost: 27.4284 seconds
Test results: SROCC=0.4988, KROCC=0.3451, PLCC=0.5062, RMSE=0.1964
Epoch 93 averaged training loss: 1.0372
The current learning rate is 0.000314
Epoch 93 training time cost: 27.3831 seconds
Test results: SROCC=0.5371, KROCC=0.3725, PLCC=0.5398, RMSE=0.1917
Epoch 94 averaged training loss: 1.0361
The current learning rate is 0.000314
Epoch 94 training time cost: 27.4216 seconds
Test results: SROCC=0.5483, KROCC=0.3806, PLCC=0.5498, RMSE=0.1902
Epoch 95 averaged training loss: 1.0356
The current learning rate is 0.000314
Epoch 95 training time cost: 27.2403 seconds
Test results: SROCC=0.5976, KROCC=0.4207, PLCC=0.5978, RMSE=0.1826
Epoch 96 averaged training loss: 1.0574
The current learning rate is 0.000282
Epoch 96 training time cost: 27.5189 seconds
Test results: SROCC=0.4291, KROCC=0.3055, PLCC=0.4712, RMSE=0.2009
Epoch 97 averaged training loss: 1.0368
The current learning rate is 0.000282
Epoch 97 training time cost: 27.6938 seconds
Test results: SROCC=0.5074, KROCC=0.3583, PLCC=0.5091, RMSE=0.1960
Epoch 98 averaged training loss: 1.0534
The current learning rate is 0.000282
Epoch 98 training time cost: 27.6029 seconds
Test results: SROCC=0.6067, KROCC=0.4281, PLCC=0.6081, RMSE=0.1808
Epoch 99 averaged training loss: 1.0341
The current learning rate is 0.000282
Epoch 99 training time cost: 27.5677 seconds
Test results: SROCC=0.4907, KROCC=0.3324, PLCC=0.5080, RMSE=0.1962
Epoch 100 averaged training loss: 1.0367
The current learning rate is 0.000282
Epoch 100 training time cost: 27.3092 seconds
Test results: SROCC=0.5901, KROCC=0.4112, PLCC=0.5875, RMSE=0.1843
['WPC']
The best Val results: SROCC=0.7927, KROCC=0.6094, PLCC=0.8054, RMSE=0.1350
*************************************************************************************************************************
Using GPU
Starting fold 2/4
Using Adam optimize with initial learning rate of 0.001
^^^^^^^^^^^^^^^^^^^^^^^^^^^^^^^^^^^^^^^^^^^^^^^^^^^^^^^^^^^^^^^^^^^^^^^^^^^^^^^
starting the training
^^^^^^^^^^^^^^^^^^^^^^^^^^^^^^^^^^^^^^^^^^^^^^^^^^^^^^^^^^^^^^^^^^^^^^^^^^^^^^^
Epoch 1 averaged training loss: 18.8748
The current learning rate is 0.001000
Epoch 1 training time cost: 27.3933 seconds
Test results: SROCC=0.0618, KROCC=0.0485, PLCC=0.1465, RMSE=0.2325
Update best model using best_val_criterion 
Update the best Test results: SROCC=0.0618, KROCC=0.0485, PLCC=0.1465, RMSE=0.2325
Epoch 2 averaged training loss: 1.0774
The current learning rate is 0.001000
Epoch 2 training time cost: 27.5671 seconds
Test results: SROCC=0.3187, KROCC=0.2290, PLCC=0.3324, RMSE=0.2216
Update best model using best_val_criterion 
Update the best Test results: SROCC=0.3187, KROCC=0.2290, PLCC=0.3324, RMSE=0.2216
Epoch 3 averaged training loss: 1.0797
The current learning rate is 0.001000
Epoch 3 training time cost: 28.0497 seconds
Test results: SROCC=0.3417, KROCC=0.2322, PLCC=0.3603, RMSE=0.2192
Update best model using best_val_criterion 
Update the best Test results: SROCC=0.3417, KROCC=0.2322, PLCC=0.3603, RMSE=0.2192
Epoch 4 averaged training loss: 1.0697
The current learning rate is 0.001000
Epoch 4 training time cost: 27.5579 seconds
Test results: SROCC=0.5253, KROCC=0.3711, PLCC=0.5136, RMSE=0.2016
Update best model using best_val_criterion 
Update the best Test results: SROCC=0.5253, KROCC=0.3711, PLCC=0.5136, RMSE=0.2016
Epoch 5 averaged training loss: 1.0593
The current learning rate is 0.001000
Epoch 5 training time cost: 27.8195 seconds
Test results: SROCC=0.4042, KROCC=0.2736, PLCC=0.4352, RMSE=0.2116
Epoch 6 averaged training loss: 1.0681
The current learning rate is 0.001000
Epoch 6 training time cost: 27.6251 seconds
Test results: SROCC=0.4796, KROCC=0.3512, PLCC=0.5098, RMSE=0.2022
Epoch 7 averaged training loss: 1.0512
The current learning rate is 0.001000
Epoch 7 training time cost: 27.5969 seconds
Test results: SROCC=0.3822, KROCC=0.2733, PLCC=0.4763, RMSE=0.2066
Epoch 8 averaged training loss: 1.0344
The current learning rate is 0.000900
Epoch 8 training time cost: 27.6418 seconds
Test results: SROCC=0.5096, KROCC=0.3583, PLCC=0.5139, RMSE=0.2016
Epoch 9 averaged training loss: 1.0494
The current learning rate is 0.000900
Epoch 9 training time cost: 27.5990 seconds
Test results: SROCC=0.5588, KROCC=0.3895, PLCC=0.5637, RMSE=0.1941
Update best model using best_val_criterion 
Update the best Test results: SROCC=0.5588, KROCC=0.3895, PLCC=0.5637, RMSE=0.1941
Epoch 10 averaged training loss: 1.0671
The current learning rate is 0.000900
Epoch 10 training time cost: 27.5026 seconds
Test results: SROCC=0.4959, KROCC=0.3481, PLCC=0.5157, RMSE=0.2013
Epoch 11 averaged training loss: 1.0428
The current learning rate is 0.000900
Epoch 11 training time cost: 27.4909 seconds
Test results: SROCC=0.4607, KROCC=0.3278, PLCC=0.5124, RMSE=0.2018
Epoch 12 averaged training loss: 1.0414
The current learning rate is 0.000900
Epoch 12 training time cost: 27.4421 seconds
Test results: SROCC=0.4821, KROCC=0.3438, PLCC=0.4941, RMSE=0.2043
Epoch 13 averaged training loss: 1.0453
The current learning rate is 0.000900
Epoch 13 training time cost: 27.6201 seconds
Test results: SROCC=0.5203, KROCC=0.3791, PLCC=0.5638, RMSE=0.1941
Epoch 14 averaged training loss: 1.0397
The current learning rate is 0.000900
Epoch 14 training time cost: 27.5318 seconds
Test results: SROCC=0.6146, KROCC=0.4303, PLCC=0.6018, RMSE=0.1877
Update best model using best_val_criterion 
Update the best Test results: SROCC=0.6146, KROCC=0.4303, PLCC=0.6018, RMSE=0.1877
Epoch 15 averaged training loss: 1.0541
The current learning rate is 0.000900
Epoch 15 training time cost: 27.6057 seconds
Test results: SROCC=0.5601, KROCC=0.4008, PLCC=0.5635, RMSE=0.1941
Epoch 16 averaged training loss: 1.0594
The current learning rate is 0.000810
Epoch 16 training time cost: 27.6080 seconds
Test results: SROCC=0.5813, KROCC=0.4126, PLCC=0.5996, RMSE=0.1881
Epoch 17 averaged training loss: 1.0382
The current learning rate is 0.000810
Epoch 17 training time cost: 27.5688 seconds
Test results: SROCC=0.5888, KROCC=0.4217, PLCC=0.6015, RMSE=0.1877
Epoch 18 averaged training loss: 1.0343
The current learning rate is 0.000810
Epoch 18 training time cost: 27.5807 seconds
Test results: SROCC=0.5969, KROCC=0.4273, PLCC=0.6103, RMSE=0.1862
Epoch 19 averaged training loss: 1.0285
The current learning rate is 0.000810
Epoch 19 training time cost: 27.4771 seconds
Test results: SROCC=0.6075, KROCC=0.4340, PLCC=0.6188, RMSE=0.1846
Epoch 20 averaged training loss: 1.0483
The current learning rate is 0.000810
Epoch 20 training time cost: 27.5111 seconds
Test results: SROCC=0.5746, KROCC=0.4105, PLCC=0.5936, RMSE=0.1891
Epoch 21 averaged training loss: 1.0311
The current learning rate is 0.000810
Epoch 21 training time cost: 27.5370 seconds
Test results: SROCC=0.6800, KROCC=0.4992, PLCC=0.6758, RMSE=0.1732
Update best model using best_val_criterion 
Update the best Test results: SROCC=0.6800, KROCC=0.4992, PLCC=0.6758, RMSE=0.1732
Epoch 22 averaged training loss: 1.0331
The current learning rate is 0.000810
Epoch 22 training time cost: 27.5561 seconds
Test results: SROCC=0.6181, KROCC=0.4523, PLCC=0.6248, RMSE=0.1835
Epoch 23 averaged training loss: 1.0478
The current learning rate is 0.000810
Epoch 23 training time cost: 27.5413 seconds
Test results: SROCC=0.6881, KROCC=0.4992, PLCC=0.6908, RMSE=0.1699
Update best model using best_val_criterion 
Update the best Test results: SROCC=0.6881, KROCC=0.4992, PLCC=0.6908, RMSE=0.1699
Epoch 24 averaged training loss: 1.0312
The current learning rate is 0.000729
Epoch 24 training time cost: 27.4545 seconds
Test results: SROCC=0.6517, KROCC=0.4731, PLCC=0.6646, RMSE=0.1756
Epoch 25 averaged training loss: 1.0322
The current learning rate is 0.000729
Epoch 25 training time cost: 27.4347 seconds
Test results: SROCC=0.6176, KROCC=0.4445, PLCC=0.6325, RMSE=0.1820
Epoch 26 averaged training loss: 1.0332
The current learning rate is 0.000729
Epoch 26 training time cost: 27.4318 seconds
Test results: SROCC=0.6481, KROCC=0.4800, PLCC=0.6681, RMSE=0.1749
Epoch 27 averaged training loss: 1.0345
The current learning rate is 0.000729
Epoch 27 training time cost: 27.4493 seconds
Test results: SROCC=0.6664, KROCC=0.4897, PLCC=0.6791, RMSE=0.1725
Epoch 28 averaged training loss: 1.0430
The current learning rate is 0.000729
Epoch 28 training time cost: 27.4234 seconds
Test results: SROCC=0.6791, KROCC=0.5015, PLCC=0.6949, RMSE=0.1690
Epoch 29 averaged training loss: 1.0318
The current learning rate is 0.000729
Epoch 29 training time cost: 27.4822 seconds
Test results: SROCC=0.7281, KROCC=0.5378, PLCC=0.7300, RMSE=0.1606
Update best model using best_val_criterion 
Update the best Test results: SROCC=0.7281, KROCC=0.5378, PLCC=0.7300, RMSE=0.1606
Epoch 30 averaged training loss: 1.0274
The current learning rate is 0.000729
Epoch 30 training time cost: 27.4196 seconds
Test results: SROCC=0.7167, KROCC=0.5278, PLCC=0.7292, RMSE=0.1608
Epoch 31 averaged training loss: 1.0418
The current learning rate is 0.000729
Epoch 31 training time cost: 27.5708 seconds
Test results: SROCC=0.7029, KROCC=0.5207, PLCC=0.7163, RMSE=0.1640
Epoch 32 averaged training loss: 1.0292
The current learning rate is 0.000656
Epoch 32 training time cost: 27.5819 seconds
Test results: SROCC=0.7543, KROCC=0.5630, PLCC=0.7553, RMSE=0.1540
Update best model using best_val_criterion 
Update the best Test results: SROCC=0.7543, KROCC=0.5630, PLCC=0.7553, RMSE=0.1540
Epoch 33 averaged training loss: 1.0327
The current learning rate is 0.000656
Epoch 33 training time cost: 27.5132 seconds
Test results: SROCC=0.6943, KROCC=0.5130, PLCC=0.7013, RMSE=0.1675
Epoch 34 averaged training loss: 1.0135
The current learning rate is 0.000656
Epoch 34 training time cost: 27.3107 seconds
Test results: SROCC=0.6832, KROCC=0.5033, PLCC=0.6962, RMSE=0.1687
Epoch 35 averaged training loss: 1.0279
The current learning rate is 0.000656
Epoch 35 training time cost: 27.2944 seconds
Test results: SROCC=0.7466, KROCC=0.5629, PLCC=0.7521, RMSE=0.1549
Epoch 36 averaged training loss: 1.0273
The current learning rate is 0.000656
Epoch 36 training time cost: 27.4485 seconds
Test results: SROCC=0.7431, KROCC=0.5598, PLCC=0.7543, RMSE=0.1543
Epoch 37 averaged training loss: 1.0301
The current learning rate is 0.000656
Epoch 37 training time cost: 27.5152 seconds
Test results: SROCC=0.6993, KROCC=0.5210, PLCC=0.7146, RMSE=0.1644
Epoch 38 averaged training loss: 1.0255
The current learning rate is 0.000656
Epoch 38 training time cost: 27.4470 seconds
Test results: SROCC=0.7724, KROCC=0.5830, PLCC=0.7765, RMSE=0.1481
Update best model using best_val_criterion 
Update the best Test results: SROCC=0.7724, KROCC=0.5830, PLCC=0.7765, RMSE=0.1481
Epoch 39 averaged training loss: 1.0297
The current learning rate is 0.000656
Epoch 39 training time cost: 27.4822 seconds
Test results: SROCC=0.7386, KROCC=0.5572, PLCC=0.7477, RMSE=0.1560
Epoch 40 averaged training loss: 1.0083
The current learning rate is 0.000590
Epoch 40 training time cost: 27.5256 seconds
Test results: SROCC=0.7740, KROCC=0.5892, PLCC=0.7746, RMSE=0.1486
Update best model using best_val_criterion 
Update the best Test results: SROCC=0.7740, KROCC=0.5892, PLCC=0.7746, RMSE=0.1486
Epoch 41 averaged training loss: 1.0243
The current learning rate is 0.000590
Epoch 41 training time cost: 27.3209 seconds
Test results: SROCC=0.7574, KROCC=0.5620, PLCC=0.7608, RMSE=0.1525
Epoch 42 averaged training loss: 1.0279
The current learning rate is 0.000590
Epoch 42 training time cost: 27.4877 seconds
Test results: SROCC=0.7819, KROCC=0.5927, PLCC=0.7883, RMSE=0.1446
Update best model using best_val_criterion 
Update the best Test results: SROCC=0.7819, KROCC=0.5927, PLCC=0.7883, RMSE=0.1446
Epoch 43 averaged training loss: 1.0070
The current learning rate is 0.000590
Epoch 43 training time cost: 27.5454 seconds
Test results: SROCC=0.7450, KROCC=0.5589, PLCC=0.7525, RMSE=0.1548
Epoch 44 averaged training loss: 1.0255
The current learning rate is 0.000590
Epoch 44 training time cost: 27.5206 seconds
Test results: SROCC=0.7819, KROCC=0.5971, PLCC=0.7960, RMSE=0.1423
Epoch 45 averaged training loss: 1.0281
The current learning rate is 0.000590
Epoch 45 training time cost: 27.4864 seconds
Test results: SROCC=0.7892, KROCC=0.6039, PLCC=0.7976, RMSE=0.1418
Update best model using best_val_criterion 
Update the best Test results: SROCC=0.7892, KROCC=0.6039, PLCC=0.7976, RMSE=0.1418
Epoch 46 averaged training loss: 1.0416
The current learning rate is 0.000590
Epoch 46 training time cost: 27.5323 seconds
Test results: SROCC=0.7069, KROCC=0.5277, PLCC=0.7211, RMSE=0.1628
Epoch 47 averaged training loss: 1.0255
The current learning rate is 0.000590
Epoch 47 training time cost: 27.5330 seconds
Test results: SROCC=0.7699, KROCC=0.5859, PLCC=0.7831, RMSE=0.1461
Epoch 48 averaged training loss: 1.0266
The current learning rate is 0.000531
Epoch 48 training time cost: 27.4235 seconds
Test results: SROCC=0.8128, KROCC=0.6291, PLCC=0.8213, RMSE=0.1341
Update best model using best_val_criterion 
Update the best Test results: SROCC=0.8128, KROCC=0.6291, PLCC=0.8213, RMSE=0.1341
Epoch 49 averaged training loss: 0.9785
The current learning rate is 0.000531
Epoch 49 training time cost: 27.4477 seconds
Test results: SROCC=0.7764, KROCC=0.6000, PLCC=0.7947, RMSE=0.1426
Epoch 50 averaged training loss: 1.0266
The current learning rate is 0.000531
Epoch 50 training time cost: 27.3903 seconds
Test results: SROCC=0.8024, KROCC=0.6161, PLCC=0.8048, RMSE=0.1395
Epoch 51 averaged training loss: 1.0091
The current learning rate is 0.000531
Epoch 51 training time cost: 27.3304 seconds
Test results: SROCC=0.7748, KROCC=0.5784, PLCC=0.7811, RMSE=0.1467
Epoch 52 averaged training loss: 1.0246
The current learning rate is 0.000531
Epoch 52 training time cost: 27.4527 seconds
Test results: SROCC=0.8125, KROCC=0.6387, PLCC=0.8215, RMSE=0.1340
Epoch 53 averaged training loss: 1.0111
The current learning rate is 0.000531
Epoch 53 training time cost: 27.4506 seconds
Test results: SROCC=0.8026, KROCC=0.6141, PLCC=0.8097, RMSE=0.1379
Epoch 54 averaged training loss: 0.9963
The current learning rate is 0.000531
Epoch 54 training time cost: 27.5323 seconds
Test results: SROCC=0.7902, KROCC=0.6074, PLCC=0.7999, RMSE=0.1410
Epoch 55 averaged training loss: 1.0069
The current learning rate is 0.000531
Epoch 55 training time cost: 27.5079 seconds
Test results: SROCC=0.7938, KROCC=0.6120, PLCC=0.8015, RMSE=0.1405
Epoch 56 averaged training loss: 1.0133
The current learning rate is 0.000478
Epoch 56 training time cost: 27.5828 seconds
Test results: SROCC=0.6548, KROCC=0.4791, PLCC=0.6833, RMSE=0.1716
Epoch 57 averaged training loss: 1.0157
The current learning rate is 0.000478
Epoch 57 training time cost: 27.5526 seconds
Test results: SROCC=0.6891, KROCC=0.5300, PLCC=0.7246, RMSE=0.1619
Epoch 58 averaged training loss: 1.0110
The current learning rate is 0.000478
Epoch 58 training time cost: 27.4993 seconds
Test results: SROCC=0.8018, KROCC=0.6094, PLCC=0.8050, RMSE=0.1394
Epoch 59 averaged training loss: 1.0245
The current learning rate is 0.000478
Epoch 59 training time cost: 27.5705 seconds
Test results: SROCC=0.8045, KROCC=0.6231, PLCC=0.8114, RMSE=0.1374
Epoch 60 averaged training loss: 1.0102
The current learning rate is 0.000478
Epoch 60 training time cost: 27.5655 seconds
Test results: SROCC=0.7568, KROCC=0.5778, PLCC=0.7612, RMSE=0.1524
Epoch 61 averaged training loss: 1.0248
The current learning rate is 0.000478
Epoch 61 training time cost: 27.5417 seconds
Test results: SROCC=0.7445, KROCC=0.5704, PLCC=0.7498, RMSE=0.1555
Epoch 62 averaged training loss: 1.0412
The current learning rate is 0.000478
Epoch 62 training time cost: 27.5219 seconds
Test results: SROCC=0.8174, KROCC=0.6363, PLCC=0.8247, RMSE=0.1329
Update best model using best_val_criterion 
Update the best Test results: SROCC=0.8174, KROCC=0.6363, PLCC=0.8247, RMSE=0.1329
Epoch 63 averaged training loss: 1.0196
The current learning rate is 0.000478
Epoch 63 training time cost: 27.5337 seconds
Test results: SROCC=0.7627, KROCC=0.5760, PLCC=0.7782, RMSE=0.1476
Epoch 64 averaged training loss: 0.9790
The current learning rate is 0.000430
Epoch 64 training time cost: 27.5366 seconds
Test results: SROCC=0.7677, KROCC=0.5785, PLCC=0.7801, RMSE=0.1470
Epoch 65 averaged training loss: 1.0251
The current learning rate is 0.000430
Epoch 65 training time cost: 27.5901 seconds
Test results: SROCC=0.8019, KROCC=0.6106, PLCC=0.8095, RMSE=0.1380
Epoch 66 averaged training loss: 1.0219
The current learning rate is 0.000430
Epoch 66 training time cost: 27.5832 seconds
Test results: SROCC=0.7909, KROCC=0.6006, PLCC=0.8018, RMSE=0.1404
Epoch 67 averaged training loss: 1.0202
The current learning rate is 0.000430
Epoch 67 training time cost: 27.5191 seconds
Test results: SROCC=0.8356, KROCC=0.6523, PLCC=0.8380, RMSE=0.1282
Update best model using best_val_criterion 
Update the best Test results: SROCC=0.8356, KROCC=0.6523, PLCC=0.8380, RMSE=0.1282
Epoch 68 averaged training loss: 0.9920
The current learning rate is 0.000430
Epoch 68 training time cost: 27.4147 seconds
Test results: SROCC=0.7797, KROCC=0.5907, PLCC=0.7948, RMSE=0.1426
Epoch 69 averaged training loss: 1.0209
The current learning rate is 0.000430
Epoch 69 training time cost: 27.5016 seconds
Test results: SROCC=0.7294, KROCC=0.5516, PLCC=0.7384, RMSE=0.1585
Epoch 70 averaged training loss: 1.0354
The current learning rate is 0.000430
Epoch 70 training time cost: 27.5131 seconds
Test results: SROCC=0.8031, KROCC=0.6204, PLCC=0.8160, RMSE=0.1358
Epoch 71 averaged training loss: 0.9799
The current learning rate is 0.000430
Epoch 71 training time cost: 27.6176 seconds
Test results: SROCC=0.8001, KROCC=0.6099, PLCC=0.8168, RMSE=0.1356
Epoch 72 averaged training loss: 1.0236
The current learning rate is 0.000387
Epoch 72 training time cost: 27.5048 seconds
Test results: SROCC=0.8494, KROCC=0.6633, PLCC=0.8500, RMSE=0.1238
Update best model using best_val_criterion 
Update the best Test results: SROCC=0.8494, KROCC=0.6633, PLCC=0.8500, RMSE=0.1238
Epoch 73 averaged training loss: 0.9930
The current learning rate is 0.000387
Epoch 73 training time cost: 27.5163 seconds
Test results: SROCC=0.8395, KROCC=0.6495, PLCC=0.8460, RMSE=0.1253
Epoch 74 averaged training loss: 1.0209
The current learning rate is 0.000387
Epoch 74 training time cost: 27.5100 seconds
Test results: SROCC=0.7911, KROCC=0.6089, PLCC=0.7981, RMSE=0.1416
Epoch 75 averaged training loss: 0.9924
The current learning rate is 0.000387
Epoch 75 training time cost: 27.3270 seconds
Test results: SROCC=0.7664, KROCC=0.5774, PLCC=0.7737, RMSE=0.1489
Epoch 76 averaged training loss: 1.0057
The current learning rate is 0.000387
Epoch 76 training time cost: 27.1941 seconds
Test results: SROCC=0.8044, KROCC=0.6166, PLCC=0.8106, RMSE=0.1376
Epoch 77 averaged training loss: 1.0201
The current learning rate is 0.000387
Epoch 77 training time cost: 27.2534 seconds
Test results: SROCC=0.8068, KROCC=0.6203, PLCC=0.8154, RMSE=0.1360
Epoch 78 averaged training loss: 1.0082
The current learning rate is 0.000387
Epoch 78 training time cost: 27.2752 seconds
Test results: SROCC=0.7968, KROCC=0.6166, PLCC=0.7990, RMSE=0.1413
Epoch 79 averaged training loss: 0.9605
The current learning rate is 0.000387
Epoch 79 training time cost: 27.4741 seconds
Test results: SROCC=0.8254, KROCC=0.6448, PLCC=0.8404, RMSE=0.1273
Epoch 80 averaged training loss: 1.0081
The current learning rate is 0.000349
Epoch 80 training time cost: 27.4501 seconds
Test results: SROCC=0.8133, KROCC=0.6395, PLCC=0.8161, RMSE=0.1358
Epoch 81 averaged training loss: 1.0064
The current learning rate is 0.000349
Epoch 81 training time cost: 27.4167 seconds
Test results: SROCC=0.8197, KROCC=0.6277, PLCC=0.8134, RMSE=0.1367
Epoch 82 averaged training loss: 1.0084
The current learning rate is 0.000349
Epoch 82 training time cost: 27.3970 seconds
Test results: SROCC=0.8435, KROCC=0.6645, PLCC=0.8477, RMSE=0.1247
Epoch 83 averaged training loss: 1.0072
The current learning rate is 0.000349
Epoch 83 training time cost: 27.4562 seconds
Test results: SROCC=0.8195, KROCC=0.6284, PLCC=0.8279, RMSE=0.1318
Epoch 84 averaged training loss: 0.9930
The current learning rate is 0.000349
Epoch 84 training time cost: 27.4542 seconds
Test results: SROCC=0.7829, KROCC=0.5924, PLCC=0.7813, RMSE=0.1467
Epoch 85 averaged training loss: 1.0193
The current learning rate is 0.000349
Epoch 85 training time cost: 27.4377 seconds
Test results: SROCC=0.8369, KROCC=0.6538, PLCC=0.8400, RMSE=0.1275
Epoch 86 averaged training loss: 1.0244
The current learning rate is 0.000349
Epoch 86 training time cost: 27.4663 seconds
Test results: SROCC=0.8434, KROCC=0.6572, PLCC=0.8496, RMSE=0.1240
Epoch 87 averaged training loss: 1.0088
The current learning rate is 0.000349
Epoch 87 training time cost: 27.4946 seconds
Test results: SROCC=0.8354, KROCC=0.6502, PLCC=0.8294, RMSE=0.1313
Epoch 88 averaged training loss: 1.0033
The current learning rate is 0.000314
Epoch 88 training time cost: 27.3464 seconds
Test results: SROCC=0.8507, KROCC=0.6731, PLCC=0.8530, RMSE=0.1227
Update best model using best_val_criterion 
Update the best Test results: SROCC=0.8507, KROCC=0.6731, PLCC=0.8530, RMSE=0.1227
Epoch 89 averaged training loss: 1.0215
The current learning rate is 0.000314
Epoch 89 training time cost: 27.3714 seconds
Test results: SROCC=0.8607, KROCC=0.6837, PLCC=0.8624, RMSE=0.1190
Update best model using best_val_criterion 
Update the best Test results: SROCC=0.8607, KROCC=0.6837, PLCC=0.8624, RMSE=0.1190
Epoch 90 averaged training loss: 1.0203
The current learning rate is 0.000314
Epoch 90 training time cost: 27.3183 seconds
Test results: SROCC=0.8535, KROCC=0.6698, PLCC=0.8533, RMSE=0.1225
Epoch 91 averaged training loss: 0.9895
The current learning rate is 0.000314
Epoch 91 training time cost: 27.3861 seconds
Test results: SROCC=0.8268, KROCC=0.6371, PLCC=0.8325, RMSE=0.1302
Epoch 92 averaged training loss: 1.0054
The current learning rate is 0.000314
Epoch 92 training time cost: 27.5084 seconds
Test results: SROCC=0.8418, KROCC=0.6599, PLCC=0.8448, RMSE=0.1257
Epoch 93 averaged training loss: 1.0378
The current learning rate is 0.000314
Epoch 93 training time cost: 27.5051 seconds
Test results: SROCC=0.8268, KROCC=0.6463, PLCC=0.8317, RMSE=0.1305
Epoch 94 averaged training loss: 1.0347
The current learning rate is 0.000314
Epoch 94 training time cost: 27.4328 seconds
Test results: SROCC=0.8300, KROCC=0.6435, PLCC=0.8316, RMSE=0.1305
Epoch 95 averaged training loss: 1.0028
The current learning rate is 0.000314
Epoch 95 training time cost: 27.5563 seconds
Test results: SROCC=0.8487, KROCC=0.6666, PLCC=0.8525, RMSE=0.1229
Epoch 96 averaged training loss: 1.0195
The current learning rate is 0.000282
Epoch 96 training time cost: 27.6097 seconds
Test results: SROCC=0.8420, KROCC=0.6531, PLCC=0.8431, RMSE=0.1264
Epoch 97 averaged training loss: 1.0049
The current learning rate is 0.000282
Epoch 97 training time cost: 27.5392 seconds
Test results: SROCC=0.8461, KROCC=0.6578, PLCC=0.8498, RMSE=0.1239
Epoch 98 averaged training loss: 0.9772
The current learning rate is 0.000282
Epoch 98 training time cost: 27.4355 seconds
Test results: SROCC=0.8072, KROCC=0.6155, PLCC=0.8101, RMSE=0.1378
Epoch 99 averaged training loss: 1.0049
The current learning rate is 0.000282
Epoch 99 training time cost: 27.4272 seconds
Test results: SROCC=0.8469, KROCC=0.6551, PLCC=0.8552, RMSE=0.1218
Epoch 100 averaged training loss: 1.0194
The current learning rate is 0.000282
Epoch 100 training time cost: 27.4149 seconds
Test results: SROCC=0.8611, KROCC=0.6756, PLCC=0.8609, RMSE=0.1196
Update best model using best_val_criterion 
Update the best Test results: SROCC=0.8611, KROCC=0.6756, PLCC=0.8609, RMSE=0.1196
['WPC']
The best Val results: SROCC=0.8611, KROCC=0.6756, PLCC=0.8609, RMSE=0.1196
*************************************************************************************************************************
Using GPU
Starting fold 3/4
Using Adam optimize with initial learning rate of 0.001
^^^^^^^^^^^^^^^^^^^^^^^^^^^^^^^^^^^^^^^^^^^^^^^^^^^^^^^^^^^^^^^^^^^^^^^^^^^^^^^
starting the training
^^^^^^^^^^^^^^^^^^^^^^^^^^^^^^^^^^^^^^^^^^^^^^^^^^^^^^^^^^^^^^^^^^^^^^^^^^^^^^^
Epoch 1 averaged training loss: 27.4906
The current learning rate is 0.001000
Epoch 1 training time cost: 27.2482 seconds
Test results: SROCC=0.1012, KROCC=0.0684, PLCC=0.2340, RMSE=0.2195
Update best model using best_val_criterion 
Update the best Test results: SROCC=0.1012, KROCC=0.0684, PLCC=0.2340, RMSE=0.2195
Epoch 2 averaged training loss: 1.1160
The current learning rate is 0.001000
Epoch 2 training time cost: 27.3075 seconds
Test results: SROCC=0.4570, KROCC=0.3227, PLCC=0.4577, RMSE=0.2007
Update best model using best_val_criterion 
Update the best Test results: SROCC=0.4570, KROCC=0.3227, PLCC=0.4577, RMSE=0.2007
Epoch 3 averaged training loss: 1.1102
The current learning rate is 0.001000
Epoch 3 training time cost: 27.2710 seconds
Test results: SROCC=0.2383, KROCC=0.1555, PLCC=0.2982, RMSE=0.2155
Epoch 4 averaged training loss: 1.0897
The current learning rate is 0.001000
Epoch 4 training time cost: 27.3529 seconds
Test results: SROCC=0.4438, KROCC=0.3203, PLCC=0.4726, RMSE=0.1990
Epoch 5 averaged training loss: 1.1026
The current learning rate is 0.001000
Epoch 5 training time cost: 27.3092 seconds
Test results: SROCC=0.4645, KROCC=0.3321, PLCC=0.4747, RMSE=0.1987
Update best model using best_val_criterion 
Update the best Test results: SROCC=0.4645, KROCC=0.3321, PLCC=0.4747, RMSE=0.1987
Epoch 6 averaged training loss: 1.0762
The current learning rate is 0.001000
Epoch 6 training time cost: 27.3975 seconds
Test results: SROCC=0.3399, KROCC=0.2348, PLCC=0.3465, RMSE=0.2118
Epoch 7 averaged training loss: 1.0653
The current learning rate is 0.001000
Epoch 7 training time cost: 27.3569 seconds
Test results: SROCC=0.5011, KROCC=0.3441, PLCC=0.5125, RMSE=0.1939
Update best model using best_val_criterion 
Update the best Test results: SROCC=0.5011, KROCC=0.3441, PLCC=0.5125, RMSE=0.1939
Epoch 8 averaged training loss: 1.0748
The current learning rate is 0.000900
Epoch 8 training time cost: 27.5184 seconds
Test results: SROCC=0.5112, KROCC=0.3541, PLCC=0.5385, RMSE=0.1902
Update best model using best_val_criterion 
Update the best Test results: SROCC=0.5112, KROCC=0.3541, PLCC=0.5385, RMSE=0.1902
Epoch 9 averaged training loss: 1.0884
The current learning rate is 0.000900
Epoch 9 training time cost: 27.6313 seconds
Test results: SROCC=0.4142, KROCC=0.2711, PLCC=0.4143, RMSE=0.2055
Epoch 10 averaged training loss: 1.0671
The current learning rate is 0.000900
Epoch 10 training time cost: 27.2473 seconds
Test results: SROCC=0.5313, KROCC=0.3664, PLCC=0.5417, RMSE=0.1898
Update best model using best_val_criterion 
Update the best Test results: SROCC=0.5313, KROCC=0.3664, PLCC=0.5417, RMSE=0.1898
Epoch 11 averaged training loss: 1.0493
The current learning rate is 0.000900
Epoch 11 training time cost: 27.2825 seconds
Test results: SROCC=0.5103, KROCC=0.3617, PLCC=0.5320, RMSE=0.1912
Epoch 12 averaged training loss: 1.0449
The current learning rate is 0.000900
Epoch 12 training time cost: 27.3122 seconds
Test results: SROCC=0.5088, KROCC=0.3459, PLCC=0.5321, RMSE=0.1911
Epoch 13 averaged training loss: 1.0616
The current learning rate is 0.000900
Epoch 13 training time cost: 27.3868 seconds
Test results: SROCC=0.6145, KROCC=0.4306, PLCC=0.6200, RMSE=0.1771
Update best model using best_val_criterion 
Update the best Test results: SROCC=0.6145, KROCC=0.4306, PLCC=0.6200, RMSE=0.1771
Epoch 14 averaged training loss: 1.0532
The current learning rate is 0.000900
Epoch 14 training time cost: 27.3152 seconds
Test results: SROCC=0.4836, KROCC=0.3328, PLCC=0.4915, RMSE=0.1966
Epoch 15 averaged training loss: 1.0432
The current learning rate is 0.000900
Epoch 15 training time cost: 27.2951 seconds
Test results: SROCC=0.5816, KROCC=0.4073, PLCC=0.6020, RMSE=0.1803
Epoch 16 averaged training loss: 1.0470
The current learning rate is 0.000810
Epoch 16 training time cost: 27.2860 seconds
Test results: SROCC=0.3797, KROCC=0.2576, PLCC=0.4607, RMSE=0.2004
Epoch 17 averaged training loss: 1.0452
The current learning rate is 0.000810
Epoch 17 training time cost: 27.3799 seconds
Test results: SROCC=0.5883, KROCC=0.4094, PLCC=0.5918, RMSE=0.1820
Epoch 18 averaged training loss: 1.0556
The current learning rate is 0.000810
Epoch 18 training time cost: 27.2896 seconds
Test results: SROCC=0.5523, KROCC=0.3901, PLCC=0.5749, RMSE=0.1847
Epoch 19 averaged training loss: 1.0578
The current learning rate is 0.000810
Epoch 19 training time cost: 27.2603 seconds
Test results: SROCC=0.5383, KROCC=0.3724, PLCC=0.5367, RMSE=0.1905
Epoch 20 averaged training loss: 1.0446
The current learning rate is 0.000810
Epoch 20 training time cost: 27.2041 seconds
Test results: SROCC=0.5135, KROCC=0.3501, PLCC=0.5293, RMSE=0.1915
Epoch 21 averaged training loss: 1.0394
The current learning rate is 0.000810
Epoch 21 training time cost: 27.3406 seconds
Test results: SROCC=0.5834, KROCC=0.4118, PLCC=0.5876, RMSE=0.1827
Epoch 22 averaged training loss: 1.0398
The current learning rate is 0.000810
Epoch 22 training time cost: 27.4909 seconds
Test results: SROCC=0.5125, KROCC=0.3551, PLCC=0.5363, RMSE=0.1905
Epoch 23 averaged training loss: 1.0403
The current learning rate is 0.000810
Epoch 23 training time cost: 27.2835 seconds
Test results: SROCC=0.5718, KROCC=0.4045, PLCC=0.5898, RMSE=0.1823
Epoch 24 averaged training loss: 1.0233
The current learning rate is 0.000729
Epoch 24 training time cost: 27.3221 seconds
Test results: SROCC=0.6302, KROCC=0.4427, PLCC=0.6439, RMSE=0.1727
Update best model using best_val_criterion 
Update the best Test results: SROCC=0.6302, KROCC=0.4427, PLCC=0.6439, RMSE=0.1727
Epoch 25 averaged training loss: 1.0424
The current learning rate is 0.000729
Epoch 25 training time cost: 27.2923 seconds
Test results: SROCC=0.6077, KROCC=0.4328, PLCC=0.6203, RMSE=0.1771
Epoch 26 averaged training loss: 1.0531
The current learning rate is 0.000729
Epoch 26 training time cost: 27.2720 seconds
Test results: SROCC=0.6326, KROCC=0.4471, PLCC=0.6442, RMSE=0.1727
Update best model using best_val_criterion 
Update the best Test results: SROCC=0.6326, KROCC=0.4471, PLCC=0.6442, RMSE=0.1727
Epoch 27 averaged training loss: 1.0415
The current learning rate is 0.000729
Epoch 27 training time cost: 27.2825 seconds
Test results: SROCC=0.5904, KROCC=0.4115, PLCC=0.6010, RMSE=0.1804
Epoch 28 averaged training loss: 1.0375
The current learning rate is 0.000729
Epoch 28 training time cost: 27.2977 seconds
Test results: SROCC=0.6257, KROCC=0.4387, PLCC=0.6402, RMSE=0.1734
Epoch 29 averaged training loss: 1.0384
The current learning rate is 0.000729
Epoch 29 training time cost: 27.3578 seconds
Test results: SROCC=0.5298, KROCC=0.3653, PLCC=0.5519, RMSE=0.1883
Epoch 30 averaged training loss: 1.0363
The current learning rate is 0.000729
Epoch 30 training time cost: 27.2715 seconds
Test results: SROCC=0.6520, KROCC=0.4667, PLCC=0.6573, RMSE=0.1701
Update best model using best_val_criterion 
Update the best Test results: SROCC=0.6520, KROCC=0.4667, PLCC=0.6573, RMSE=0.1701
Epoch 31 averaged training loss: 1.0400
The current learning rate is 0.000729
Epoch 31 training time cost: 27.2734 seconds
Test results: SROCC=0.5922, KROCC=0.4154, PLCC=0.6170, RMSE=0.1777
Epoch 32 averaged training loss: 1.0395
The current learning rate is 0.000656
Epoch 32 training time cost: 27.3187 seconds
Test results: SROCC=0.6446, KROCC=0.4596, PLCC=0.6648, RMSE=0.1687
Epoch 33 averaged training loss: 1.0508
The current learning rate is 0.000656
Epoch 33 training time cost: 27.2738 seconds
Test results: SROCC=0.6629, KROCC=0.4786, PLCC=0.6785, RMSE=0.1658
Update best model using best_val_criterion 
Update the best Test results: SROCC=0.6629, KROCC=0.4786, PLCC=0.6785, RMSE=0.1658
Epoch 34 averaged training loss: 1.0418
The current learning rate is 0.000656
Epoch 34 training time cost: 27.3120 seconds
Test results: SROCC=0.6482, KROCC=0.4589, PLCC=0.6579, RMSE=0.1700
Epoch 35 averaged training loss: 1.0374
The current learning rate is 0.000656
Epoch 35 training time cost: 27.2708 seconds
Test results: SROCC=0.6930, KROCC=0.4974, PLCC=0.6949, RMSE=0.1623
Update best model using best_val_criterion 
Update the best Test results: SROCC=0.6930, KROCC=0.4974, PLCC=0.6949, RMSE=0.1623
Epoch 36 averaged training loss: 1.0338
The current learning rate is 0.000656
Epoch 36 training time cost: 27.2692 seconds
Test results: SROCC=0.6324, KROCC=0.4479, PLCC=0.6353, RMSE=0.1743
Epoch 37 averaged training loss: 1.0339
The current learning rate is 0.000656
Epoch 37 training time cost: 27.2789 seconds
Test results: SROCC=0.5692, KROCC=0.3968, PLCC=0.5822, RMSE=0.1835
Epoch 38 averaged training loss: 1.0537
The current learning rate is 0.000656
Epoch 38 training time cost: 27.4112 seconds
Test results: SROCC=0.6563, KROCC=0.4790, PLCC=0.6714, RMSE=0.1673
Epoch 39 averaged training loss: 1.0410
The current learning rate is 0.000656
Epoch 39 training time cost: 27.3850 seconds
Test results: SROCC=0.6839, KROCC=0.4884, PLCC=0.6832, RMSE=0.1649
Epoch 40 averaged training loss: 1.0463
The current learning rate is 0.000590
Epoch 40 training time cost: 27.4394 seconds
Test results: SROCC=0.5931, KROCC=0.4174, PLCC=0.6116, RMSE=0.1786
Epoch 41 averaged training loss: 1.0359
The current learning rate is 0.000590
Epoch 41 training time cost: 27.4893 seconds
Test results: SROCC=0.6364, KROCC=0.4535, PLCC=0.6511, RMSE=0.1714
Epoch 42 averaged training loss: 1.0211
The current learning rate is 0.000590
Epoch 42 training time cost: 27.2994 seconds
Test results: SROCC=0.6492, KROCC=0.4591, PLCC=0.6518, RMSE=0.1712
Epoch 43 averaged training loss: 1.0344
The current learning rate is 0.000590
Epoch 43 training time cost: 27.2686 seconds
Test results: SROCC=0.7600, KROCC=0.5549, PLCC=0.7617, RMSE=0.1463
Update best model using best_val_criterion 
Update the best Test results: SROCC=0.7600, KROCC=0.5549, PLCC=0.7617, RMSE=0.1463
Epoch 44 averaged training loss: 1.0322
The current learning rate is 0.000590
Epoch 44 training time cost: 27.1772 seconds
Test results: SROCC=0.7247, KROCC=0.5275, PLCC=0.7241, RMSE=0.1557
Epoch 45 averaged training loss: 1.0310
The current learning rate is 0.000590
Epoch 45 training time cost: 27.2268 seconds
Test results: SROCC=0.6886, KROCC=0.4958, PLCC=0.6972, RMSE=0.1619
Epoch 46 averaged training loss: 1.0374
The current learning rate is 0.000590
Epoch 46 training time cost: 27.3620 seconds
Test results: SROCC=0.7233, KROCC=0.5246, PLCC=0.7279, RMSE=0.1548
Epoch 47 averaged training loss: 1.0327
The current learning rate is 0.000590
Epoch 47 training time cost: 27.2995 seconds
Test results: SROCC=0.5299, KROCC=0.3725, PLCC=0.5640, RMSE=0.1864
Epoch 48 averaged training loss: 1.0533
The current learning rate is 0.000531
Epoch 48 training time cost: 27.2989 seconds
Test results: SROCC=0.7351, KROCC=0.5403, PLCC=0.7407, RMSE=0.1517
Epoch 49 averaged training loss: 1.0358
The current learning rate is 0.000531
Epoch 49 training time cost: 27.4199 seconds
Test results: SROCC=0.6954, KROCC=0.5089, PLCC=0.7063, RMSE=0.1598
Epoch 50 averaged training loss: 1.0473
The current learning rate is 0.000531
Epoch 50 training time cost: 27.3672 seconds
Test results: SROCC=0.6958, KROCC=0.5002, PLCC=0.7011, RMSE=0.1610
Epoch 51 averaged training loss: 1.0341
The current learning rate is 0.000531
Epoch 51 training time cost: 27.3921 seconds
Test results: SROCC=0.6955, KROCC=0.5018, PLCC=0.6973, RMSE=0.1618
Epoch 52 averaged training loss: 1.0347
The current learning rate is 0.000531
Epoch 52 training time cost: 27.4087 seconds
Test results: SROCC=0.6594, KROCC=0.4747, PLCC=0.6711, RMSE=0.1674
Epoch 53 averaged training loss: 1.0211
The current learning rate is 0.000531
Epoch 53 training time cost: 27.1873 seconds
Test results: SROCC=0.7252, KROCC=0.5341, PLCC=0.7326, RMSE=0.1537
Epoch 54 averaged training loss: 1.0335
The current learning rate is 0.000531
Epoch 54 training time cost: 27.0653 seconds
Test results: SROCC=0.6826, KROCC=0.4878, PLCC=0.6927, RMSE=0.1628
Epoch 55 averaged training loss: 1.0330
The current learning rate is 0.000531
Epoch 55 training time cost: 27.1242 seconds
Test results: SROCC=0.6451, KROCC=0.4608, PLCC=0.6556, RMSE=0.1705
Epoch 56 averaged training loss: 1.0195
The current learning rate is 0.000478
Epoch 56 training time cost: 27.0880 seconds
Test results: SROCC=0.5673, KROCC=0.4100, PLCC=0.5702, RMSE=0.1855
Epoch 57 averaged training loss: 1.0317
The current learning rate is 0.000478
Epoch 57 training time cost: 27.2752 seconds
Test results: SROCC=0.6205, KROCC=0.4510, PLCC=0.6157, RMSE=0.1779
Epoch 58 averaged training loss: 1.0325
The current learning rate is 0.000478
Epoch 58 training time cost: 27.4029 seconds
Test results: SROCC=0.7041, KROCC=0.5159, PLCC=0.7056, RMSE=0.1600
Epoch 59 averaged training loss: 1.0483
The current learning rate is 0.000478
Epoch 59 training time cost: 27.4227 seconds
Test results: SROCC=0.7381, KROCC=0.5442, PLCC=0.7546, RMSE=0.1482
Epoch 60 averaged training loss: 1.0299
The current learning rate is 0.000478
Epoch 60 training time cost: 27.3770 seconds
Test results: SROCC=0.7052, KROCC=0.5196, PLCC=0.7122, RMSE=0.1585
Epoch 61 averaged training loss: 1.0290
The current learning rate is 0.000478
Epoch 61 training time cost: 27.3057 seconds
Test results: SROCC=0.7613, KROCC=0.5683, PLCC=0.7600, RMSE=0.1467
Update best model using best_val_criterion 
Update the best Test results: SROCC=0.7613, KROCC=0.5683, PLCC=0.7600, RMSE=0.1467
Epoch 62 averaged training loss: 1.0330
The current learning rate is 0.000478
Epoch 62 training time cost: 27.1353 seconds
Test results: SROCC=0.7905, KROCC=0.5987, PLCC=0.7886, RMSE=0.1388
Update best model using best_val_criterion 
Update the best Test results: SROCC=0.7905, KROCC=0.5987, PLCC=0.7886, RMSE=0.1388
Epoch 63 averaged training loss: 1.0328
The current learning rate is 0.000478
Epoch 63 training time cost: 27.1108 seconds
Test results: SROCC=0.6706, KROCC=0.4910, PLCC=0.6786, RMSE=0.1658
Epoch 64 averaged training loss: 1.0168
The current learning rate is 0.000430
Epoch 64 training time cost: 27.2815 seconds
Test results: SROCC=0.7737, KROCC=0.5726, PLCC=0.7789, RMSE=0.1416
Epoch 65 averaged training loss: 1.0257
The current learning rate is 0.000430
Epoch 65 training time cost: 27.3192 seconds
Test results: SROCC=0.6548, KROCC=0.4719, PLCC=0.6538, RMSE=0.1708
Epoch 66 averaged training loss: 1.0314
The current learning rate is 0.000430
Epoch 66 training time cost: 27.2708 seconds
Test results: SROCC=0.6895, KROCC=0.5004, PLCC=0.6952, RMSE=0.1623
Epoch 67 averaged training loss: 1.0338
The current learning rate is 0.000430
Epoch 67 training time cost: 27.2946 seconds
Test results: SROCC=0.7348, KROCC=0.5448, PLCC=0.7400, RMSE=0.1519
Epoch 68 averaged training loss: 1.0352
The current learning rate is 0.000430
Epoch 68 training time cost: 27.1953 seconds
Test results: SROCC=0.7257, KROCC=0.5314, PLCC=0.7322, RMSE=0.1538
Epoch 69 averaged training loss: 1.0290
The current learning rate is 0.000430
Epoch 69 training time cost: 27.0377 seconds
Test results: SROCC=0.7226, KROCC=0.5343, PLCC=0.7289, RMSE=0.1546
Epoch 70 averaged training loss: 1.0263
The current learning rate is 0.000430
Epoch 70 training time cost: 27.0930 seconds
Test results: SROCC=0.6839, KROCC=0.5002, PLCC=0.6927, RMSE=0.1628
Epoch 71 averaged training loss: 1.0256
The current learning rate is 0.000430
Epoch 71 training time cost: 27.4156 seconds
Test results: SROCC=0.5641, KROCC=0.4137, PLCC=0.5830, RMSE=0.1834
Epoch 72 averaged training loss: 1.0429
The current learning rate is 0.000387
Epoch 72 training time cost: 27.3767 seconds
Test results: SROCC=0.6891, KROCC=0.5026, PLCC=0.7095, RMSE=0.1591
Epoch 73 averaged training loss: 1.0122
The current learning rate is 0.000387
Epoch 73 training time cost: 27.3908 seconds
Test results: SROCC=0.7370, KROCC=0.5335, PLCC=0.7342, RMSE=0.1533
Epoch 74 averaged training loss: 1.0278
The current learning rate is 0.000387
Epoch 74 training time cost: 27.3834 seconds
Test results: SROCC=0.7490, KROCC=0.5580, PLCC=0.7568, RMSE=0.1476
Epoch 75 averaged training loss: 1.0253
The current learning rate is 0.000387
Epoch 75 training time cost: 27.4146 seconds
Test results: SROCC=0.7755, KROCC=0.5751, PLCC=0.7767, RMSE=0.1422
Epoch 76 averaged training loss: 1.0336
The current learning rate is 0.000387
Epoch 76 training time cost: 27.2658 seconds
Test results: SROCC=0.7603, KROCC=0.5571, PLCC=0.7617, RMSE=0.1463
Epoch 77 averaged training loss: 1.0411
The current learning rate is 0.000387
Epoch 77 training time cost: 27.2945 seconds
Test results: SROCC=0.7437, KROCC=0.5486, PLCC=0.7514, RMSE=0.1490
Epoch 78 averaged training loss: 1.0422
The current learning rate is 0.000387
Epoch 78 training time cost: 27.2476 seconds
Test results: SROCC=0.7961, KROCC=0.5964, PLCC=0.7942, RMSE=0.1372
Update best model using best_val_criterion 
Update the best Test results: SROCC=0.7961, KROCC=0.5964, PLCC=0.7942, RMSE=0.1372
Epoch 79 averaged training loss: 1.0248
The current learning rate is 0.000387
Epoch 79 training time cost: 27.2875 seconds
Test results: SROCC=0.7722, KROCC=0.5771, PLCC=0.7817, RMSE=0.1408
Epoch 80 averaged training loss: 1.0267
The current learning rate is 0.000349
Epoch 80 training time cost: 27.3317 seconds
Test results: SROCC=0.7089, KROCC=0.5170, PLCC=0.7255, RMSE=0.1554
Epoch 81 averaged training loss: 1.0275
The current learning rate is 0.000349
Epoch 81 training time cost: 27.3007 seconds
Test results: SROCC=0.7626, KROCC=0.5733, PLCC=0.7709, RMSE=0.1438
Epoch 82 averaged training loss: 0.9931
The current learning rate is 0.000349
Epoch 82 training time cost: 27.3052 seconds
Test results: SROCC=0.7609, KROCC=0.5675, PLCC=0.7730, RMSE=0.1432
Epoch 83 averaged training loss: 1.0109
The current learning rate is 0.000349
Epoch 83 training time cost: 27.2342 seconds
Test results: SROCC=0.7559, KROCC=0.5647, PLCC=0.7619, RMSE=0.1462
Epoch 84 averaged training loss: 1.0111
The current learning rate is 0.000349
Epoch 84 training time cost: 27.3217 seconds
Test results: SROCC=0.6673, KROCC=0.4854, PLCC=0.6772, RMSE=0.1661
Epoch 85 averaged training loss: 2.2858
The current learning rate is 0.000349
Epoch 85 training time cost: 27.2826 seconds
Test results: SROCC=0.2049, KROCC=0.1376, PLCC=0.2093, RMSE=0.2208
Epoch 86 averaged training loss: 1.0649
The current learning rate is 0.000349
Epoch 86 training time cost: 27.2526 seconds
Test results: SROCC=0.3591, KROCC=0.2411, PLCC=0.3588, RMSE=0.2107
Epoch 87 averaged training loss: 1.0443
The current learning rate is 0.000349
Epoch 87 training time cost: 27.2771 seconds
Test results: SROCC=0.4992, KROCC=0.3428, PLCC=0.5263, RMSE=0.1920
Epoch 88 averaged training loss: 1.0485
The current learning rate is 0.000314
Epoch 88 training time cost: 27.2625 seconds
Test results: SROCC=0.3162, KROCC=0.2230, PLCC=0.3612, RMSE=0.2105
Epoch 89 averaged training loss: 1.0434
The current learning rate is 0.000314
Epoch 89 training time cost: 27.1669 seconds
Test results: SROCC=0.4455, KROCC=0.3172, PLCC=0.4824, RMSE=0.1978
Epoch 90 averaged training loss: 1.0404
The current learning rate is 0.000314
Epoch 90 training time cost: 27.0166 seconds
Test results: SROCC=0.5449, KROCC=0.3817, PLCC=0.5510, RMSE=0.1884
Epoch 91 averaged training loss: 1.0379
The current learning rate is 0.000314
Epoch 91 training time cost: 27.0273 seconds
Test results: SROCC=0.6097, KROCC=0.4296, PLCC=0.6197, RMSE=0.1772
Epoch 92 averaged training loss: 1.0371
The current learning rate is 0.000314
Epoch 92 training time cost: 27.0379 seconds
Test results: SROCC=0.5178, KROCC=0.3619, PLCC=0.5317, RMSE=0.1912
Epoch 93 averaged training loss: 1.0363
The current learning rate is 0.000314
Epoch 93 training time cost: 27.1863 seconds
Test results: SROCC=0.5286, KROCC=0.3663, PLCC=0.5436, RMSE=0.1895
Epoch 94 averaged training loss: 1.0338
The current learning rate is 0.000314
Epoch 94 training time cost: 27.3362 seconds
Test results: SROCC=0.5758, KROCC=0.4154, PLCC=0.6000, RMSE=0.1806
Epoch 95 averaged training loss: 1.0367
The current learning rate is 0.000314
Epoch 95 training time cost: 27.3011 seconds
Test results: SROCC=0.5465, KROCC=0.3846, PLCC=0.5711, RMSE=0.1853
Epoch 96 averaged training loss: 1.0356
The current learning rate is 0.000282
Epoch 96 training time cost: 27.3063 seconds
Test results: SROCC=0.5991, KROCC=0.4204, PLCC=0.6046, RMSE=0.1798
Epoch 97 averaged training loss: 1.0347
The current learning rate is 0.000282
Epoch 97 training time cost: 27.2808 seconds
Test results: SROCC=0.6291, KROCC=0.4498, PLCC=0.6404, RMSE=0.1734
Epoch 98 averaged training loss: 1.0314
The current learning rate is 0.000282
Epoch 98 training time cost: 27.3353 seconds
Test results: SROCC=0.6121, KROCC=0.4415, PLCC=0.6397, RMSE=0.1735
Epoch 99 averaged training loss: 1.0494
The current learning rate is 0.000282
Epoch 99 training time cost: 27.2546 seconds
Test results: SROCC=0.3626, KROCC=0.2577, PLCC=0.4695, RMSE=0.1993
Epoch 100 averaged training loss: 1.0508
The current learning rate is 0.000282
Epoch 100 training time cost: 27.2530 seconds
Test results: SROCC=0.4971, KROCC=0.3390, PLCC=0.5345, RMSE=0.1908
['WPC']
The best Val results: SROCC=0.7961, KROCC=0.5964, PLCC=0.7942, RMSE=0.1372
*************************************************************************************************************************
Using GPU
Starting fold 4/4
Using Adam optimize with initial learning rate of 0.001
^^^^^^^^^^^^^^^^^^^^^^^^^^^^^^^^^^^^^^^^^^^^^^^^^^^^^^^^^^^^^^^^^^^^^^^^^^^^^^^
starting the training
^^^^^^^^^^^^^^^^^^^^^^^^^^^^^^^^^^^^^^^^^^^^^^^^^^^^^^^^^^^^^^^^^^^^^^^^^^^^^^^
Epoch 1 averaged training loss: 27.6146
The current learning rate is 0.001000
Epoch 1 training time cost: 27.4061 seconds
Test results: SROCC=0.2242, KROCC=0.1506, PLCC=0.2916, RMSE=0.2185
Update best model using best_val_criterion 
Update the best Test results: SROCC=0.2242, KROCC=0.1506, PLCC=0.2916, RMSE=0.2185
Epoch 2 averaged training loss: 1.1061
The current learning rate is 0.001000
Epoch 2 training time cost: 27.2723 seconds
Test results: SROCC=0.1061, KROCC=0.0641, PLCC=0.1969, RMSE=0.2239
Epoch 3 averaged training loss: 1.0788
The current learning rate is 0.001000
Epoch 3 training time cost: 27.3598 seconds
Test results: SROCC=0.3860, KROCC=0.2641, PLCC=0.4338, RMSE=0.2058
Update best model using best_val_criterion 
Update the best Test results: SROCC=0.3860, KROCC=0.2641, PLCC=0.4338, RMSE=0.2058
Epoch 4 averaged training loss: 1.0742
The current learning rate is 0.001000
Epoch 4 training time cost: 27.2190 seconds
Test results: SROCC=0.1983, KROCC=0.1304, PLCC=0.2577, RMSE=0.2207
Epoch 5 averaged training loss: 1.0703
The current learning rate is 0.001000
Epoch 5 training time cost: 27.2915 seconds
Test results: SROCC=0.2573, KROCC=0.1713, PLCC=0.3604, RMSE=0.2130
Epoch 6 averaged training loss: 1.0534
The current learning rate is 0.001000
Epoch 6 training time cost: 27.2647 seconds
Test results: SROCC=0.4044, KROCC=0.2760, PLCC=0.4208, RMSE=0.2072
Update best model using best_val_criterion 
Update the best Test results: SROCC=0.4044, KROCC=0.2760, PLCC=0.4208, RMSE=0.2072
Epoch 7 averaged training loss: 1.0651
The current learning rate is 0.001000
Epoch 7 training time cost: 27.2363 seconds
Test results: SROCC=0.3968, KROCC=0.2680, PLCC=0.4273, RMSE=0.2065
Epoch 8 averaged training loss: 1.0842
The current learning rate is 0.000900
Epoch 8 training time cost: 27.3015 seconds
Test results: SROCC=0.1045, KROCC=0.0701, PLCC=0.2089, RMSE=0.2233
Epoch 9 averaged training loss: 1.0640
The current learning rate is 0.000900
Epoch 9 training time cost: 27.2341 seconds
Test results: SROCC=0.3679, KROCC=0.2554, PLCC=0.3823, RMSE=0.2110
Epoch 10 averaged training loss: 1.0724
The current learning rate is 0.000900
Epoch 10 training time cost: 27.2143 seconds
Test results: SROCC=0.3955, KROCC=0.2653, PLCC=0.4324, RMSE=0.2059
Epoch 11 averaged training loss: 1.0673
The current learning rate is 0.000900
Epoch 11 training time cost: 27.2418 seconds
Test results: SROCC=0.4580, KROCC=0.3180, PLCC=0.4694, RMSE=0.2017
Update best model using best_val_criterion 
Update the best Test results: SROCC=0.4580, KROCC=0.3180, PLCC=0.4694, RMSE=0.2017
Epoch 12 averaged training loss: 1.0691
The current learning rate is 0.000900
Epoch 12 training time cost: 27.2624 seconds
Test results: SROCC=0.3570, KROCC=0.2477, PLCC=0.3674, RMSE=0.2124
Epoch 13 averaged training loss: 1.0581
The current learning rate is 0.000900
Epoch 13 training time cost: 27.3827 seconds
Test results: SROCC=0.4804, KROCC=0.3282, PLCC=0.4979, RMSE=0.1981
Update best model using best_val_criterion 
Update the best Test results: SROCC=0.4804, KROCC=0.3282, PLCC=0.4979, RMSE=0.1981
Epoch 14 averaged training loss: 1.0594
The current learning rate is 0.000900
Epoch 14 training time cost: 27.2570 seconds
Test results: SROCC=0.4957, KROCC=0.3487, PLCC=0.5357, RMSE=0.1928
Update best model using best_val_criterion 
Update the best Test results: SROCC=0.4957, KROCC=0.3487, PLCC=0.5357, RMSE=0.1928
Epoch 15 averaged training loss: 1.0565
The current learning rate is 0.000900
Epoch 15 training time cost: 27.3114 seconds
Test results: SROCC=0.3984, KROCC=0.2713, PLCC=0.4276, RMSE=0.2065
Epoch 16 averaged training loss: 1.0276
The current learning rate is 0.000810
Epoch 16 training time cost: 27.2283 seconds
Test results: SROCC=0.4721, KROCC=0.3295, PLCC=0.4828, RMSE=0.2000
Epoch 17 averaged training loss: 1.0591
The current learning rate is 0.000810
Epoch 17 training time cost: 27.2570 seconds
Test results: SROCC=0.5267, KROCC=0.3673, PLCC=0.5347, RMSE=0.1930
Update best model using best_val_criterion 
Update the best Test results: SROCC=0.5267, KROCC=0.3673, PLCC=0.5347, RMSE=0.1930
Epoch 18 averaged training loss: 1.0615
The current learning rate is 0.000810
Epoch 18 training time cost: 27.2712 seconds
Test results: SROCC=0.5265, KROCC=0.3680, PLCC=0.5388, RMSE=0.1924
Epoch 19 averaged training loss: 1.0412
The current learning rate is 0.000810
Epoch 19 training time cost: 27.3141 seconds
Test results: SROCC=0.5141, KROCC=0.3640, PLCC=0.5369, RMSE=0.1927
Epoch 20 averaged training loss: 1.0434
The current learning rate is 0.000810
Epoch 20 training time cost: 27.1610 seconds
Test results: SROCC=0.4700, KROCC=0.3244, PLCC=0.4950, RMSE=0.1984
Epoch 21 averaged training loss: 1.0553
The current learning rate is 0.000810
Epoch 21 training time cost: 27.0814 seconds
Test results: SROCC=0.5455, KROCC=0.3868, PLCC=0.5645, RMSE=0.1885
Update best model using best_val_criterion 
Update the best Test results: SROCC=0.5455, KROCC=0.3868, PLCC=0.5645, RMSE=0.1885
Epoch 22 averaged training loss: 1.0567
The current learning rate is 0.000810
Epoch 22 training time cost: 27.0672 seconds
Test results: SROCC=0.4665, KROCC=0.3226, PLCC=0.5031, RMSE=0.1974
Epoch 23 averaged training loss: 1.0583
The current learning rate is 0.000810
Epoch 23 training time cost: 27.1447 seconds
Test results: SROCC=0.4773, KROCC=0.3367, PLCC=0.5129, RMSE=0.1961
Epoch 24 averaged training loss: 1.0534
The current learning rate is 0.000729
Epoch 24 training time cost: 27.1669 seconds
Test results: SROCC=0.5012, KROCC=0.3597, PLCC=0.5516, RMSE=0.1905
Epoch 25 averaged training loss: 1.0537
The current learning rate is 0.000729
Epoch 25 training time cost: 27.1643 seconds
Test results: SROCC=0.5563, KROCC=0.3942, PLCC=0.5710, RMSE=0.1875
Update best model using best_val_criterion 
Update the best Test results: SROCC=0.5563, KROCC=0.3942, PLCC=0.5710, RMSE=0.1875
Epoch 26 averaged training loss: 1.0514
The current learning rate is 0.000729
Epoch 26 training time cost: 27.0433 seconds
Test results: SROCC=0.5417, KROCC=0.3769, PLCC=0.5788, RMSE=0.1862
Epoch 27 averaged training loss: 1.0389
The current learning rate is 0.000729
Epoch 27 training time cost: 26.9992 seconds
Test results: SROCC=0.4979, KROCC=0.3437, PLCC=0.5185, RMSE=0.1953
Epoch 28 averaged training loss: 1.0524
The current learning rate is 0.000729
Epoch 28 training time cost: 27.1871 seconds
Test results: SROCC=0.5705, KROCC=0.4025, PLCC=0.5870, RMSE=0.1849
Update best model using best_val_criterion 
Update the best Test results: SROCC=0.5705, KROCC=0.4025, PLCC=0.5870, RMSE=0.1849
Epoch 29 averaged training loss: 1.0567
The current learning rate is 0.000729
Epoch 29 training time cost: 27.3075 seconds
Test results: SROCC=0.5512, KROCC=0.3870, PLCC=0.5639, RMSE=0.1886
Epoch 30 averaged training loss: 1.0513
The current learning rate is 0.000729
Epoch 30 training time cost: 27.1970 seconds
Test results: SROCC=0.4806, KROCC=0.3282, PLCC=0.5061, RMSE=0.1970
Epoch 31 averaged training loss: 1.0557
The current learning rate is 0.000729
Epoch 31 training time cost: 27.1936 seconds
Test results: SROCC=0.5620, KROCC=0.3936, PLCC=0.5798, RMSE=0.1861
Epoch 32 averaged training loss: 1.0375
The current learning rate is 0.000656
Epoch 32 training time cost: 27.2446 seconds
Test results: SROCC=0.4454, KROCC=0.3111, PLCC=0.4909, RMSE=0.1990
Epoch 33 averaged training loss: 1.0382
The current learning rate is 0.000656
Epoch 33 training time cost: 27.2565 seconds
Test results: SROCC=0.5622, KROCC=0.4057, PLCC=0.5854, RMSE=0.1852
Epoch 34 averaged training loss: 1.0379
The current learning rate is 0.000656
Epoch 34 training time cost: 27.2422 seconds
Test results: SROCC=0.5107, KROCC=0.3547, PLCC=0.5336, RMSE=0.1932
Epoch 35 averaged training loss: 1.0520
The current learning rate is 0.000656
Epoch 35 training time cost: 27.2868 seconds
Test results: SROCC=0.5134, KROCC=0.3660, PLCC=0.5355, RMSE=0.1929
Epoch 36 averaged training loss: 1.0394
The current learning rate is 0.000656
Epoch 36 training time cost: 27.2830 seconds
Test results: SROCC=0.4975, KROCC=0.3489, PLCC=0.5209, RMSE=0.1950
Epoch 37 averaged training loss: 1.0533
The current learning rate is 0.000656
Epoch 37 training time cost: 27.1276 seconds
Test results: SROCC=0.5643, KROCC=0.3907, PLCC=0.5758, RMSE=0.1867
Epoch 38 averaged training loss: 1.0400
The current learning rate is 0.000656
Epoch 38 training time cost: 27.1404 seconds
Test results: SROCC=0.4954, KROCC=0.3507, PLCC=0.4960, RMSE=0.1983
Epoch 39 averaged training loss: 1.0387
The current learning rate is 0.000656
Epoch 39 training time cost: 27.0527 seconds
Test results: SROCC=0.5745, KROCC=0.4048, PLCC=0.5956, RMSE=0.1835
Update best model using best_val_criterion 
Update the best Test results: SROCC=0.5745, KROCC=0.4048, PLCC=0.5956, RMSE=0.1835
Epoch 40 averaged training loss: 1.0388
The current learning rate is 0.000590
Epoch 40 training time cost: 27.1425 seconds
Test results: SROCC=0.5331, KROCC=0.3787, PLCC=0.5732, RMSE=0.1872
Epoch 41 averaged training loss: 1.0355
The current learning rate is 0.000590
Epoch 41 training time cost: 27.0893 seconds
Test results: SROCC=0.5477, KROCC=0.3868, PLCC=0.5680, RMSE=0.1880
Epoch 42 averaged training loss: 1.0067
The current learning rate is 0.000590
Epoch 42 training time cost: 27.1908 seconds
Test results: SROCC=0.4853, KROCC=0.3424, PLCC=0.5355, RMSE=0.1929
Epoch 43 averaged training loss: 1.0589
The current learning rate is 0.000590
Epoch 43 training time cost: 27.2027 seconds
Test results: SROCC=0.4491, KROCC=0.3087, PLCC=0.4675, RMSE=0.2019
Epoch 44 averaged training loss: 1.0376
The current learning rate is 0.000590
Epoch 44 training time cost: 27.1719 seconds
Test results: SROCC=0.5153, KROCC=0.3615, PLCC=0.5293, RMSE=0.1938
Epoch 45 averaged training loss: 1.0386
The current learning rate is 0.000590
Epoch 45 training time cost: 27.1448 seconds
Test results: SROCC=0.6022, KROCC=0.4372, PLCC=0.6246, RMSE=0.1784
Update best model using best_val_criterion 
Update the best Test results: SROCC=0.6022, KROCC=0.4372, PLCC=0.6246, RMSE=0.1784
Epoch 46 averaged training loss: 1.0476
The current learning rate is 0.000590
Epoch 46 training time cost: 27.0035 seconds
Test results: SROCC=0.4076, KROCC=0.2840, PLCC=0.4780, RMSE=0.2006
Epoch 47 averaged training loss: 1.0524
The current learning rate is 0.000590
Epoch 47 training time cost: 27.2071 seconds
Test results: SROCC=0.5932, KROCC=0.4290, PLCC=0.6083, RMSE=0.1813
Epoch 48 averaged training loss: 1.0542
The current learning rate is 0.000531
Epoch 48 training time cost: 27.1786 seconds
Test results: SROCC=0.5828, KROCC=0.4168, PLCC=0.6011, RMSE=0.1825
Epoch 49 averaged training loss: 1.0506
The current learning rate is 0.000531
Epoch 49 training time cost: 27.2027 seconds
Test results: SROCC=0.5570, KROCC=0.3965, PLCC=0.5914, RMSE=0.1842
Epoch 50 averaged training loss: 1.0372
The current learning rate is 0.000531
Epoch 50 training time cost: 27.2058 seconds
Test results: SROCC=0.3212, KROCC=0.2354, PLCC=0.4352, RMSE=0.2056
Epoch 51 averaged training loss: 1.0523
The current learning rate is 0.000531
Epoch 51 training time cost: 27.2679 seconds
Test results: SROCC=0.6019, KROCC=0.4325, PLCC=0.6226, RMSE=0.1787
Epoch 52 averaged training loss: 1.0522
The current learning rate is 0.000531
Epoch 52 training time cost: 27.8096 seconds
Test results: SROCC=0.3211, KROCC=0.2328, PLCC=0.4106, RMSE=0.2082
Epoch 53 averaged training loss: 1.0370
The current learning rate is 0.000531
Epoch 53 training time cost: 28.1517 seconds
Test results: SROCC=0.5502, KROCC=0.3883, PLCC=0.5549, RMSE=0.1900
Epoch 54 averaged training loss: 1.0524
The current learning rate is 0.000531
Epoch 54 training time cost: 27.3058 seconds
Test results: SROCC=0.6130, KROCC=0.4418, PLCC=0.6271, RMSE=0.1779
Update best model using best_val_criterion 
Update the best Test results: SROCC=0.6130, KROCC=0.4418, PLCC=0.6271, RMSE=0.1779
Epoch 55 averaged training loss: 1.0216
The current learning rate is 0.000531
Epoch 55 training time cost: 27.1110 seconds
Test results: SROCC=0.5702, KROCC=0.4060, PLCC=0.5873, RMSE=0.1849
Epoch 56 averaged training loss: 1.0508
The current learning rate is 0.000478
Epoch 56 training time cost: 27.2883 seconds
Test results: SROCC=0.6012, KROCC=0.4288, PLCC=0.6118, RMSE=0.1806
Epoch 57 averaged training loss: 1.0509
The current learning rate is 0.000478
Epoch 57 training time cost: 27.3357 seconds
Test results: SROCC=0.5676, KROCC=0.4043, PLCC=0.5834, RMSE=0.1855
Epoch 58 averaged training loss: 1.0424
The current learning rate is 0.000478
Epoch 58 training time cost: 27.3171 seconds
Test results: SROCC=0.5881, KROCC=0.4206, PLCC=0.6109, RMSE=0.1808
Epoch 59 averaged training loss: 1.0394
The current learning rate is 0.000478
Epoch 59 training time cost: 27.3000 seconds
Test results: SROCC=0.6104, KROCC=0.4357, PLCC=0.6201, RMSE=0.1792
Epoch 60 averaged training loss: 1.0512
The current learning rate is 0.000478
Epoch 60 training time cost: 27.3016 seconds
Test results: SROCC=0.5702, KROCC=0.4064, PLCC=0.5864, RMSE=0.1850
Epoch 61 averaged training loss: 1.0484
The current learning rate is 0.000478
Epoch 61 training time cost: 27.2700 seconds
Test results: SROCC=0.5306, KROCC=0.3830, PLCC=0.5530, RMSE=0.1903
Epoch 62 averaged training loss: 1.0508
The current learning rate is 0.000478
Epoch 62 training time cost: 27.3267 seconds
Test results: SROCC=0.5559, KROCC=0.3933, PLCC=0.5711, RMSE=0.1875
Epoch 63 averaged training loss: 1.0522
The current learning rate is 0.000478
Epoch 63 training time cost: 27.2730 seconds
Test results: SROCC=0.6349, KROCC=0.4620, PLCC=0.6538, RMSE=0.1728
Update best model using best_val_criterion 
Update the best Test results: SROCC=0.6349, KROCC=0.4620, PLCC=0.6538, RMSE=0.1728
Epoch 64 averaged training loss: 1.0514
The current learning rate is 0.000430
Epoch 64 training time cost: 27.3389 seconds
Test results: SROCC=0.6195, KROCC=0.4495, PLCC=0.6568, RMSE=0.1722
Epoch 65 averaged training loss: 1.0482
The current learning rate is 0.000430
Epoch 65 training time cost: 27.3063 seconds
Test results: SROCC=0.6349, KROCC=0.4620, PLCC=0.6516, RMSE=0.1732
Update best model using best_val_criterion 
Update the best Test results: SROCC=0.6349, KROCC=0.4620, PLCC=0.6516, RMSE=0.1732
Epoch 66 averaged training loss: 1.0487
The current learning rate is 0.000430
Epoch 66 training time cost: 27.1884 seconds
Test results: SROCC=0.6098, KROCC=0.4427, PLCC=0.6459, RMSE=0.1744
Epoch 67 averaged training loss: 1.0374
The current learning rate is 0.000430
Epoch 67 training time cost: 27.3616 seconds
Test results: SROCC=0.5292, KROCC=0.3824, PLCC=0.5573, RMSE=0.1896
Epoch 68 averaged training loss: 1.0364
The current learning rate is 0.000430
Epoch 68 training time cost: 27.2333 seconds
Test results: SROCC=0.6234, KROCC=0.4615, PLCC=0.6573, RMSE=0.1721
Epoch 69 averaged training loss: 1.0517
The current learning rate is 0.000430
Epoch 69 training time cost: 27.3123 seconds
Test results: SROCC=0.5916, KROCC=0.4343, PLCC=0.6400, RMSE=0.1755
Epoch 70 averaged training loss: 1.0362
The current learning rate is 0.000430
Epoch 70 training time cost: 27.2399 seconds
Test results: SROCC=0.5069, KROCC=0.3722, PLCC=0.5259, RMSE=0.1942
Epoch 71 averaged training loss: 1.0544
The current learning rate is 0.000430
Epoch 71 training time cost: 27.1852 seconds
Test results: SROCC=0.6025, KROCC=0.4360, PLCC=0.6284, RMSE=0.1777
Epoch 72 averaged training loss: 1.0397
The current learning rate is 0.000387
Epoch 72 training time cost: 27.0945 seconds
Test results: SROCC=0.6023, KROCC=0.4298, PLCC=0.6211, RMSE=0.1790
Epoch 73 averaged training loss: 1.0371
The current learning rate is 0.000387
Epoch 73 training time cost: 27.0803 seconds
Test results: SROCC=0.6286, KROCC=0.4596, PLCC=0.6532, RMSE=0.1729
Epoch 74 averaged training loss: 1.0462
The current learning rate is 0.000387
Epoch 74 training time cost: 27.1010 seconds
Test results: SROCC=0.5661, KROCC=0.4091, PLCC=0.6074, RMSE=0.1814
Epoch 75 averaged training loss: 1.0337
The current learning rate is 0.000387
Epoch 75 training time cost: 27.0704 seconds
Test results: SROCC=0.5920, KROCC=0.4370, PLCC=0.6165, RMSE=0.1798
Epoch 76 averaged training loss: 1.0374
The current learning rate is 0.000387
Epoch 76 training time cost: 27.2243 seconds
Test results: SROCC=0.5557, KROCC=0.4032, PLCC=0.6149, RMSE=0.1801
Epoch 77 averaged training loss: 1.0547
The current learning rate is 0.000387
Epoch 77 training time cost: 27.3260 seconds
Test results: SROCC=0.6526, KROCC=0.4735, PLCC=0.6581, RMSE=0.1720
Update best model using best_val_criterion 
Update the best Test results: SROCC=0.6526, KROCC=0.4735, PLCC=0.6581, RMSE=0.1720
Epoch 78 averaged training loss: 1.0537
The current learning rate is 0.000387
Epoch 78 training time cost: 27.2989 seconds
Test results: SROCC=0.6685, KROCC=0.4850, PLCC=0.6839, RMSE=0.1666
Update best model using best_val_criterion 
Update the best Test results: SROCC=0.6685, KROCC=0.4850, PLCC=0.6839, RMSE=0.1666
Epoch 79 averaged training loss: 1.0468
The current learning rate is 0.000387
Epoch 79 training time cost: 27.2820 seconds
Test results: SROCC=0.6219, KROCC=0.4525, PLCC=0.6336, RMSE=0.1767
Epoch 80 averaged training loss: 1.0498
The current learning rate is 0.000349
Epoch 80 training time cost: 27.3495 seconds
Test results: SROCC=0.6255, KROCC=0.4578, PLCC=0.6504, RMSE=0.1735
Epoch 81 averaged training loss: 1.0471
The current learning rate is 0.000349
Epoch 81 training time cost: 27.3647 seconds
Test results: SROCC=0.6083, KROCC=0.4478, PLCC=0.6279, RMSE=0.1778
Epoch 82 averaged training loss: 1.0167
The current learning rate is 0.000349
Epoch 82 training time cost: 27.2963 seconds
Test results: SROCC=0.6107, KROCC=0.4387, PLCC=0.6291, RMSE=0.1775
Epoch 83 averaged training loss: 1.0508
The current learning rate is 0.000349
Epoch 83 training time cost: 27.3447 seconds
Test results: SROCC=0.5958, KROCC=0.4296, PLCC=0.6345, RMSE=0.1765
Epoch 84 averaged training loss: 1.0454
The current learning rate is 0.000349
Epoch 84 training time cost: 27.3767 seconds
Test results: SROCC=0.5272, KROCC=0.3816, PLCC=0.5629, RMSE=0.1888
Epoch 85 averaged training loss: 1.0525
The current learning rate is 0.000349
Epoch 85 training time cost: 27.3213 seconds
Test results: SROCC=0.6646, KROCC=0.4876, PLCC=0.6899, RMSE=0.1653
Epoch 86 averaged training loss: 1.0337
The current learning rate is 0.000349
Epoch 86 training time cost: 27.3423 seconds
Test results: SROCC=0.6220, KROCC=0.4597, PLCC=0.6490, RMSE=0.1738
Epoch 87 averaged training loss: 1.0314
The current learning rate is 0.000349
Epoch 87 training time cost: 27.3241 seconds
Test results: SROCC=0.6688, KROCC=0.5000, PLCC=0.7003, RMSE=0.1630
Update best model using best_val_criterion 
Update the best Test results: SROCC=0.6688, KROCC=0.5000, PLCC=0.7003, RMSE=0.1630
Epoch 88 averaged training loss: 1.0368
The current learning rate is 0.000314
Epoch 88 training time cost: 27.3614 seconds
Test results: SROCC=0.5752, KROCC=0.4100, PLCC=0.6007, RMSE=0.1826
Epoch 89 averaged training loss: 1.0600
The current learning rate is 0.000314
Epoch 89 training time cost: 27.3576 seconds
Test results: SROCC=0.6272, KROCC=0.4625, PLCC=0.6615, RMSE=0.1713
Epoch 90 averaged training loss: 1.0207
The current learning rate is 0.000314
Epoch 90 training time cost: 27.3507 seconds
Test results: SROCC=0.4843, KROCC=0.3481, PLCC=0.5859, RMSE=0.1851
Epoch 91 averaged training loss: 1.0437
The current learning rate is 0.000314
Epoch 91 training time cost: 27.1409 seconds
Test results: SROCC=0.5320, KROCC=0.3729, PLCC=0.5973, RMSE=0.1832
Epoch 92 averaged training loss: 1.0465
The current learning rate is 0.000314
Epoch 92 training time cost: 27.2105 seconds
Test results: SROCC=0.6157, KROCC=0.4519, PLCC=0.6393, RMSE=0.1756
Epoch 93 averaged training loss: 1.0481
The current learning rate is 0.000314
Epoch 93 training time cost: 27.2472 seconds
Test results: SROCC=0.5659, KROCC=0.4117, PLCC=0.5804, RMSE=0.1860
Epoch 94 averaged training loss: 1.0527
The current learning rate is 0.000314
Epoch 94 training time cost: 27.1750 seconds
Test results: SROCC=0.6555, KROCC=0.4767, PLCC=0.6753, RMSE=0.1684
Epoch 95 averaged training loss: 1.0194
The current learning rate is 0.000314
Epoch 95 training time cost: 27.2967 seconds
Test results: SROCC=0.6404, KROCC=0.4678, PLCC=0.6734, RMSE=0.1688
Epoch 96 averaged training loss: 1.0481
The current learning rate is 0.000282
Epoch 96 training time cost: 27.2703 seconds
Test results: SROCC=0.6349, KROCC=0.4539, PLCC=0.6475, RMSE=0.1740
Epoch 97 averaged training loss: 1.0447
The current learning rate is 0.000282
Epoch 97 training time cost: 27.2592 seconds
Test results: SROCC=0.6012, KROCC=0.4249, PLCC=0.6072, RMSE=0.1815
Epoch 98 averaged training loss: 1.0468
The current learning rate is 0.000282
Epoch 98 training time cost: 27.2269 seconds
Test results: SROCC=0.6697, KROCC=0.4824, PLCC=0.6849, RMSE=0.1664
Update best model using best_val_criterion 
Update the best Test results: SROCC=0.6697, KROCC=0.4824, PLCC=0.6849, RMSE=0.1664
Epoch 99 averaged training loss: 1.0288
The current learning rate is 0.000282
Epoch 99 training time cost: 27.1989 seconds
Test results: SROCC=0.6240, KROCC=0.4550, PLCC=0.6423, RMSE=0.1751
Epoch 100 averaged training loss: 1.0345
The current learning rate is 0.000282
Epoch 100 training time cost: 27.2176 seconds
Test results: SROCC=0.6873, KROCC=0.5118, PLCC=0.6947, RMSE=0.1643
Update best model using best_val_criterion 
Update the best Test results: SROCC=0.6873, KROCC=0.5118, PLCC=0.6947, RMSE=0.1643
['WPC']
The best Val results: SROCC=0.6873, KROCC=0.5118, PLCC=0.6947, RMSE=0.1643
*************************************************************************************************************************
*************************************************************************************************************************
The mean val results: SROCC=0.7843, KROCC=0.5983, PLCC=0.7888, RMSE=0.1390
*************************************************************************************************************************
