*****************************************************************************
The dataset(s) used is/are:  ['WPC']
*****************************************************************************
Using GPU
Starting fold 1/4
Using Adam optimize with initial learning rate of 0.001
^^^^^^^^^^^^^^^^^^^^^^^^^^^^^^^^^^^^^^^^^^^^^^^^^^^^^^^^^^^^^^^^^^^^^^^^^^^^^^^
starting the training
^^^^^^^^^^^^^^^^^^^^^^^^^^^^^^^^^^^^^^^^^^^^^^^^^^^^^^^^^^^^^^^^^^^^^^^^^^^^^^^
Epoch 1 averaged training loss: 30.4072
The current learning rate is 0.001000
Epoch 1 training time cost: 27.3899 seconds
Test results: SROCC=0.1284, KROCC=0.0867, PLCC=0.1762, RMSE=0.2242
Update best model using best_val_criterion 
Update the best Test results: SROCC=0.1284, KROCC=0.0867, PLCC=0.1762, RMSE=0.2242
Epoch 2 averaged training loss: 1.0808
The current learning rate is 0.001000
Epoch 2 training time cost: 27.2609 seconds
Test results: SROCC=0.2863, KROCC=0.1884, PLCC=0.2807, RMSE=0.2186
Update best model using best_val_criterion 
Update the best Test results: SROCC=0.2863, KROCC=0.1884, PLCC=0.2807, RMSE=0.2186
Epoch 3 averaged training loss: 1.0727
The current learning rate is 0.001000
Epoch 3 training time cost: 27.5380 seconds
Test results: SROCC=0.2617, KROCC=0.1813, PLCC=0.3186, RMSE=0.2159
Epoch 4 averaged training loss: 1.0747
The current learning rate is 0.001000
Epoch 4 training time cost: 27.5878 seconds
Test results: SROCC=0.3308, KROCC=0.2223, PLCC=0.3261, RMSE=0.2153
Update best model using best_val_criterion 
Update the best Test results: SROCC=0.3308, KROCC=0.2223, PLCC=0.3261, RMSE=0.2153
Epoch 5 averaged training loss: 1.0714
The current learning rate is 0.001000
Epoch 5 training time cost: 27.5929 seconds
Test results: SROCC=0.3081, KROCC=0.2166, PLCC=0.3888, RMSE=0.2098
Epoch 6 averaged training loss: 1.0675
The current learning rate is 0.001000
Epoch 6 training time cost: 27.5740 seconds
Test results: SROCC=0.3393, KROCC=0.2267, PLCC=0.3668, RMSE=0.2119
Update best model using best_val_criterion 
Update the best Test results: SROCC=0.3393, KROCC=0.2267, PLCC=0.3668, RMSE=0.2119
Epoch 7 averaged training loss: 1.0484
The current learning rate is 0.001000
Epoch 7 training time cost: 27.7320 seconds
Test results: SROCC=0.4352, KROCC=0.3058, PLCC=0.4394, RMSE=0.2046
Update best model using best_val_criterion 
Update the best Test results: SROCC=0.4352, KROCC=0.3058, PLCC=0.4394, RMSE=0.2046
Epoch 8 averaged training loss: 1.0679
The current learning rate is 0.000900
Epoch 8 training time cost: 27.5537 seconds
Test results: SROCC=0.3935, KROCC=0.2713, PLCC=0.3926, RMSE=0.2094
Epoch 9 averaged training loss: 1.0359
The current learning rate is 0.000900
Epoch 9 training time cost: 27.6675 seconds
Test results: SROCC=0.4000, KROCC=0.2747, PLCC=0.4053, RMSE=0.2082
Epoch 10 averaged training loss: 1.0481
The current learning rate is 0.000900
Epoch 10 training time cost: 27.6728 seconds
Test results: SROCC=0.3800, KROCC=0.2624, PLCC=0.4000, RMSE=0.2087
Epoch 11 averaged training loss: 1.0585
The current learning rate is 0.000900
Epoch 11 training time cost: 27.6798 seconds
Test results: SROCC=0.4523, KROCC=0.3129, PLCC=0.4617, RMSE=0.2020
Update best model using best_val_criterion 
Update the best Test results: SROCC=0.4523, KROCC=0.3129, PLCC=0.4617, RMSE=0.2020
Epoch 12 averaged training loss: 1.0456
The current learning rate is 0.000900
Epoch 12 training time cost: 27.6583 seconds
Test results: SROCC=0.5483, KROCC=0.3934, PLCC=0.5493, RMSE=0.1903
Update best model using best_val_criterion 
Update the best Test results: SROCC=0.5483, KROCC=0.3934, PLCC=0.5493, RMSE=0.1903
Epoch 13 averaged training loss: 1.0493
The current learning rate is 0.000900
Epoch 13 training time cost: 27.7648 seconds
Test results: SROCC=0.4084, KROCC=0.2800, PLCC=0.4180, RMSE=0.2069
Epoch 14 averaged training loss: 1.0456
The current learning rate is 0.000900
Epoch 14 training time cost: 27.7241 seconds
Test results: SROCC=0.4995, KROCC=0.3444, PLCC=0.5058, RMSE=0.1964
Epoch 15 averaged training loss: 1.0452
The current learning rate is 0.000900
Epoch 15 training time cost: 27.7850 seconds
Test results: SROCC=0.4993, KROCC=0.3469, PLCC=0.4909, RMSE=0.1984
Epoch 16 averaged training loss: 1.0430
The current learning rate is 0.000810
Epoch 16 training time cost: 27.7452 seconds
Test results: SROCC=0.3237, KROCC=0.2174, PLCC=0.3342, RMSE=0.2146
Epoch 17 averaged training loss: 1.0408
The current learning rate is 0.000810
Epoch 17 training time cost: 27.8235 seconds
Test results: SROCC=0.5537, KROCC=0.3827, PLCC=0.5705, RMSE=0.1870
Update best model using best_val_criterion 
Update the best Test results: SROCC=0.5537, KROCC=0.3827, PLCC=0.5705, RMSE=0.1870
Epoch 18 averaged training loss: 1.0427
The current learning rate is 0.000810
Epoch 18 training time cost: 27.8900 seconds
Test results: SROCC=0.4354, KROCC=0.3039, PLCC=0.4440, RMSE=0.2041
Epoch 19 averaged training loss: 1.0535
The current learning rate is 0.000810
Epoch 19 training time cost: 27.8561 seconds
Test results: SROCC=0.4093, KROCC=0.2845, PLCC=0.4474, RMSE=0.2037
Epoch 20 averaged training loss: 1.0527
The current learning rate is 0.000810
Epoch 20 training time cost: 27.8652 seconds
Test results: SROCC=0.4054, KROCC=0.2819, PLCC=0.4199, RMSE=0.2067
Epoch 21 averaged training loss: 1.0436
The current learning rate is 0.000810
Epoch 21 training time cost: 28.1206 seconds
Test results: SROCC=0.5101, KROCC=0.3528, PLCC=0.5080, RMSE=0.1962
Epoch 22 averaged training loss: 1.0604
The current learning rate is 0.000810
Epoch 22 training time cost: 27.8739 seconds
Test results: SROCC=0.4817, KROCC=0.3342, PLCC=0.4910, RMSE=0.1984
Epoch 23 averaged training loss: 1.0549
The current learning rate is 0.000810
Epoch 23 training time cost: 27.7796 seconds
Test results: SROCC=0.4910, KROCC=0.3348, PLCC=0.4922, RMSE=0.1982
Epoch 24 averaged training loss: 1.0404
The current learning rate is 0.000729
Epoch 24 training time cost: 27.7926 seconds
Test results: SROCC=0.5284, KROCC=0.3673, PLCC=0.5341, RMSE=0.1925
Epoch 25 averaged training loss: 1.0421
The current learning rate is 0.000729
Epoch 25 training time cost: 27.8783 seconds
Test results: SROCC=0.4319, KROCC=0.2912, PLCC=0.4507, RMSE=0.2033
Epoch 26 averaged training loss: 1.0376
The current learning rate is 0.000729
Epoch 26 training time cost: 28.0588 seconds
Test results: SROCC=0.4506, KROCC=0.3114, PLCC=0.4569, RMSE=0.2026
Epoch 27 averaged training loss: 1.0570
The current learning rate is 0.000729
Epoch 27 training time cost: 27.9777 seconds
Test results: SROCC=0.5433, KROCC=0.3819, PLCC=0.5726, RMSE=0.1867
Epoch 28 averaged training loss: 1.0550
The current learning rate is 0.000729
Epoch 28 training time cost: 28.5117 seconds
Test results: SROCC=0.4472, KROCC=0.3078, PLCC=0.4728, RMSE=0.2007
Epoch 29 averaged training loss: 1.0429
The current learning rate is 0.000729
Epoch 29 training time cost: 27.8570 seconds
Test results: SROCC=0.5599, KROCC=0.3839, PLCC=0.5602, RMSE=0.1886
Update best model using best_val_criterion 
Update the best Test results: SROCC=0.5599, KROCC=0.3839, PLCC=0.5602, RMSE=0.1886
Epoch 30 averaged training loss: 1.0415
The current learning rate is 0.000729
Epoch 30 training time cost: 28.4581 seconds
Test results: SROCC=0.4354, KROCC=0.2984, PLCC=0.4524, RMSE=0.2031
Epoch 31 averaged training loss: 1.0433
The current learning rate is 0.000729
Epoch 31 training time cost: 28.3199 seconds
Test results: SROCC=0.4745, KROCC=0.3254, PLCC=0.5168, RMSE=0.1950
Epoch 32 averaged training loss: 1.0407
The current learning rate is 0.000656
Epoch 32 training time cost: 28.2459 seconds
Test results: SROCC=0.5439, KROCC=0.3824, PLCC=0.5745, RMSE=0.1864
Epoch 33 averaged training loss: 1.0374
The current learning rate is 0.000656
Epoch 33 training time cost: 28.0938 seconds
Test results: SROCC=0.5789, KROCC=0.4060, PLCC=0.5906, RMSE=0.1838
Update best model using best_val_criterion 
Update the best Test results: SROCC=0.5789, KROCC=0.4060, PLCC=0.5906, RMSE=0.1838
Epoch 34 averaged training loss: 1.0510
The current learning rate is 0.000656
Epoch 34 training time cost: 27.9750 seconds
Test results: SROCC=0.5234, KROCC=0.3664, PLCC=0.5383, RMSE=0.1919
Epoch 35 averaged training loss: 1.0390
The current learning rate is 0.000656
Epoch 35 training time cost: 28.0690 seconds
Test results: SROCC=0.4593, KROCC=0.3058, PLCC=0.4588, RMSE=0.2023
Epoch 36 averaged training loss: 1.0401
The current learning rate is 0.000656
Epoch 36 training time cost: 28.2088 seconds
Test results: SROCC=0.4633, KROCC=0.3153, PLCC=0.4726, RMSE=0.2007
Epoch 37 averaged training loss: 1.0373
The current learning rate is 0.000656
Epoch 37 training time cost: 28.6778 seconds
Test results: SROCC=0.5629, KROCC=0.3891, PLCC=0.5659, RMSE=0.1878
Epoch 38 averaged training loss: 1.0413
The current learning rate is 0.000656
Epoch 38 training time cost: 28.6051 seconds
Test results: SROCC=0.5385, KROCC=0.3725, PLCC=0.5660, RMSE=0.1877
Epoch 39 averaged training loss: 1.0562
The current learning rate is 0.000656
Epoch 39 training time cost: 28.5436 seconds
Test results: SROCC=0.4812, KROCC=0.3289, PLCC=0.5137, RMSE=0.1954
Epoch 40 averaged training loss: 1.0364
The current learning rate is 0.000590
Epoch 40 training time cost: 28.5017 seconds
Test results: SROCC=0.5480, KROCC=0.3747, PLCC=0.5698, RMSE=0.1871
Epoch 41 averaged training loss: 1.0385
The current learning rate is 0.000590
Epoch 41 training time cost: 28.5846 seconds
Test results: SROCC=0.5142, KROCC=0.3572, PLCC=0.5238, RMSE=0.1940
Epoch 42 averaged training loss: 1.0526
The current learning rate is 0.000590
Epoch 42 training time cost: 28.5274 seconds
Test results: SROCC=0.5652, KROCC=0.3892, PLCC=0.5746, RMSE=0.1864
Epoch 43 averaged training loss: 1.0238
The current learning rate is 0.000590
Epoch 43 training time cost: 28.3970 seconds
Test results: SROCC=0.5080, KROCC=0.3541, PLCC=0.5130, RMSE=0.1955
Epoch 44 averaged training loss: 1.0517
The current learning rate is 0.000590
Epoch 44 training time cost: 28.4939 seconds
Test results: SROCC=0.4545, KROCC=0.3226, PLCC=0.4631, RMSE=0.2018
Epoch 45 averaged training loss: 1.0373
The current learning rate is 0.000590
Epoch 45 training time cost: 28.4698 seconds
Test results: SROCC=0.4657, KROCC=0.3179, PLCC=0.4678, RMSE=0.2013
Epoch 46 averaged training loss: 1.0361
The current learning rate is 0.000590
Epoch 46 training time cost: 27.5500 seconds
Test results: SROCC=0.5356, KROCC=0.3788, PLCC=0.5454, RMSE=0.1909
Epoch 47 averaged training loss: 1.0342
The current learning rate is 0.000590
Epoch 47 training time cost: 27.1510 seconds
Test results: SROCC=0.5237, KROCC=0.3673, PLCC=0.5483, RMSE=0.1904
Epoch 48 averaged training loss: 1.0363
The current learning rate is 0.000531
Epoch 48 training time cost: 26.8895 seconds
Test results: SROCC=0.5596, KROCC=0.3982, PLCC=0.5630, RMSE=0.1882
Epoch 49 averaged training loss: 1.0361
The current learning rate is 0.000531
Epoch 49 training time cost: 26.7813 seconds
Test results: SROCC=0.5795, KROCC=0.4119, PLCC=0.5937, RMSE=0.1833
Update best model using best_val_criterion 
Update the best Test results: SROCC=0.5795, KROCC=0.4119, PLCC=0.5937, RMSE=0.1833
Epoch 50 averaged training loss: 1.0340
The current learning rate is 0.000531
Epoch 50 training time cost: 26.5402 seconds
Test results: SROCC=0.5416, KROCC=0.3792, PLCC=0.5599, RMSE=0.1887
Epoch 51 averaged training loss: 1.0205
The current learning rate is 0.000531
Epoch 51 training time cost: 26.4968 seconds
Test results: SROCC=0.5747, KROCC=0.3989, PLCC=0.5940, RMSE=0.1832
Epoch 52 averaged training loss: 1.0409
The current learning rate is 0.000531
Epoch 52 training time cost: 26.6298 seconds
Test results: SROCC=0.5333, KROCC=0.3738, PLCC=0.5594, RMSE=0.1888
Epoch 53 averaged training loss: 1.0373
The current learning rate is 0.000531
Epoch 53 training time cost: 26.3954 seconds
Test results: SROCC=0.5442, KROCC=0.3805, PLCC=0.5752, RMSE=0.1863
Epoch 54 averaged training loss: 1.0344
The current learning rate is 0.000531
Epoch 54 training time cost: 26.4136 seconds
Test results: SROCC=0.5888, KROCC=0.4120, PLCC=0.6061, RMSE=0.1811
Update best model using best_val_criterion 
Update the best Test results: SROCC=0.5888, KROCC=0.4120, PLCC=0.6061, RMSE=0.1811
Epoch 55 averaged training loss: 1.0354
The current learning rate is 0.000531
Epoch 55 training time cost: 26.6018 seconds
Test results: SROCC=0.6159, KROCC=0.4395, PLCC=0.6312, RMSE=0.1766
Update best model using best_val_criterion 
Update the best Test results: SROCC=0.6159, KROCC=0.4395, PLCC=0.6312, RMSE=0.1766
Epoch 56 averaged training loss: 1.0390
The current learning rate is 0.000478
Epoch 56 training time cost: 26.6586 seconds
Test results: SROCC=0.5866, KROCC=0.4121, PLCC=0.6007, RMSE=0.1821
Epoch 57 averaged training loss: 1.0324
The current learning rate is 0.000478
Epoch 57 training time cost: 26.6817 seconds
Test results: SROCC=0.5240, KROCC=0.3690, PLCC=0.5329, RMSE=0.1927
Epoch 58 averaged training loss: 1.0486
The current learning rate is 0.000478
Epoch 58 training time cost: 26.6082 seconds
Test results: SROCC=0.5934, KROCC=0.4142, PLCC=0.6067, RMSE=0.1810
Epoch 59 averaged training loss: 1.0389
The current learning rate is 0.000478
Epoch 59 training time cost: 26.6034 seconds
Test results: SROCC=0.5390, KROCC=0.3784, PLCC=0.5547, RMSE=0.1895
Epoch 60 averaged training loss: 1.0351
The current learning rate is 0.000478
Epoch 60 training time cost: 26.5495 seconds
Test results: SROCC=0.5907, KROCC=0.4133, PLCC=0.6174, RMSE=0.1791
Epoch 61 averaged training loss: 1.0311
The current learning rate is 0.000478
Epoch 61 training time cost: 26.5300 seconds
Test results: SROCC=0.5846, KROCC=0.4053, PLCC=0.5927, RMSE=0.1834
Epoch 62 averaged training loss: 1.0370
The current learning rate is 0.000478
Epoch 62 training time cost: 26.5768 seconds
Test results: SROCC=0.5676, KROCC=0.3980, PLCC=0.5936, RMSE=0.1833
Epoch 63 averaged training loss: 1.0327
The current learning rate is 0.000478
Epoch 63 training time cost: 26.5463 seconds
Test results: SROCC=0.6186, KROCC=0.4313, PLCC=0.6223, RMSE=0.1783
Update best model using best_val_criterion 
Update the best Test results: SROCC=0.6186, KROCC=0.4313, PLCC=0.6223, RMSE=0.1783
Epoch 64 averaged training loss: 1.0173
The current learning rate is 0.000430
Epoch 64 training time cost: 26.4900 seconds
Test results: SROCC=0.6445, KROCC=0.4569, PLCC=0.6669, RMSE=0.1697
Update best model using best_val_criterion 
Update the best Test results: SROCC=0.6445, KROCC=0.4569, PLCC=0.6669, RMSE=0.1697
Epoch 65 averaged training loss: 1.0325
The current learning rate is 0.000430
Epoch 65 training time cost: 26.3312 seconds
Test results: SROCC=0.6358, KROCC=0.4506, PLCC=0.6689, RMSE=0.1693
Epoch 66 averaged training loss: 1.0347
The current learning rate is 0.000430
Epoch 66 training time cost: 26.4943 seconds
Test results: SROCC=0.5649, KROCC=0.3995, PLCC=0.5853, RMSE=0.1847
Epoch 67 averaged training loss: 1.0481
The current learning rate is 0.000430
Epoch 67 training time cost: 26.6144 seconds
Test results: SROCC=0.6150, KROCC=0.4321, PLCC=0.6278, RMSE=0.1773
Epoch 68 averaged training loss: 1.0347
The current learning rate is 0.000430
Epoch 68 training time cost: 26.5741 seconds
Test results: SROCC=0.6671, KROCC=0.4759, PLCC=0.6787, RMSE=0.1672
Update best model using best_val_criterion 
Update the best Test results: SROCC=0.6671, KROCC=0.4759, PLCC=0.6787, RMSE=0.1672
Epoch 69 averaged training loss: 1.0317
The current learning rate is 0.000430
Epoch 69 training time cost: 26.5052 seconds
Test results: SROCC=0.6141, KROCC=0.4290, PLCC=0.6190, RMSE=0.1789
Epoch 70 averaged training loss: 1.0371
The current learning rate is 0.000430
Epoch 70 training time cost: 26.3612 seconds
Test results: SROCC=0.6717, KROCC=0.4852, PLCC=0.6870, RMSE=0.1655
Update best model using best_val_criterion 
Update the best Test results: SROCC=0.6717, KROCC=0.4852, PLCC=0.6870, RMSE=0.1655
Epoch 71 averaged training loss: 1.0370
The current learning rate is 0.000430
Epoch 71 training time cost: 26.6184 seconds
Test results: SROCC=0.6738, KROCC=0.4751, PLCC=0.6808, RMSE=0.1668
Update best model using best_val_criterion 
Update the best Test results: SROCC=0.6738, KROCC=0.4751, PLCC=0.6808, RMSE=0.1668
Epoch 72 averaged training loss: 1.0357
The current learning rate is 0.000387
Epoch 72 training time cost: 26.5197 seconds
Test results: SROCC=0.6810, KROCC=0.4828, PLCC=0.6905, RMSE=0.1647
Update best model using best_val_criterion 
Update the best Test results: SROCC=0.6810, KROCC=0.4828, PLCC=0.6905, RMSE=0.1647
Epoch 73 averaged training loss: 1.0313
The current learning rate is 0.000387
Epoch 73 training time cost: 26.4680 seconds
Test results: SROCC=0.6421, KROCC=0.4579, PLCC=0.6672, RMSE=0.1696
Epoch 74 averaged training loss: 1.0186
The current learning rate is 0.000387
Epoch 74 training time cost: 26.4765 seconds
Test results: SROCC=0.6578, KROCC=0.4639, PLCC=0.6776, RMSE=0.1675
Epoch 75 averaged training loss: 1.0518
The current learning rate is 0.000387
Epoch 75 training time cost: 26.6347 seconds
Test results: SROCC=0.6373, KROCC=0.4497, PLCC=0.6500, RMSE=0.1731
Epoch 76 averaged training loss: 1.0287
The current learning rate is 0.000387
Epoch 76 training time cost: 26.5769 seconds
Test results: SROCC=0.6618, KROCC=0.4760, PLCC=0.6738, RMSE=0.1683
Epoch 77 averaged training loss: 1.0269
The current learning rate is 0.000387
Epoch 77 training time cost: 26.3843 seconds
Test results: SROCC=0.6519, KROCC=0.4672, PLCC=0.6633, RMSE=0.1704
Epoch 78 averaged training loss: 1.0284
The current learning rate is 0.000387
Epoch 78 training time cost: 26.4394 seconds
Test results: SROCC=0.6234, KROCC=0.4494, PLCC=0.6298, RMSE=0.1769
Epoch 79 averaged training loss: 1.0318
The current learning rate is 0.000387
Epoch 79 training time cost: 26.6079 seconds
Test results: SROCC=0.6617, KROCC=0.4738, PLCC=0.6633, RMSE=0.1704
Epoch 80 averaged training loss: 1.0325
The current learning rate is 0.000349
Epoch 80 training time cost: 26.5940 seconds
Test results: SROCC=0.6548, KROCC=0.4702, PLCC=0.6658, RMSE=0.1699
Epoch 81 averaged training loss: 1.0174
The current learning rate is 0.000349
Epoch 81 training time cost: 26.5803 seconds
Test results: SROCC=0.7068, KROCC=0.5153, PLCC=0.7187, RMSE=0.1584
Update best model using best_val_criterion 
Update the best Test results: SROCC=0.7068, KROCC=0.5153, PLCC=0.7187, RMSE=0.1584
Epoch 82 averaged training loss: 1.0489
The current learning rate is 0.000349
Epoch 82 training time cost: 26.5335 seconds
Test results: SROCC=0.6567, KROCC=0.4733, PLCC=0.6592, RMSE=0.1712
Epoch 83 averaged training loss: 1.0492
The current learning rate is 0.000349
Epoch 83 training time cost: 26.5635 seconds
Test results: SROCC=0.6727, KROCC=0.4855, PLCC=0.6751, RMSE=0.1680
Epoch 84 averaged training loss: 1.0157
The current learning rate is 0.000349
Epoch 84 training time cost: 26.5333 seconds
Test results: SROCC=0.6625, KROCC=0.4719, PLCC=0.6628, RMSE=0.1705
Epoch 85 averaged training loss: 1.0279
The current learning rate is 0.000349
Epoch 85 training time cost: 26.5950 seconds
Test results: SROCC=0.7117, KROCC=0.5049, PLCC=0.7093, RMSE=0.1605
Update best model using best_val_criterion 
Update the best Test results: SROCC=0.7117, KROCC=0.5049, PLCC=0.7093, RMSE=0.1605
Epoch 86 averaged training loss: 1.0304
The current learning rate is 0.000349
Epoch 86 training time cost: 26.5707 seconds
Test results: SROCC=0.6301, KROCC=0.4451, PLCC=0.6337, RMSE=0.1762
Epoch 87 averaged training loss: 1.0333
The current learning rate is 0.000349
Epoch 87 training time cost: 26.5792 seconds
Test results: SROCC=0.5924, KROCC=0.4200, PLCC=0.6112, RMSE=0.1802
Epoch 88 averaged training loss: 1.0300
The current learning rate is 0.000314
Epoch 88 training time cost: 26.4680 seconds
Test results: SROCC=0.7573, KROCC=0.5580, PLCC=0.7576, RMSE=0.1486
Update best model using best_val_criterion 
Update the best Test results: SROCC=0.7573, KROCC=0.5580, PLCC=0.7576, RMSE=0.1486
Epoch 89 averaged training loss: 1.0260
The current learning rate is 0.000314
Epoch 89 training time cost: 26.4637 seconds
Test results: SROCC=0.7474, KROCC=0.5425, PLCC=0.7439, RMSE=0.1522
Epoch 90 averaged training loss: 1.0252
The current learning rate is 0.000314
Epoch 90 training time cost: 26.5947 seconds
Test results: SROCC=0.7374, KROCC=0.5338, PLCC=0.7462, RMSE=0.1516
Epoch 91 averaged training loss: 1.0089
The current learning rate is 0.000314
Epoch 91 training time cost: 26.5334 seconds
Test results: SROCC=0.6931, KROCC=0.5031, PLCC=0.7038, RMSE=0.1618
Epoch 92 averaged training loss: 1.0400
The current learning rate is 0.000314
Epoch 92 training time cost: 26.4692 seconds
Test results: SROCC=0.7484, KROCC=0.5531, PLCC=0.7463, RMSE=0.1516
Epoch 93 averaged training loss: 1.0098
The current learning rate is 0.000314
Epoch 93 training time cost: 26.5758 seconds
Test results: SROCC=0.7267, KROCC=0.5242, PLCC=0.7272, RMSE=0.1563
Epoch 94 averaged training loss: 1.0228
The current learning rate is 0.000314
Epoch 94 training time cost: 26.6138 seconds
Test results: SROCC=0.7484, KROCC=0.5502, PLCC=0.7493, RMSE=0.1508
Epoch 95 averaged training loss: 1.0237
The current learning rate is 0.000314
Epoch 95 training time cost: 26.5858 seconds
Test results: SROCC=0.7322, KROCC=0.5394, PLCC=0.7312, RMSE=0.1554
Epoch 96 averaged training loss: 1.0405
The current learning rate is 0.000282
Epoch 96 training time cost: 26.5513 seconds
Test results: SROCC=0.7780, KROCC=0.5814, PLCC=0.7758, RMSE=0.1437
Update best model using best_val_criterion 
Update the best Test results: SROCC=0.7780, KROCC=0.5814, PLCC=0.7758, RMSE=0.1437
Epoch 97 averaged training loss: 1.0239
The current learning rate is 0.000282
Epoch 97 training time cost: 26.5917 seconds
Test results: SROCC=0.6568, KROCC=0.4700, PLCC=0.6510, RMSE=0.1729
Epoch 98 averaged training loss: 1.0379
The current learning rate is 0.000282
Epoch 98 training time cost: 26.6213 seconds
Test results: SROCC=0.7249, KROCC=0.5241, PLCC=0.7271, RMSE=0.1563
Epoch 99 averaged training loss: 1.0225
The current learning rate is 0.000282
Epoch 99 training time cost: 26.5150 seconds
Test results: SROCC=0.7530, KROCC=0.5532, PLCC=0.7495, RMSE=0.1508
Epoch 100 averaged training loss: 1.0292
The current learning rate is 0.000282
Epoch 100 training time cost: 26.7459 seconds
Test results: SROCC=0.7502, KROCC=0.5559, PLCC=0.7578, RMSE=0.1486
['WPC']
The best Val results: SROCC=0.7780, KROCC=0.5814, PLCC=0.7758, RMSE=0.1437
*************************************************************************************************************************
Using GPU
Starting fold 2/4
Using Adam optimize with initial learning rate of 0.001
^^^^^^^^^^^^^^^^^^^^^^^^^^^^^^^^^^^^^^^^^^^^^^^^^^^^^^^^^^^^^^^^^^^^^^^^^^^^^^^
starting the training
^^^^^^^^^^^^^^^^^^^^^^^^^^^^^^^^^^^^^^^^^^^^^^^^^^^^^^^^^^^^^^^^^^^^^^^^^^^^^^^
Epoch 1 averaged training loss: 28.8978
The current learning rate is 0.001000
Epoch 1 training time cost: 26.6843 seconds
Test results: SROCC=-0.0319, KROCC=-0.0229, PLCC=0.0098, RMSE=0.2350
Update best model using best_val_criterion 
Update the best Test results: SROCC=-0.0319, KROCC=-0.0229, PLCC=0.0098, RMSE=0.2350
Epoch 2 averaged training loss: 1.1239
The current learning rate is 0.001000
Epoch 2 training time cost: 26.6943 seconds
Test results: SROCC=0.4105, KROCC=0.2817, PLCC=0.4502, RMSE=0.2098
Update best model using best_val_criterion 
Update the best Test results: SROCC=0.4105, KROCC=0.2817, PLCC=0.4502, RMSE=0.2098
Epoch 3 averaged training loss: 1.0860
The current learning rate is 0.001000
Epoch 3 training time cost: 26.7671 seconds
Test results: SROCC=0.3876, KROCC=0.2506, PLCC=0.4268, RMSE=0.2125
Epoch 4 averaged training loss: 1.0781
The current learning rate is 0.001000
Epoch 4 training time cost: 26.6584 seconds
Test results: SROCC=0.3890, KROCC=0.2575, PLCC=0.4280, RMSE=0.2124
Epoch 5 averaged training loss: 1.0655
The current learning rate is 0.001000
Epoch 5 training time cost: 26.7040 seconds
Test results: SROCC=0.3580, KROCC=0.2368, PLCC=0.4108, RMSE=0.2143
Epoch 6 averaged training loss: 1.0788
The current learning rate is 0.001000
Epoch 6 training time cost: 26.8054 seconds
Test results: SROCC=0.4529, KROCC=0.3208, PLCC=0.4906, RMSE=0.2048
Update best model using best_val_criterion 
Update the best Test results: SROCC=0.4529, KROCC=0.3208, PLCC=0.4906, RMSE=0.2048
Epoch 7 averaged training loss: 1.0777
The current learning rate is 0.001000
Epoch 7 training time cost: 26.7628 seconds
Test results: SROCC=0.4789, KROCC=0.3325, PLCC=0.4707, RMSE=0.2073
Update best model using best_val_criterion 
Update the best Test results: SROCC=0.4789, KROCC=0.3325, PLCC=0.4707, RMSE=0.2073
Epoch 8 averaged training loss: 1.0549
The current learning rate is 0.000900
Epoch 8 training time cost: 26.8282 seconds
Test results: SROCC=0.6188, KROCC=0.4491, PLCC=0.6148, RMSE=0.1853
Update best model using best_val_criterion 
Update the best Test results: SROCC=0.6188, KROCC=0.4491, PLCC=0.6148, RMSE=0.1853
Epoch 9 averaged training loss: 1.0634
The current learning rate is 0.000900
Epoch 9 training time cost: 26.7796 seconds
Test results: SROCC=0.5131, KROCC=0.3590, PLCC=0.5185, RMSE=0.2009
Epoch 10 averaged training loss: 1.0619
The current learning rate is 0.000900
Epoch 10 training time cost: 26.7264 seconds
Test results: SROCC=0.5692, KROCC=0.4022, PLCC=0.5733, RMSE=0.1925
Epoch 11 averaged training loss: 1.0756
The current learning rate is 0.000900
Epoch 11 training time cost: 26.7124 seconds
Test results: SROCC=0.5754, KROCC=0.4069, PLCC=0.5893, RMSE=0.1899
Epoch 12 averaged training loss: 1.0451
The current learning rate is 0.000900
Epoch 12 training time cost: 26.6227 seconds
Test results: SROCC=0.5368, KROCC=0.3709, PLCC=0.5315, RMSE=0.1991
Epoch 13 averaged training loss: 1.0534
The current learning rate is 0.000900
Epoch 13 training time cost: 26.8098 seconds
Test results: SROCC=0.4921, KROCC=0.3342, PLCC=0.5228, RMSE=0.2003
Epoch 14 averaged training loss: 1.0488
The current learning rate is 0.000900
Epoch 14 training time cost: 26.7146 seconds
Test results: SROCC=0.5509, KROCC=0.3879, PLCC=0.5841, RMSE=0.1908
Epoch 15 averaged training loss: 1.0587
The current learning rate is 0.000900
Epoch 15 training time cost: 26.8269 seconds
Test results: SROCC=0.5422, KROCC=0.3798, PLCC=0.5493, RMSE=0.1964
Epoch 16 averaged training loss: 1.0636
The current learning rate is 0.000810
Epoch 16 training time cost: 26.8208 seconds
Test results: SROCC=0.5376, KROCC=0.3716, PLCC=0.5377, RMSE=0.1981
Epoch 17 averaged training loss: 1.0589
The current learning rate is 0.000810
Epoch 17 training time cost: 26.7956 seconds
Test results: SROCC=0.6174, KROCC=0.4478, PLCC=0.6148, RMSE=0.1853
Epoch 18 averaged training loss: 1.0405
The current learning rate is 0.000810
Epoch 18 training time cost: 26.8355 seconds
Test results: SROCC=0.6354, KROCC=0.4624, PLCC=0.6415, RMSE=0.1803
Update best model using best_val_criterion 
Update the best Test results: SROCC=0.6354, KROCC=0.4624, PLCC=0.6415, RMSE=0.1803
Epoch 19 averaged training loss: 1.0457
The current learning rate is 0.000810
Epoch 19 training time cost: 26.8321 seconds
Test results: SROCC=0.5352, KROCC=0.3645, PLCC=0.5516, RMSE=0.1960
Epoch 20 averaged training loss: 1.0412
The current learning rate is 0.000810
Epoch 20 training time cost: 26.8313 seconds
Test results: SROCC=0.5772, KROCC=0.4000, PLCC=0.5724, RMSE=0.1927
Epoch 21 averaged training loss: 1.0383
The current learning rate is 0.000810
Epoch 21 training time cost: 26.8427 seconds
Test results: SROCC=0.5970, KROCC=0.4271, PLCC=0.5991, RMSE=0.1882
Epoch 22 averaged training loss: 1.0406
The current learning rate is 0.000810
Epoch 22 training time cost: 26.6856 seconds
Test results: SROCC=0.5676, KROCC=0.4056, PLCC=0.5787, RMSE=0.1917
Epoch 23 averaged training loss: 1.0541
The current learning rate is 0.000810
Epoch 23 training time cost: 26.6822 seconds
Test results: SROCC=0.6026, KROCC=0.4219, PLCC=0.6242, RMSE=0.1836
Epoch 24 averaged training loss: 1.0543
The current learning rate is 0.000729
Epoch 24 training time cost: 26.6748 seconds
Test results: SROCC=0.6246, KROCC=0.4498, PLCC=0.6432, RMSE=0.1799
Epoch 25 averaged training loss: 1.0552
The current learning rate is 0.000729
Epoch 25 training time cost: 26.7253 seconds
Test results: SROCC=0.6405, KROCC=0.4636, PLCC=0.6413, RMSE=0.1803
Update best model using best_val_criterion 
Update the best Test results: SROCC=0.6405, KROCC=0.4636, PLCC=0.6413, RMSE=0.1803
Epoch 26 averaged training loss: 1.0430
The current learning rate is 0.000729
Epoch 26 training time cost: 26.6121 seconds
Test results: SROCC=0.6515, KROCC=0.4672, PLCC=0.6511, RMSE=0.1784
Update best model using best_val_criterion 
Update the best Test results: SROCC=0.6515, KROCC=0.4672, PLCC=0.6511, RMSE=0.1784
Epoch 27 averaged training loss: 1.0404
The current learning rate is 0.000729
Epoch 27 training time cost: 26.7405 seconds
Test results: SROCC=0.5653, KROCC=0.3937, PLCC=0.5725, RMSE=0.1927
Epoch 28 averaged training loss: 1.0376
The current learning rate is 0.000729
Epoch 28 training time cost: 26.7149 seconds
Test results: SROCC=0.5657, KROCC=0.4067, PLCC=0.5790, RMSE=0.1916
Epoch 29 averaged training loss: 1.0408
The current learning rate is 0.000729
Epoch 29 training time cost: 26.6937 seconds
Test results: SROCC=0.4854, KROCC=0.3448, PLCC=0.4872, RMSE=0.2052
Epoch 30 averaged training loss: 1.0556
The current learning rate is 0.000729
Epoch 30 training time cost: 26.7355 seconds
Test results: SROCC=0.5676, KROCC=0.3917, PLCC=0.5786, RMSE=0.1917
Epoch 31 averaged training loss: 1.0367
The current learning rate is 0.000729
Epoch 31 training time cost: 26.7327 seconds
Test results: SROCC=0.5681, KROCC=0.4035, PLCC=0.5693, RMSE=0.1932
Epoch 32 averaged training loss: 1.0384
The current learning rate is 0.000656
Epoch 32 training time cost: 26.7438 seconds
Test results: SROCC=0.6415, KROCC=0.4555, PLCC=0.6440, RMSE=0.1798
Epoch 33 averaged training loss: 1.0373
The current learning rate is 0.000656
Epoch 33 training time cost: 26.7593 seconds
Test results: SROCC=0.5732, KROCC=0.4075, PLCC=0.5737, RMSE=0.1925
Epoch 34 averaged training loss: 1.0375
The current learning rate is 0.000656
Epoch 34 training time cost: 26.7337 seconds
Test results: SROCC=0.6256, KROCC=0.4501, PLCC=0.6340, RMSE=0.1817
Epoch 35 averaged training loss: 1.0386
The current learning rate is 0.000656
Epoch 35 training time cost: 26.7594 seconds
Test results: SROCC=0.6534, KROCC=0.4790, PLCC=0.6458, RMSE=0.1794
Update best model using best_val_criterion 
Update the best Test results: SROCC=0.6534, KROCC=0.4790, PLCC=0.6458, RMSE=0.1794
Epoch 36 averaged training loss: 1.0362
The current learning rate is 0.000656
Epoch 36 training time cost: 26.7307 seconds
Test results: SROCC=0.5428, KROCC=0.3763, PLCC=0.5561, RMSE=0.1953
Epoch 37 averaged training loss: 1.0369
The current learning rate is 0.000656
Epoch 37 training time cost: 26.7255 seconds
Test results: SROCC=0.6394, KROCC=0.4469, PLCC=0.6446, RMSE=0.1797
Epoch 38 averaged training loss: 1.0510
The current learning rate is 0.000656
Epoch 38 training time cost: 26.7407 seconds
Test results: SROCC=0.6733, KROCC=0.4866, PLCC=0.6811, RMSE=0.1721
Update best model using best_val_criterion 
Update the best Test results: SROCC=0.6733, KROCC=0.4866, PLCC=0.6811, RMSE=0.1721
Epoch 39 averaged training loss: 1.0381
The current learning rate is 0.000656
Epoch 39 training time cost: 26.7862 seconds
Test results: SROCC=0.6442, KROCC=0.4546, PLCC=0.6446, RMSE=0.1797
Epoch 40 averaged training loss: 1.0352
The current learning rate is 0.000590
Epoch 40 training time cost: 26.8101 seconds
Test results: SROCC=0.6476, KROCC=0.4662, PLCC=0.6654, RMSE=0.1754
Epoch 41 averaged training loss: 1.0365
The current learning rate is 0.000590
Epoch 41 training time cost: 26.8196 seconds
Test results: SROCC=0.6197, KROCC=0.4389, PLCC=0.6234, RMSE=0.1838
Epoch 42 averaged training loss: 1.0365
The current learning rate is 0.000590
Epoch 42 training time cost: 26.7472 seconds
Test results: SROCC=0.6581, KROCC=0.4693, PLCC=0.6628, RMSE=0.1760
Epoch 43 averaged training loss: 1.0357
The current learning rate is 0.000590
Epoch 43 training time cost: 26.8089 seconds
Test results: SROCC=0.6195, KROCC=0.4331, PLCC=0.6217, RMSE=0.1841
Epoch 44 averaged training loss: 1.0202
The current learning rate is 0.000590
Epoch 44 training time cost: 26.7868 seconds
Test results: SROCC=0.6573, KROCC=0.4774, PLCC=0.6625, RMSE=0.1760
Epoch 45 averaged training loss: 1.0363
The current learning rate is 0.000590
Epoch 45 training time cost: 26.7313 seconds
Test results: SROCC=0.6122, KROCC=0.4373, PLCC=0.6262, RMSE=0.1832
Epoch 46 averaged training loss: 1.0374
The current learning rate is 0.000590
Epoch 46 training time cost: 26.8128 seconds
Test results: SROCC=0.6390, KROCC=0.4532, PLCC=0.6488, RMSE=0.1788
Epoch 47 averaged training loss: 1.0341
The current learning rate is 0.000590
Epoch 47 training time cost: 26.6982 seconds
Test results: SROCC=0.6529, KROCC=0.4675, PLCC=0.6551, RMSE=0.1776
Epoch 48 averaged training loss: 1.0247
The current learning rate is 0.000531
Epoch 48 training time cost: 26.6778 seconds
Test results: SROCC=0.6539, KROCC=0.4576, PLCC=0.6378, RMSE=0.1810
Epoch 49 averaged training loss: 1.0343
The current learning rate is 0.000531
Epoch 49 training time cost: 26.6475 seconds
Test results: SROCC=0.6806, KROCC=0.4884, PLCC=0.6794, RMSE=0.1724
Update best model using best_val_criterion 
Update the best Test results: SROCC=0.6806, KROCC=0.4884, PLCC=0.6794, RMSE=0.1724
Epoch 50 averaged training loss: 1.0351
The current learning rate is 0.000531
Epoch 50 training time cost: 26.7166 seconds
Test results: SROCC=0.6530, KROCC=0.4700, PLCC=0.6586, RMSE=0.1768
Epoch 51 averaged training loss: 1.0350
The current learning rate is 0.000531
Epoch 51 training time cost: 26.8637 seconds
Test results: SROCC=0.6467, KROCC=0.4580, PLCC=0.6407, RMSE=0.1804
Epoch 52 averaged training loss: 1.0361
The current learning rate is 0.000531
Epoch 52 training time cost: 28.2258 seconds
Test results: SROCC=0.6607, KROCC=0.4657, PLCC=0.6709, RMSE=0.1743
Epoch 53 averaged training loss: 1.0391
The current learning rate is 0.000531
Epoch 53 training time cost: 29.2538 seconds
Test results: SROCC=0.5952, KROCC=0.4089, PLCC=0.5843, RMSE=0.1907
Epoch 54 averaged training loss: 1.0392
The current learning rate is 0.000531
Epoch 54 training time cost: 30.6255 seconds
Test results: SROCC=0.6481, KROCC=0.4557, PLCC=0.6431, RMSE=0.1800
Epoch 55 averaged training loss: 1.0488
The current learning rate is 0.000531
Epoch 55 training time cost: 31.0373 seconds
Test results: SROCC=0.7018, KROCC=0.5119, PLCC=0.6974, RMSE=0.1684
Update best model using best_val_criterion 
Update the best Test results: SROCC=0.7018, KROCC=0.5119, PLCC=0.6974, RMSE=0.1684
Epoch 56 averaged training loss: 1.0218
The current learning rate is 0.000478
Epoch 56 training time cost: 30.2924 seconds
Test results: SROCC=0.6673, KROCC=0.4705, PLCC=0.6604, RMSE=0.1765
Epoch 57 averaged training loss: 1.0384
The current learning rate is 0.000478
Epoch 57 training time cost: 30.7015 seconds
Test results: SROCC=0.7392, KROCC=0.5444, PLCC=0.7245, RMSE=0.1620
Update best model using best_val_criterion 
Update the best Test results: SROCC=0.7392, KROCC=0.5444, PLCC=0.7245, RMSE=0.1620
Epoch 58 averaged training loss: 1.0241
The current learning rate is 0.000478
Epoch 58 training time cost: 31.3498 seconds
Test results: SROCC=0.6665, KROCC=0.4769, PLCC=0.6694, RMSE=0.1746
Epoch 59 averaged training loss: 1.0366
The current learning rate is 0.000478
Epoch 59 training time cost: 28.7733 seconds
Test results: SROCC=0.7473, KROCC=0.5521, PLCC=0.7387, RMSE=0.1584
Update best model using best_val_criterion 
Update the best Test results: SROCC=0.7473, KROCC=0.5521, PLCC=0.7387, RMSE=0.1584
Epoch 60 averaged training loss: 1.0344
The current learning rate is 0.000478
Epoch 60 training time cost: 28.6201 seconds
Test results: SROCC=0.6561, KROCC=0.4592, PLCC=0.6416, RMSE=0.1802
Epoch 61 averaged training loss: 1.0330
The current learning rate is 0.000478
Epoch 61 training time cost: 28.6499 seconds
Test results: SROCC=0.6905, KROCC=0.4989, PLCC=0.6898, RMSE=0.1701
Epoch 62 averaged training loss: 1.0503
The current learning rate is 0.000478
Epoch 62 training time cost: 28.5661 seconds
Test results: SROCC=0.6769, KROCC=0.4895, PLCC=0.6718, RMSE=0.1741
Epoch 63 averaged training loss: 1.0498
The current learning rate is 0.000478
Epoch 63 training time cost: 28.5174 seconds
Test results: SROCC=0.6753, KROCC=0.4859, PLCC=0.6780, RMSE=0.1727
Epoch 64 averaged training loss: 1.0340
The current learning rate is 0.000430
Epoch 64 training time cost: 28.6607 seconds
Test results: SROCC=0.7360, KROCC=0.5478, PLCC=0.7357, RMSE=0.1592
Epoch 65 averaged training loss: 1.0364
The current learning rate is 0.000430
Epoch 65 training time cost: 28.8373 seconds
Test results: SROCC=0.6940, KROCC=0.5015, PLCC=0.7004, RMSE=0.1677
Epoch 66 averaged training loss: 1.0330
The current learning rate is 0.000430
Epoch 66 training time cost: 28.7960 seconds
Test results: SROCC=0.7242, KROCC=0.5264, PLCC=0.7201, RMSE=0.1631
Epoch 67 averaged training loss: 1.0325
The current learning rate is 0.000430
Epoch 67 training time cost: 28.7039 seconds
Test results: SROCC=0.6654, KROCC=0.4707, PLCC=0.6711, RMSE=0.1742
Epoch 68 averaged training loss: 1.0203
The current learning rate is 0.000430
Epoch 68 training time cost: 28.9232 seconds
Test results: SROCC=0.6685, KROCC=0.4863, PLCC=0.6744, RMSE=0.1735
Epoch 69 averaged training loss: 1.0317
The current learning rate is 0.000430
Epoch 69 training time cost: 28.9967 seconds
Test results: SROCC=0.6691, KROCC=0.4719, PLCC=0.6782, RMSE=0.1727
Epoch 70 averaged training loss: 1.0321
The current learning rate is 0.000430
Epoch 70 training time cost: 29.0290 seconds
Test results: SROCC=0.7196, KROCC=0.5190, PLCC=0.7101, RMSE=0.1655
Epoch 71 averaged training loss: 1.0316
The current learning rate is 0.000430
Epoch 71 training time cost: 29.2602 seconds
Test results: SROCC=0.6736, KROCC=0.4805, PLCC=0.6817, RMSE=0.1719
Epoch 72 averaged training loss: 1.0342
The current learning rate is 0.000387
Epoch 72 training time cost: 30.1339 seconds
Test results: SROCC=0.7238, KROCC=0.5307, PLCC=0.7282, RMSE=0.1611
Epoch 73 averaged training loss: 1.0461
The current learning rate is 0.000387
Epoch 73 training time cost: 29.5620 seconds
Test results: SROCC=0.7306, KROCC=0.5334, PLCC=0.7306, RMSE=0.1605
Epoch 74 averaged training loss: 1.0175
The current learning rate is 0.000387
Epoch 74 training time cost: 29.6154 seconds
Test results: SROCC=0.6703, KROCC=0.4852, PLCC=0.6885, RMSE=0.1704
Epoch 75 averaged training loss: 1.0146
The current learning rate is 0.000387
Epoch 75 training time cost: 29.9463 seconds
Test results: SROCC=0.7472, KROCC=0.5518, PLCC=0.7504, RMSE=0.1553
Epoch 76 averaged training loss: 1.0277
The current learning rate is 0.000387
Epoch 76 training time cost: 29.7944 seconds
Test results: SROCC=0.7665, KROCC=0.5719, PLCC=0.7658, RMSE=0.1511
Update best model using best_val_criterion 
Update the best Test results: SROCC=0.7665, KROCC=0.5719, PLCC=0.7658, RMSE=0.1511
Epoch 77 averaged training loss: 1.0319
The current learning rate is 0.000387
Epoch 77 training time cost: 29.7016 seconds
Test results: SROCC=0.7522, KROCC=0.5588, PLCC=0.7495, RMSE=0.1556
Epoch 78 averaged training loss: 1.0341
The current learning rate is 0.000387
Epoch 78 training time cost: 29.6967 seconds
Test results: SROCC=0.7630, KROCC=0.5713, PLCC=0.7630, RMSE=0.1519
Epoch 79 averaged training loss: 1.0154
The current learning rate is 0.000387
Epoch 79 training time cost: 29.9323 seconds
Test results: SROCC=0.7427, KROCC=0.5539, PLCC=0.7565, RMSE=0.1537
Epoch 80 averaged training loss: 1.0492
The current learning rate is 0.000349
Epoch 80 training time cost: 29.8941 seconds
Test results: SROCC=0.7414, KROCC=0.5570, PLCC=0.7415, RMSE=0.1577
Epoch 81 averaged training loss: 1.0438
The current learning rate is 0.000349
Epoch 81 training time cost: 29.8559 seconds
Test results: SROCC=0.7261, KROCC=0.5325, PLCC=0.7371, RMSE=0.1588
Epoch 82 averaged training loss: 1.0314
The current learning rate is 0.000349
Epoch 82 training time cost: 29.7802 seconds
Test results: SROCC=0.6928, KROCC=0.5092, PLCC=0.6995, RMSE=0.1679
Epoch 83 averaged training loss: 1.0296
The current learning rate is 0.000349
Epoch 83 training time cost: 29.9228 seconds
Test results: SROCC=0.7201, KROCC=0.5286, PLCC=0.7305, RMSE=0.1605
Epoch 84 averaged training loss: 1.0277
The current learning rate is 0.000349
Epoch 84 training time cost: 29.8656 seconds
Test results: SROCC=0.6720, KROCC=0.4888, PLCC=0.6748, RMSE=0.1734
Epoch 85 averaged training loss: 1.0128
The current learning rate is 0.000349
Epoch 85 training time cost: 29.7485 seconds
Test results: SROCC=0.6852, KROCC=0.4993, PLCC=0.6913, RMSE=0.1698
Epoch 86 averaged training loss: 1.0145
The current learning rate is 0.000349
Epoch 86 training time cost: 29.3603 seconds
Test results: SROCC=0.7724, KROCC=0.5857, PLCC=0.7773, RMSE=0.1479
Update best model using best_val_criterion 
Update the best Test results: SROCC=0.7724, KROCC=0.5857, PLCC=0.7773, RMSE=0.1479
Epoch 87 averaged training loss: 1.0426
The current learning rate is 0.000349
Epoch 87 training time cost: 28.8580 seconds
Test results: SROCC=0.7425, KROCC=0.5437, PLCC=0.7418, RMSE=0.1576
Epoch 88 averaged training loss: 1.0424
The current learning rate is 0.000314
Epoch 88 training time cost: 29.0494 seconds
Test results: SROCC=0.7841, KROCC=0.5915, PLCC=0.7899, RMSE=0.1441
Update best model using best_val_criterion 
Update the best Test results: SROCC=0.7841, KROCC=0.5915, PLCC=0.7899, RMSE=0.1441
Epoch 89 averaged training loss: 1.0294
The current learning rate is 0.000314
Epoch 89 training time cost: 28.9583 seconds
Test results: SROCC=0.7623, KROCC=0.5687, PLCC=0.7656, RMSE=0.1512
Epoch 90 averaged training loss: 1.0281
The current learning rate is 0.000314
Epoch 90 training time cost: 29.1540 seconds
Test results: SROCC=0.7244, KROCC=0.5341, PLCC=0.7385, RMSE=0.1584
Epoch 91 averaged training loss: 1.0254
The current learning rate is 0.000314
Epoch 91 training time cost: 29.2181 seconds
Test results: SROCC=0.7847, KROCC=0.5867, PLCC=0.7865, RMSE=0.1451
Update best model using best_val_criterion 
Update the best Test results: SROCC=0.7847, KROCC=0.5867, PLCC=0.7865, RMSE=0.1451
Epoch 92 averaged training loss: 1.0435
The current learning rate is 0.000314
Epoch 92 training time cost: 29.4916 seconds
Test results: SROCC=0.7311, KROCC=0.5422, PLCC=0.7423, RMSE=0.1575
Epoch 93 averaged training loss: 1.0296
The current learning rate is 0.000314
Epoch 93 training time cost: 29.8547 seconds
Test results: SROCC=0.7476, KROCC=0.5461, PLCC=0.7649, RMSE=0.1514
Epoch 94 averaged training loss: 1.0388
The current learning rate is 0.000314
Epoch 94 training time cost: 30.0108 seconds
Test results: SROCC=0.7918, KROCC=0.5863, PLCC=0.7916, RMSE=0.1436
Update best model using best_val_criterion 
Update the best Test results: SROCC=0.7918, KROCC=0.5863, PLCC=0.7916, RMSE=0.1436
Epoch 95 averaged training loss: 1.0231
The current learning rate is 0.000314
Epoch 95 training time cost: 29.4096 seconds
Test results: SROCC=0.7601, KROCC=0.5531, PLCC=0.7609, RMSE=0.1525
Epoch 96 averaged training loss: 1.0412
The current learning rate is 0.000282
Epoch 96 training time cost: 29.4428 seconds
Test results: SROCC=0.7489, KROCC=0.5461, PLCC=0.7553, RMSE=0.1540
Epoch 97 averaged training loss: 1.0097
The current learning rate is 0.000282
Epoch 97 training time cost: 29.5633 seconds
Test results: SROCC=0.7675, KROCC=0.5656, PLCC=0.7719, RMSE=0.1494
Epoch 98 averaged training loss: 1.0095
The current learning rate is 0.000282
Epoch 98 training time cost: 29.4729 seconds
Test results: SROCC=0.7482, KROCC=0.5602, PLCC=0.7542, RMSE=0.1543
Epoch 99 averaged training loss: 1.0234
The current learning rate is 0.000282
Epoch 99 training time cost: 29.3611 seconds
Test results: SROCC=0.8099, KROCC=0.6090, PLCC=0.8173, RMSE=0.1354
Update best model using best_val_criterion 
Update the best Test results: SROCC=0.8099, KROCC=0.6090, PLCC=0.8173, RMSE=0.1354
Epoch 100 averaged training loss: 1.0422
The current learning rate is 0.000282
Epoch 100 training time cost: 29.6325 seconds
Test results: SROCC=0.8066, KROCC=0.6085, PLCC=0.8132, RMSE=0.1368
['WPC']
The best Val results: SROCC=0.8099, KROCC=0.6090, PLCC=0.8173, RMSE=0.1354
*************************************************************************************************************************
Using GPU
Starting fold 3/4
Using Adam optimize with initial learning rate of 0.001
^^^^^^^^^^^^^^^^^^^^^^^^^^^^^^^^^^^^^^^^^^^^^^^^^^^^^^^^^^^^^^^^^^^^^^^^^^^^^^^
starting the training
^^^^^^^^^^^^^^^^^^^^^^^^^^^^^^^^^^^^^^^^^^^^^^^^^^^^^^^^^^^^^^^^^^^^^^^^^^^^^^^
Epoch 1 averaged training loss: 34.7623
The current learning rate is 0.001000
Epoch 1 training time cost: 29.4920 seconds
Test results: SROCC=0.0027, KROCC=0.0047, PLCC=0.2093, RMSE=0.2208
Update best model using best_val_criterion 
Update the best Test results: SROCC=0.0027, KROCC=0.0047, PLCC=0.2093, RMSE=0.2208
Epoch 2 averaged training loss: 1.0777
The current learning rate is 0.001000
Epoch 2 training time cost: 29.1413 seconds
Test results: SROCC=0.3257, KROCC=0.2122, PLCC=0.3582, RMSE=0.2108
Update best model using best_val_criterion 
Update the best Test results: SROCC=0.3257, KROCC=0.2122, PLCC=0.3582, RMSE=0.2108
Epoch 3 averaged training loss: 1.0758
The current learning rate is 0.001000
Epoch 3 training time cost: 29.2285 seconds
Test results: SROCC=0.1835, KROCC=0.1217, PLCC=0.2776, RMSE=0.2169
Epoch 4 averaged training loss: 1.0613
The current learning rate is 0.001000
Epoch 4 training time cost: 29.3661 seconds
Test results: SROCC=0.3923, KROCC=0.2704, PLCC=0.4313, RMSE=0.2037
Update best model using best_val_criterion 
Update the best Test results: SROCC=0.3923, KROCC=0.2704, PLCC=0.4313, RMSE=0.2037
Epoch 5 averaged training loss: 1.0735
The current learning rate is 0.001000
Epoch 5 training time cost: 29.2699 seconds
Test results: SROCC=0.3716, KROCC=0.2591, PLCC=0.3777, RMSE=0.2090
Epoch 6 averaged training loss: 1.0524
The current learning rate is 0.001000
Epoch 6 training time cost: 29.3172 seconds
Test results: SROCC=0.2854, KROCC=0.1980, PLCC=0.3394, RMSE=0.2124
Epoch 7 averaged training loss: 1.0591
The current learning rate is 0.001000
Epoch 7 training time cost: 29.3403 seconds
Test results: SROCC=0.3912, KROCC=0.2733, PLCC=0.4114, RMSE=0.2058
Epoch 8 averaged training loss: 1.0663
The current learning rate is 0.000900
Epoch 8 training time cost: 29.2707 seconds
Test results: SROCC=0.4345, KROCC=0.2975, PLCC=0.4442, RMSE=0.2023
Update best model using best_val_criterion 
Update the best Test results: SROCC=0.4345, KROCC=0.2975, PLCC=0.4442, RMSE=0.2023
Epoch 9 averaged training loss: 1.0731
The current learning rate is 0.000900
Epoch 9 training time cost: 29.2876 seconds
Test results: SROCC=0.3312, KROCC=0.2256, PLCC=0.3546, RMSE=0.2111
Epoch 10 averaged training loss: 1.0679
The current learning rate is 0.000900
Epoch 10 training time cost: 29.2247 seconds
Test results: SROCC=0.4903, KROCC=0.3469, PLCC=0.5053, RMSE=0.1948
Update best model using best_val_criterion 
Update the best Test results: SROCC=0.4903, KROCC=0.3469, PLCC=0.5053, RMSE=0.1948
Epoch 11 averaged training loss: 1.0553
The current learning rate is 0.000900
Epoch 11 training time cost: 29.1927 seconds
Test results: SROCC=0.4554, KROCC=0.3176, PLCC=0.4804, RMSE=0.1980
Epoch 12 averaged training loss: 1.0463
The current learning rate is 0.000900
Epoch 12 training time cost: 29.3265 seconds
Test results: SROCC=0.3679, KROCC=0.2609, PLCC=0.3729, RMSE=0.2095
Epoch 13 averaged training loss: 1.0313
The current learning rate is 0.000900
Epoch 13 training time cost: 29.2939 seconds
Test results: SROCC=0.3543, KROCC=0.2465, PLCC=0.4015, RMSE=0.2068
Epoch 14 averaged training loss: 1.0636
The current learning rate is 0.000900
Epoch 14 training time cost: 29.1838 seconds
Test results: SROCC=0.6222, KROCC=0.4488, PLCC=0.6320, RMSE=0.1750
Update best model using best_val_criterion 
Update the best Test results: SROCC=0.6222, KROCC=0.4488, PLCC=0.6320, RMSE=0.1750
Epoch 15 averaged training loss: 1.0435
The current learning rate is 0.000900
Epoch 15 training time cost: 29.4105 seconds
Test results: SROCC=0.4467, KROCC=0.3204, PLCC=0.4558, RMSE=0.2009
Epoch 16 averaged training loss: 1.0450
The current learning rate is 0.000810
Epoch 16 training time cost: 29.3283 seconds
Test results: SROCC=0.3540, KROCC=0.2556, PLCC=0.3849, RMSE=0.2084
Epoch 17 averaged training loss: 1.0477
The current learning rate is 0.000810
Epoch 17 training time cost: 29.3399 seconds
Test results: SROCC=0.5493, KROCC=0.3917, PLCC=0.5641, RMSE=0.1864
Epoch 18 averaged training loss: 1.0564
The current learning rate is 0.000810
Epoch 18 training time cost: 29.4797 seconds
Test results: SROCC=0.4881, KROCC=0.3457, PLCC=0.4956, RMSE=0.1961
Epoch 19 averaged training loss: 1.0587
The current learning rate is 0.000810
Epoch 19 training time cost: 29.8954 seconds
Test results: SROCC=0.5305, KROCC=0.3734, PLCC=0.5376, RMSE=0.1904
Epoch 20 averaged training loss: 1.0427
The current learning rate is 0.000810
Epoch 20 training time cost: 29.6580 seconds
Test results: SROCC=0.6114, KROCC=0.4479, PLCC=0.6290, RMSE=0.1755
Epoch 21 averaged training loss: 1.0570
The current learning rate is 0.000810
Epoch 21 training time cost: 29.9248 seconds
Test results: SROCC=0.5210, KROCC=0.3679, PLCC=0.5471, RMSE=0.1890
Epoch 22 averaged training loss: 1.0414
The current learning rate is 0.000810
Epoch 22 training time cost: 30.5513 seconds
Test results: SROCC=0.3225, KROCC=0.2220, PLCC=0.3954, RMSE=0.2074
Epoch 23 averaged training loss: 1.0424
The current learning rate is 0.000810
Epoch 23 training time cost: 30.2536 seconds
Test results: SROCC=0.6269, KROCC=0.4427, PLCC=0.6312, RMSE=0.1751
Update best model using best_val_criterion 
Update the best Test results: SROCC=0.6269, KROCC=0.4427, PLCC=0.6312, RMSE=0.1751
Epoch 24 averaged training loss: 1.0414
The current learning rate is 0.000729
Epoch 24 training time cost: 29.4321 seconds
Test results: SROCC=0.4936, KROCC=0.3483, PLCC=0.5308, RMSE=0.1913
Epoch 25 averaged training loss: 1.0446
The current learning rate is 0.000729
Epoch 25 training time cost: 29.9212 seconds
Test results: SROCC=0.5107, KROCC=0.3640, PLCC=0.5451, RMSE=0.1893
Epoch 26 averaged training loss: 1.0606
The current learning rate is 0.000729
Epoch 26 training time cost: 29.9425 seconds
Test results: SROCC=0.5794, KROCC=0.4102, PLCC=0.5965, RMSE=0.1812
Epoch 27 averaged training loss: 1.0453
The current learning rate is 0.000729
Epoch 27 training time cost: 29.7252 seconds
Test results: SROCC=0.5840, KROCC=0.4239, PLCC=0.5841, RMSE=0.1832
Epoch 28 averaged training loss: 1.0537
The current learning rate is 0.000729
Epoch 28 training time cost: 29.7593 seconds
Test results: SROCC=0.5863, KROCC=0.4132, PLCC=0.5878, RMSE=0.1827
Epoch 29 averaged training loss: 1.0433
The current learning rate is 0.000729
Epoch 29 training time cost: 29.8495 seconds
Test results: SROCC=0.5430, KROCC=0.3941, PLCC=0.5484, RMSE=0.1888
Epoch 30 averaged training loss: 1.0390
The current learning rate is 0.000729
Epoch 30 training time cost: 29.7963 seconds
Test results: SROCC=0.5279, KROCC=0.3691, PLCC=0.5495, RMSE=0.1886
Epoch 31 averaged training loss: 1.0425
The current learning rate is 0.000729
Epoch 31 training time cost: 29.7186 seconds
Test results: SROCC=0.5288, KROCC=0.3684, PLCC=0.5298, RMSE=0.1915
Epoch 32 averaged training loss: 1.0550
The current learning rate is 0.000656
Epoch 32 training time cost: 29.7490 seconds
Test results: SROCC=0.5092, KROCC=0.3537, PLCC=0.5265, RMSE=0.1919
Epoch 33 averaged training loss: 1.0381
The current learning rate is 0.000656
Epoch 33 training time cost: 29.9187 seconds
Test results: SROCC=0.5728, KROCC=0.4049, PLCC=0.5910, RMSE=0.1821
Epoch 34 averaged training loss: 1.0452
The current learning rate is 0.000656
Epoch 34 training time cost: 30.0518 seconds
Test results: SROCC=0.5364, KROCC=0.3740, PLCC=0.5409, RMSE=0.1899
Epoch 35 averaged training loss: 1.0397
The current learning rate is 0.000656
Epoch 35 training time cost: 29.9889 seconds
Test results: SROCC=0.5290, KROCC=0.3623, PLCC=0.5319, RMSE=0.1912
Epoch 36 averaged training loss: 1.0224
The current learning rate is 0.000656
Epoch 36 training time cost: 29.9047 seconds
Test results: SROCC=0.5971, KROCC=0.4251, PLCC=0.6007, RMSE=0.1805
Epoch 37 averaged training loss: 1.0358
The current learning rate is 0.000656
Epoch 37 training time cost: 29.4532 seconds
Test results: SROCC=0.5557, KROCC=0.3841, PLCC=0.5844, RMSE=0.1832
Epoch 38 averaged training loss: 1.0532
The current learning rate is 0.000656
Epoch 38 training time cost: 29.2019 seconds
Test results: SROCC=0.6423, KROCC=0.4619, PLCC=0.6405, RMSE=0.1734
Update best model using best_val_criterion 
Update the best Test results: SROCC=0.6423, KROCC=0.4619, PLCC=0.6405, RMSE=0.1734
Epoch 39 averaged training loss: 1.0274
The current learning rate is 0.000656
Epoch 39 training time cost: 29.5141 seconds
Test results: SROCC=0.5927, KROCC=0.4263, PLCC=0.6258, RMSE=0.1761
Epoch 40 averaged training loss: 1.0477
The current learning rate is 0.000590
Epoch 40 training time cost: 29.5792 seconds
Test results: SROCC=0.5433, KROCC=0.3891, PLCC=0.5525, RMSE=0.1882
Epoch 41 averaged training loss: 1.0384
The current learning rate is 0.000590
Epoch 41 training time cost: 29.4195 seconds
Test results: SROCC=0.5090, KROCC=0.3563, PLCC=0.5187, RMSE=0.1930
Epoch 42 averaged training loss: 1.0519
The current learning rate is 0.000590
Epoch 42 training time cost: 29.4375 seconds
Test results: SROCC=0.6333, KROCC=0.4533, PLCC=0.6298, RMSE=0.1754
Epoch 43 averaged training loss: 1.0361
The current learning rate is 0.000590
Epoch 43 training time cost: 29.5258 seconds
Test results: SROCC=0.6208, KROCC=0.4375, PLCC=0.6418, RMSE=0.1731
Epoch 44 averaged training loss: 1.0360
The current learning rate is 0.000590
Epoch 44 training time cost: 29.9167 seconds
Test results: SROCC=0.6233, KROCC=0.4396, PLCC=0.6300, RMSE=0.1753
Epoch 45 averaged training loss: 1.0330
The current learning rate is 0.000590
Epoch 45 training time cost: 29.8731 seconds
Test results: SROCC=0.5326, KROCC=0.3760, PLCC=0.5572, RMSE=0.1875
Epoch 46 averaged training loss: 1.0535
The current learning rate is 0.000590
Epoch 46 training time cost: 29.8263 seconds
Test results: SROCC=0.6498, KROCC=0.4663, PLCC=0.6576, RMSE=0.1701
Update best model using best_val_criterion 
Update the best Test results: SROCC=0.6498, KROCC=0.4663, PLCC=0.6576, RMSE=0.1701
Epoch 47 averaged training loss: 1.0372
The current learning rate is 0.000590
Epoch 47 training time cost: 29.2963 seconds
Test results: SROCC=0.6887, KROCC=0.4971, PLCC=0.6949, RMSE=0.1623
Update best model using best_val_criterion 
Update the best Test results: SROCC=0.6887, KROCC=0.4971, PLCC=0.6949, RMSE=0.1623
Epoch 48 averaged training loss: 1.0389
The current learning rate is 0.000531
Epoch 48 training time cost: 29.4437 seconds
Test results: SROCC=0.6990, KROCC=0.4980, PLCC=0.7029, RMSE=0.1606
Update best model using best_val_criterion 
Update the best Test results: SROCC=0.6990, KROCC=0.4980, PLCC=0.7029, RMSE=0.1606
Epoch 49 averaged training loss: 1.0349
The current learning rate is 0.000531
Epoch 49 training time cost: 29.4903 seconds
Test results: SROCC=0.6548, KROCC=0.4773, PLCC=0.6609, RMSE=0.1694
Epoch 50 averaged training loss: 1.0359
The current learning rate is 0.000531
Epoch 50 training time cost: 29.4914 seconds
Test results: SROCC=0.6283, KROCC=0.4494, PLCC=0.6313, RMSE=0.1751
Epoch 51 averaged training loss: 1.0343
The current learning rate is 0.000531
Epoch 51 training time cost: 29.7013 seconds
Test results: SROCC=0.5778, KROCC=0.4067, PLCC=0.6064, RMSE=0.1795
Epoch 52 averaged training loss: 1.0400
The current learning rate is 0.000531
Epoch 52 training time cost: 29.7847 seconds
Test results: SROCC=0.6308, KROCC=0.4592, PLCC=0.6318, RMSE=0.1750
Epoch 53 averaged training loss: 1.0367
The current learning rate is 0.000531
Epoch 53 training time cost: 29.2360 seconds
Test results: SROCC=0.7013, KROCC=0.5106, PLCC=0.7042, RMSE=0.1603
Update best model using best_val_criterion 
Update the best Test results: SROCC=0.7013, KROCC=0.5106, PLCC=0.7042, RMSE=0.1603
Epoch 54 averaged training loss: 1.0371
The current learning rate is 0.000531
Epoch 54 training time cost: 29.2792 seconds
Test results: SROCC=0.7572, KROCC=0.5659, PLCC=0.7648, RMSE=0.1455
Update best model using best_val_criterion 
Update the best Test results: SROCC=0.7572, KROCC=0.5659, PLCC=0.7648, RMSE=0.1455
Epoch 55 averaged training loss: 1.0502
The current learning rate is 0.000531
Epoch 55 training time cost: 29.3605 seconds
Test results: SROCC=0.7285, KROCC=0.5321, PLCC=0.7347, RMSE=0.1532
Epoch 56 averaged training loss: 1.0228
The current learning rate is 0.000478
Epoch 56 training time cost: 29.3076 seconds
Test results: SROCC=0.6780, KROCC=0.4941, PLCC=0.6886, RMSE=0.1637
Epoch 57 averaged training loss: 1.0063
The current learning rate is 0.000478
Epoch 57 training time cost: 29.3812 seconds
Test results: SROCC=0.7477, KROCC=0.5501, PLCC=0.7518, RMSE=0.1489
Epoch 58 averaged training loss: 1.0333
The current learning rate is 0.000478
Epoch 58 training time cost: 29.4975 seconds
Test results: SROCC=0.7437, KROCC=0.5516, PLCC=0.7456, RMSE=0.1505
Epoch 59 averaged training loss: 1.0350
The current learning rate is 0.000478
Epoch 59 training time cost: 29.5386 seconds
Test results: SROCC=0.7055, KROCC=0.5049, PLCC=0.7035, RMSE=0.1605
Epoch 60 averaged training loss: 1.0350
The current learning rate is 0.000478
Epoch 60 training time cost: 29.3646 seconds
Test results: SROCC=0.5701, KROCC=0.4026, PLCC=0.5807, RMSE=0.1838
Epoch 61 averaged training loss: 1.0326
The current learning rate is 0.000478
Epoch 61 training time cost: 29.6117 seconds
Test results: SROCC=0.6551, KROCC=0.4687, PLCC=0.6662, RMSE=0.1684
Epoch 62 averaged training loss: 1.0497
The current learning rate is 0.000478
Epoch 62 training time cost: 29.3461 seconds
Test results: SROCC=0.7210, KROCC=0.5301, PLCC=0.7240, RMSE=0.1557
Epoch 63 averaged training loss: 1.0353
The current learning rate is 0.000478
Epoch 63 training time cost: 29.5117 seconds
Test results: SROCC=0.6220, KROCC=0.4504, PLCC=0.6322, RMSE=0.1749
Epoch 64 averaged training loss: 1.0342
The current learning rate is 0.000430
Epoch 64 training time cost: 29.9866 seconds
Test results: SROCC=0.6257, KROCC=0.4615, PLCC=0.6387, RMSE=0.1737
Epoch 65 averaged training loss: 1.0320
The current learning rate is 0.000430
Epoch 65 training time cost: 30.8319 seconds
Test results: SROCC=0.6573, KROCC=0.4750, PLCC=0.6564, RMSE=0.1703
Epoch 66 averaged training loss: 1.0374
The current learning rate is 0.000430
Epoch 66 training time cost: 30.7904 seconds
Test results: SROCC=0.6893, KROCC=0.5054, PLCC=0.7000, RMSE=0.1612
Epoch 67 averaged training loss: 1.0372
The current learning rate is 0.000430
Epoch 67 training time cost: 32.1327 seconds
Test results: SROCC=0.6805, KROCC=0.4976, PLCC=0.6876, RMSE=0.1639
Epoch 68 averaged training loss: 1.0403
The current learning rate is 0.000430
Epoch 68 training time cost: 31.4152 seconds
Test results: SROCC=0.6904, KROCC=0.4945, PLCC=0.6912, RMSE=0.1632
Epoch 69 averaged training loss: 1.0340
The current learning rate is 0.000430
Epoch 69 training time cost: 32.3535 seconds
Test results: SROCC=0.7675, KROCC=0.5678, PLCC=0.7751, RMSE=0.1427
Update best model using best_val_criterion 
Update the best Test results: SROCC=0.7675, KROCC=0.5678, PLCC=0.7751, RMSE=0.1427
Epoch 70 averaged training loss: 1.0301
The current learning rate is 0.000430
Epoch 70 training time cost: 32.5284 seconds
Test results: SROCC=0.7376, KROCC=0.5374, PLCC=0.7415, RMSE=0.1515
Epoch 71 averaged training loss: 1.0320
The current learning rate is 0.000430
Epoch 71 training time cost: 33.3378 seconds
Test results: SROCC=0.7366, KROCC=0.5421, PLCC=0.7419, RMSE=0.1514
Epoch 72 averaged training loss: 1.0452
The current learning rate is 0.000387
Epoch 72 training time cost: 32.7931 seconds
Test results: SROCC=0.7127, KROCC=0.5236, PLCC=0.7252, RMSE=0.1554
Epoch 73 averaged training loss: 1.0046
The current learning rate is 0.000387
Epoch 73 training time cost: 32.7514 seconds
Test results: SROCC=0.7803, KROCC=0.5820, PLCC=0.7820, RMSE=0.1407
Update best model using best_val_criterion 
Update the best Test results: SROCC=0.7803, KROCC=0.5820, PLCC=0.7820, RMSE=0.1407
Epoch 74 averaged training loss: 1.0305
The current learning rate is 0.000387
Epoch 74 training time cost: 31.6677 seconds
Test results: SROCC=0.5575, KROCC=0.4069, PLCC=0.5833, RMSE=0.1834
Epoch 75 averaged training loss: 1.0440
The current learning rate is 0.000387
Epoch 75 training time cost: 31.1693 seconds
Test results: SROCC=0.7248, KROCC=0.5364, PLCC=0.7356, RMSE=0.1529
Epoch 76 averaged training loss: 1.0389
The current learning rate is 0.000387
Epoch 76 training time cost: 31.7346 seconds
Test results: SROCC=0.7082, KROCC=0.5125, PLCC=0.7197, RMSE=0.1567
Epoch 77 averaged training loss: 1.0329
The current learning rate is 0.000387
Epoch 77 training time cost: 31.6900 seconds
Test results: SROCC=0.7560, KROCC=0.5562, PLCC=0.7581, RMSE=0.1472
Epoch 78 averaged training loss: 1.0321
The current learning rate is 0.000387
Epoch 78 training time cost: 34.0697 seconds
Test results: SROCC=0.7891, KROCC=0.5870, PLCC=0.7939, RMSE=0.1373
Update best model using best_val_criterion 
Update the best Test results: SROCC=0.7891, KROCC=0.5870, PLCC=0.7939, RMSE=0.1373
Epoch 79 averaged training loss: 1.0329
The current learning rate is 0.000387
Epoch 79 training time cost: 31.5903 seconds
Test results: SROCC=0.7273, KROCC=0.5418, PLCC=0.7635, RMSE=0.1458
Epoch 80 averaged training loss: 1.0314
The current learning rate is 0.000349
Epoch 80 training time cost: 31.4069 seconds
Test results: SROCC=0.7472, KROCC=0.5531, PLCC=0.7559, RMSE=0.1478
Epoch 81 averaged training loss: 1.0317
The current learning rate is 0.000349
Epoch 81 training time cost: 30.7255 seconds
Test results: SROCC=0.7670, KROCC=0.5572, PLCC=0.7661, RMSE=0.1451
Epoch 82 averaged training loss: 1.0329
The current learning rate is 0.000349
Epoch 82 training time cost: 30.9803 seconds
Test results: SROCC=0.8089, KROCC=0.6106, PLCC=0.8117, RMSE=0.1319
Update best model using best_val_criterion 
Update the best Test results: SROCC=0.8089, KROCC=0.6106, PLCC=0.8117, RMSE=0.1319
Epoch 83 averaged training loss: 1.0316
The current learning rate is 0.000349
Epoch 83 training time cost: 30.2868 seconds
Test results: SROCC=0.7653, KROCC=0.5666, PLCC=0.7652, RMSE=0.1453
Epoch 84 averaged training loss: 1.0161
The current learning rate is 0.000349
Epoch 84 training time cost: 30.6063 seconds
Test results: SROCC=0.5942, KROCC=0.4237, PLCC=0.6093, RMSE=0.1790
Epoch 85 averaged training loss: 1.0321
The current learning rate is 0.000349
Epoch 85 training time cost: 30.9713 seconds
Test results: SROCC=0.7475, KROCC=0.5539, PLCC=0.7526, RMSE=0.1487
Epoch 86 averaged training loss: 1.0330
The current learning rate is 0.000349
Epoch 86 training time cost: 30.9449 seconds
Test results: SROCC=0.5780, KROCC=0.4059, PLCC=0.5992, RMSE=0.1807
Epoch 87 averaged training loss: 1.0317
The current learning rate is 0.000349
Epoch 87 training time cost: 31.4010 seconds
Test results: SROCC=0.6297, KROCC=0.4645, PLCC=0.6700, RMSE=0.1676
Epoch 88 averaged training loss: 1.0293
The current learning rate is 0.000314
Epoch 88 training time cost: 31.3172 seconds
Test results: SROCC=0.5666, KROCC=0.4074, PLCC=0.5975, RMSE=0.1810
Epoch 89 averaged training loss: 1.0325
The current learning rate is 0.000314
Epoch 89 training time cost: 29.9662 seconds
Test results: SROCC=0.6966, KROCC=0.5192, PLCC=0.7072, RMSE=0.1596
Epoch 90 averaged training loss: 1.0280
The current learning rate is 0.000314
Epoch 90 training time cost: 30.1116 seconds
Test results: SROCC=0.7778, KROCC=0.5696, PLCC=0.7789, RMSE=0.1416
Epoch 91 averaged training loss: 1.0293
The current learning rate is 0.000314
Epoch 91 training time cost: 30.0704 seconds
Test results: SROCC=0.7623, KROCC=0.5699, PLCC=0.7655, RMSE=0.1453
Epoch 92 averaged training loss: 1.0291
The current learning rate is 0.000314
Epoch 92 training time cost: 30.3907 seconds
Test results: SROCC=0.6345, KROCC=0.4585, PLCC=0.6565, RMSE=0.1703
Epoch 93 averaged training loss: 1.0299
The current learning rate is 0.000314
Epoch 93 training time cost: 30.5013 seconds
Test results: SROCC=0.7297, KROCC=0.5276, PLCC=0.7352, RMSE=0.1530
Epoch 94 averaged training loss: 1.0154
The current learning rate is 0.000314
Epoch 94 training time cost: 30.7955 seconds
Test results: SROCC=0.7382, KROCC=0.5436, PLCC=0.7440, RMSE=0.1509
Epoch 95 averaged training loss: 1.0310
The current learning rate is 0.000314
Epoch 95 training time cost: 30.3870 seconds
Test results: SROCC=0.7726, KROCC=0.5703, PLCC=0.7790, RMSE=0.1416
Epoch 96 averaged training loss: 1.0437
The current learning rate is 0.000282
Epoch 96 training time cost: 29.7099 seconds
Test results: SROCC=0.7592, KROCC=0.5571, PLCC=0.7605, RMSE=0.1466
Epoch 97 averaged training loss: 1.0269
The current learning rate is 0.000282
Epoch 97 training time cost: 27.8641 seconds
Test results: SROCC=0.7600, KROCC=0.5608, PLCC=0.7666, RMSE=0.1450
Epoch 98 averaged training loss: 1.0243
The current learning rate is 0.000282
Epoch 98 training time cost: 27.5172 seconds
Test results: SROCC=0.7646, KROCC=0.5694, PLCC=0.7720, RMSE=0.1435
Epoch 99 averaged training loss: 1.0428
The current learning rate is 0.000282
Epoch 99 training time cost: 27.0487 seconds
Test results: SROCC=0.7844, KROCC=0.5854, PLCC=0.7881, RMSE=0.1390
Epoch 100 averaged training loss: 1.0144
The current learning rate is 0.000282
Epoch 100 training time cost: 26.9729 seconds
Test results: SROCC=0.4747, KROCC=0.3411, PLCC=0.5201, RMSE=0.1928
['WPC']
The best Val results: SROCC=0.8089, KROCC=0.6106, PLCC=0.8117, RMSE=0.1319
*************************************************************************************************************************
Using GPU
Starting fold 4/4
Using Adam optimize with initial learning rate of 0.001
^^^^^^^^^^^^^^^^^^^^^^^^^^^^^^^^^^^^^^^^^^^^^^^^^^^^^^^^^^^^^^^^^^^^^^^^^^^^^^^
starting the training
^^^^^^^^^^^^^^^^^^^^^^^^^^^^^^^^^^^^^^^^^^^^^^^^^^^^^^^^^^^^^^^^^^^^^^^^^^^^^^^
Epoch 1 averaged training loss: 35.1931
The current learning rate is 0.001000
Epoch 1 training time cost: 27.1093 seconds
Test results: SROCC=-0.0923, KROCC=-0.0523, PLCC=0.0876, RMSE=0.2275
Update best model using best_val_criterion 
Update the best Test results: SROCC=-0.0923, KROCC=-0.0523, PLCC=0.0876, RMSE=0.2275
Epoch 2 averaged training loss: 1.1176
The current learning rate is 0.001000
Epoch 2 training time cost: 26.8517 seconds
Test results: SROCC=0.0620, KROCC=0.0385, PLCC=0.2984, RMSE=0.2180
Update best model using best_val_criterion 
Update the best Test results: SROCC=0.0620, KROCC=0.0385, PLCC=0.2984, RMSE=0.2180
Epoch 3 averaged training loss: 1.0667
The current learning rate is 0.001000
Epoch 3 training time cost: 26.7713 seconds
Test results: SROCC=0.2928, KROCC=0.2050, PLCC=0.3397, RMSE=0.2148
Update best model using best_val_criterion 
Update the best Test results: SROCC=0.2928, KROCC=0.2050, PLCC=0.3397, RMSE=0.2148
Epoch 4 averaged training loss: 1.0718
The current learning rate is 0.001000
Epoch 4 training time cost: 26.8131 seconds
Test results: SROCC=0.3152, KROCC=0.2223, PLCC=0.4177, RMSE=0.2075
Update best model using best_val_criterion 
Update the best Test results: SROCC=0.3152, KROCC=0.2223, PLCC=0.4177, RMSE=0.2075
Epoch 5 averaged training loss: 1.0558
The current learning rate is 0.001000
Epoch 5 training time cost: 26.8557 seconds
Test results: SROCC=0.3851, KROCC=0.2713, PLCC=0.3994, RMSE=0.2094
Update best model using best_val_criterion 
Update the best Test results: SROCC=0.3851, KROCC=0.2713, PLCC=0.3994, RMSE=0.2094
Epoch 6 averaged training loss: 1.0638
The current learning rate is 0.001000
Epoch 6 training time cost: 26.8669 seconds
Test results: SROCC=0.3763, KROCC=0.2547, PLCC=0.4257, RMSE=0.2067
Epoch 7 averaged training loss: 1.0753
The current learning rate is 0.001000
Epoch 7 training time cost: 26.9086 seconds
Test results: SROCC=0.3857, KROCC=0.2640, PLCC=0.3965, RMSE=0.2097
Update best model using best_val_criterion 
Update the best Test results: SROCC=0.3857, KROCC=0.2640, PLCC=0.3965, RMSE=0.2097
Epoch 8 averaged training loss: 1.0870
The current learning rate is 0.000900
Epoch 8 training time cost: 26.9356 seconds
Test results: SROCC=0.2970, KROCC=0.2074, PLCC=0.3219, RMSE=0.2162
Epoch 9 averaged training loss: 1.0655
The current learning rate is 0.000900
Epoch 9 training time cost: 26.7710 seconds
Test results: SROCC=0.3729, KROCC=0.2630, PLCC=0.3975, RMSE=0.2096
Epoch 10 averaged training loss: 1.0624
The current learning rate is 0.000900
Epoch 10 training time cost: 26.7889 seconds
Test results: SROCC=0.4680, KROCC=0.3198, PLCC=0.4826, RMSE=0.2000
Update best model using best_val_criterion 
Update the best Test results: SROCC=0.4680, KROCC=0.3198, PLCC=0.4826, RMSE=0.2000
Epoch 11 averaged training loss: 1.0688
The current learning rate is 0.000900
Epoch 11 training time cost: 26.7123 seconds
Test results: SROCC=0.4271, KROCC=0.3048, PLCC=0.4665, RMSE=0.2020
Epoch 12 averaged training loss: 1.0708
The current learning rate is 0.000900
Epoch 12 training time cost: 26.8281 seconds
Test results: SROCC=0.3320, KROCC=0.2335, PLCC=0.3605, RMSE=0.2130
Epoch 13 averaged training loss: 1.0653
The current learning rate is 0.000900
Epoch 13 training time cost: 26.8235 seconds
Test results: SROCC=0.4926, KROCC=0.3479, PLCC=0.5085, RMSE=0.1967
Update best model using best_val_criterion 
Update the best Test results: SROCC=0.4926, KROCC=0.3479, PLCC=0.5085, RMSE=0.1967
Epoch 14 averaged training loss: 1.0568
The current learning rate is 0.000900
Epoch 14 training time cost: 26.8156 seconds
Test results: SROCC=0.6485, KROCC=0.4746, PLCC=0.6435, RMSE=0.1748
Update best model using best_val_criterion 
Update the best Test results: SROCC=0.6485, KROCC=0.4746, PLCC=0.6435, RMSE=0.1748
Epoch 15 averaged training loss: 1.0575
The current learning rate is 0.000900
Epoch 15 training time cost: 26.8920 seconds
Test results: SROCC=0.4765, KROCC=0.3335, PLCC=0.4874, RMSE=0.1994
Epoch 16 averaged training loss: 1.0419
The current learning rate is 0.000810
Epoch 16 training time cost: 26.7911 seconds
Test results: SROCC=0.5527, KROCC=0.3819, PLCC=0.5551, RMSE=0.1900
Epoch 17 averaged training loss: 1.0547
The current learning rate is 0.000810
Epoch 17 training time cost: 26.8361 seconds
Test results: SROCC=0.5405, KROCC=0.3814, PLCC=0.5322, RMSE=0.1934
Epoch 18 averaged training loss: 1.0596
The current learning rate is 0.000810
Epoch 18 training time cost: 26.8290 seconds
Test results: SROCC=0.5552, KROCC=0.3912, PLCC=0.5545, RMSE=0.1901
Epoch 19 averaged training loss: 1.0445
The current learning rate is 0.000810
Epoch 19 training time cost: 26.8271 seconds
Test results: SROCC=0.4695, KROCC=0.3305, PLCC=0.4820, RMSE=0.2001
Epoch 20 averaged training loss: 1.0419
The current learning rate is 0.000810
Epoch 20 training time cost: 26.7859 seconds
Test results: SROCC=0.4526, KROCC=0.3223, PLCC=0.4680, RMSE=0.2018
Epoch 21 averaged training loss: 1.0398
The current learning rate is 0.000810
Epoch 21 training time cost: 26.8335 seconds
Test results: SROCC=0.5172, KROCC=0.3767, PLCC=0.5593, RMSE=0.1893
Epoch 22 averaged training loss: 1.0427
The current learning rate is 0.000810
Epoch 22 training time cost: 26.8075 seconds
Test results: SROCC=0.6099, KROCC=0.4338, PLCC=0.6030, RMSE=0.1822
Epoch 23 averaged training loss: 1.0591
The current learning rate is 0.000810
Epoch 23 training time cost: 26.8051 seconds
Test results: SROCC=0.4763, KROCC=0.3490, PLCC=0.5321, RMSE=0.1934
Epoch 24 averaged training loss: 1.0541
The current learning rate is 0.000729
Epoch 24 training time cost: 26.8140 seconds
Test results: SROCC=0.5255, KROCC=0.3761, PLCC=0.5318, RMSE=0.1934
Epoch 25 averaged training loss: 1.0521
The current learning rate is 0.000729
Epoch 25 training time cost: 26.8552 seconds
Test results: SROCC=0.5501, KROCC=0.3895, PLCC=0.5547, RMSE=0.1900
Epoch 26 averaged training loss: 1.0493
The current learning rate is 0.000729
Epoch 26 training time cost: 26.8827 seconds
Test results: SROCC=0.5897, KROCC=0.4141, PLCC=0.5867, RMSE=0.1850
Epoch 27 averaged training loss: 1.0390
The current learning rate is 0.000729
Epoch 27 training time cost: 26.8869 seconds
Test results: SROCC=0.5090, KROCC=0.3655, PLCC=0.5398, RMSE=0.1922
Epoch 28 averaged training loss: 1.0489
The current learning rate is 0.000729
Epoch 28 training time cost: 26.8342 seconds
Test results: SROCC=0.6193, KROCC=0.4392, PLCC=0.6135, RMSE=0.1804
Epoch 29 averaged training loss: 1.0538
The current learning rate is 0.000729
Epoch 29 training time cost: 26.8816 seconds
Test results: SROCC=0.5326, KROCC=0.3898, PLCC=0.5555, RMSE=0.1899
Epoch 30 averaged training loss: 1.0336
The current learning rate is 0.000729
Epoch 30 training time cost: 26.8337 seconds
Test results: SROCC=0.6065, KROCC=0.4202, PLCC=0.5878, RMSE=0.1848
Epoch 31 averaged training loss: 1.0511
The current learning rate is 0.000729
Epoch 31 training time cost: 26.7794 seconds
Test results: SROCC=0.5411, KROCC=0.3767, PLCC=0.5366, RMSE=0.1927
Epoch 32 averaged training loss: 1.0332
The current learning rate is 0.000656
Epoch 32 training time cost: 26.8469 seconds
Test results: SROCC=0.6822, KROCC=0.4874, PLCC=0.6729, RMSE=0.1689
Update best model using best_val_criterion 
Update the best Test results: SROCC=0.6822, KROCC=0.4874, PLCC=0.6729, RMSE=0.1689
Epoch 33 averaged training loss: 1.0512
The current learning rate is 0.000656
Epoch 33 training time cost: 26.8570 seconds
Test results: SROCC=0.5891, KROCC=0.4166, PLCC=0.5938, RMSE=0.1838
Epoch 34 averaged training loss: 1.0487
The current learning rate is 0.000656
Epoch 34 training time cost: 26.7633 seconds
Test results: SROCC=0.5930, KROCC=0.4338, PLCC=0.6161, RMSE=0.1799
Epoch 35 averaged training loss: 1.0479
The current learning rate is 0.000656
Epoch 35 training time cost: 26.8217 seconds
Test results: SROCC=0.6801, KROCC=0.4982, PLCC=0.6715, RMSE=0.1692
Epoch 36 averaged training loss: 1.0335
The current learning rate is 0.000656
Epoch 36 training time cost: 26.8904 seconds
Test results: SROCC=0.5669, KROCC=0.4044, PLCC=0.5898, RMSE=0.1844
Epoch 37 averaged training loss: 1.0475
The current learning rate is 0.000656
Epoch 37 training time cost: 26.7589 seconds
Test results: SROCC=0.5853, KROCC=0.4062, PLCC=0.5755, RMSE=0.1868
Epoch 38 averaged training loss: 1.0174
The current learning rate is 0.000656
Epoch 38 training time cost: 26.7927 seconds
Test results: SROCC=0.6473, KROCC=0.4600, PLCC=0.6486, RMSE=0.1738
Epoch 39 averaged training loss: 1.0331
The current learning rate is 0.000656
Epoch 39 training time cost: 26.6398 seconds
Test results: SROCC=0.6181, KROCC=0.4444, PLCC=0.6184, RMSE=0.1795
Epoch 40 averaged training loss: 1.0341
The current learning rate is 0.000590
Epoch 40 training time cost: 26.7166 seconds
Test results: SROCC=0.5197, KROCC=0.3736, PLCC=0.5488, RMSE=0.1909
Epoch 41 averaged training loss: 1.0469
The current learning rate is 0.000590
Epoch 41 training time cost: 26.7561 seconds
Test results: SROCC=0.5768, KROCC=0.4171, PLCC=0.5829, RMSE=0.1856
Epoch 42 averaged training loss: 1.0466
The current learning rate is 0.000590
Epoch 42 training time cost: 26.7787 seconds
Test results: SROCC=0.6552, KROCC=0.4659, PLCC=0.6590, RMSE=0.1718
Epoch 43 averaged training loss: 1.0479
The current learning rate is 0.000590
Epoch 43 training time cost: 26.8872 seconds
Test results: SROCC=0.6445, KROCC=0.4597, PLCC=0.6384, RMSE=0.1758
Epoch 44 averaged training loss: 1.0170
The current learning rate is 0.000590
Epoch 44 training time cost: 26.7204 seconds
Test results: SROCC=0.6078, KROCC=0.4413, PLCC=0.6237, RMSE=0.1785
Epoch 45 averaged training loss: 1.0351
The current learning rate is 0.000590
Epoch 45 training time cost: 26.8459 seconds
Test results: SROCC=0.6945, KROCC=0.4980, PLCC=0.6816, RMSE=0.1671
Update best model using best_val_criterion 
Update the best Test results: SROCC=0.6945, KROCC=0.4980, PLCC=0.6816, RMSE=0.1671
Epoch 46 averaged training loss: 1.0412
The current learning rate is 0.000590
Epoch 46 training time cost: 26.7958 seconds
Test results: SROCC=0.5432, KROCC=0.3838, PLCC=0.5435, RMSE=0.1917
Epoch 47 averaged training loss: 1.0492
The current learning rate is 0.000590
Epoch 47 training time cost: 26.7792 seconds
Test results: SROCC=0.6491, KROCC=0.4656, PLCC=0.6527, RMSE=0.1730
Epoch 48 averaged training loss: 1.0335
The current learning rate is 0.000531
Epoch 48 training time cost: 26.9363 seconds
Test results: SROCC=0.6692, KROCC=0.4878, PLCC=0.6672, RMSE=0.1701
Epoch 49 averaged training loss: 1.0305
The current learning rate is 0.000531
Epoch 49 training time cost: 26.8949 seconds
Test results: SROCC=0.6847, KROCC=0.4976, PLCC=0.6740, RMSE=0.1687
Epoch 50 averaged training loss: 1.0457
The current learning rate is 0.000531
Epoch 50 training time cost: 26.8912 seconds
Test results: SROCC=0.6875, KROCC=0.4982, PLCC=0.6847, RMSE=0.1665
Epoch 51 averaged training loss: 1.0329
The current learning rate is 0.000531
Epoch 51 training time cost: 26.8670 seconds
Test results: SROCC=0.6977, KROCC=0.5056, PLCC=0.6869, RMSE=0.1660
Update best model using best_val_criterion 
Update the best Test results: SROCC=0.6977, KROCC=0.5056, PLCC=0.6869, RMSE=0.1660
Epoch 52 averaged training loss: 1.0472
The current learning rate is 0.000531
Epoch 52 training time cost: 26.8415 seconds
Test results: SROCC=0.5727, KROCC=0.4053, PLCC=0.5632, RMSE=0.1887
Epoch 53 averaged training loss: 1.0471
The current learning rate is 0.000531
Epoch 53 training time cost: 26.8033 seconds
Test results: SROCC=0.6404, KROCC=0.4628, PLCC=0.6574, RMSE=0.1721
Epoch 54 averaged training loss: 1.0169
The current learning rate is 0.000531
Epoch 54 training time cost: 26.8132 seconds
Test results: SROCC=0.7051, KROCC=0.5090, PLCC=0.6983, RMSE=0.1635
Update best model using best_val_criterion 
Update the best Test results: SROCC=0.7051, KROCC=0.5090, PLCC=0.6983, RMSE=0.1635
Epoch 55 averaged training loss: 1.0312
The current learning rate is 0.000531
Epoch 55 training time cost: 26.8075 seconds
Test results: SROCC=0.6021, KROCC=0.4266, PLCC=0.6219, RMSE=0.1788
Epoch 56 averaged training loss: 1.0480
The current learning rate is 0.000478
Epoch 56 training time cost: 26.8348 seconds
Test results: SROCC=0.6713, KROCC=0.4891, PLCC=0.6649, RMSE=0.1706
Epoch 57 averaged training loss: 1.0157
The current learning rate is 0.000478
Epoch 57 training time cost: 26.7117 seconds
Test results: SROCC=0.6963, KROCC=0.5134, PLCC=0.6885, RMSE=0.1656
Epoch 58 averaged training loss: 1.0350
The current learning rate is 0.000478
Epoch 58 training time cost: 26.6924 seconds
Test results: SROCC=0.6740, KROCC=0.4767, PLCC=0.6653, RMSE=0.1705
Epoch 59 averaged training loss: 1.0325
The current learning rate is 0.000478
Epoch 59 training time cost: 26.7724 seconds
Test results: SROCC=0.6492, KROCC=0.4733, PLCC=0.6474, RMSE=0.1741
Epoch 60 averaged training loss: 1.0448
The current learning rate is 0.000478
Epoch 60 training time cost: 27.1154 seconds
Test results: SROCC=0.5430, KROCC=0.4000, PLCC=0.5806, RMSE=0.1860
Epoch 61 averaged training loss: 1.0417
The current learning rate is 0.000478
Epoch 61 training time cost: 26.8160 seconds
Test results: SROCC=0.6598, KROCC=0.4829, PLCC=0.6718, RMSE=0.1692
Epoch 62 averaged training loss: 1.0411
The current learning rate is 0.000478
Epoch 62 training time cost: 26.8617 seconds
Test results: SROCC=0.7324, KROCC=0.5494, PLCC=0.7316, RMSE=0.1557
Update best model using best_val_criterion 
Update the best Test results: SROCC=0.7324, KROCC=0.5494, PLCC=0.7316, RMSE=0.1557
Epoch 63 averaged training loss: 1.0444
The current learning rate is 0.000478
Epoch 63 training time cost: 26.7661 seconds
Test results: SROCC=0.6263, KROCC=0.4680, PLCC=0.6384, RMSE=0.1758
Epoch 64 averaged training loss: 1.0444
The current learning rate is 0.000430
Epoch 64 training time cost: 26.7928 seconds
Test results: SROCC=0.7872, KROCC=0.5861, PLCC=0.7819, RMSE=0.1424
Update best model using best_val_criterion 
Update the best Test results: SROCC=0.7872, KROCC=0.5861, PLCC=0.7819, RMSE=0.1424
Epoch 65 averaged training loss: 1.0281
The current learning rate is 0.000430
Epoch 65 training time cost: 26.8483 seconds
Test results: SROCC=0.6695, KROCC=0.4955, PLCC=0.6937, RMSE=0.1645
Epoch 66 averaged training loss: 1.0449
The current learning rate is 0.000430
Epoch 66 training time cost: 26.7827 seconds
Test results: SROCC=0.6296, KROCC=0.4565, PLCC=0.6650, RMSE=0.1706
Epoch 67 averaged training loss: 1.0346
The current learning rate is 0.000430
Epoch 67 training time cost: 26.8238 seconds
Test results: SROCC=0.7575, KROCC=0.5568, PLCC=0.7525, RMSE=0.1504
Epoch 68 averaged training loss: 1.0449
The current learning rate is 0.000430
Epoch 68 training time cost: 26.9146 seconds
Test results: SROCC=0.6287, KROCC=0.4692, PLCC=0.6631, RMSE=0.1710
Epoch 69 averaged training loss: 1.0279
The current learning rate is 0.000430
Epoch 69 training time cost: 26.8587 seconds
Test results: SROCC=0.7121, KROCC=0.5216, PLCC=0.7078, RMSE=0.1613
Epoch 70 averaged training loss: 1.0278
The current learning rate is 0.000430
Epoch 70 training time cost: 26.7263 seconds
Test results: SROCC=0.6734, KROCC=0.4966, PLCC=0.6817, RMSE=0.1671
Epoch 71 averaged training loss: 1.0329
The current learning rate is 0.000430
Epoch 71 training time cost: 26.6076 seconds
Test results: SROCC=0.7558, KROCC=0.5579, PLCC=0.7535, RMSE=0.1502
Epoch 72 averaged training loss: 1.0321
The current learning rate is 0.000387
Epoch 72 training time cost: 26.7227 seconds
Test results: SROCC=0.7447, KROCC=0.5412, PLCC=0.7380, RMSE=0.1541
Epoch 73 averaged training loss: 1.0317
The current learning rate is 0.000387
Epoch 73 training time cost: 26.8670 seconds
Test results: SROCC=0.7827, KROCC=0.5821, PLCC=0.7774, RMSE=0.1436
Epoch 74 averaged training loss: 1.0005
The current learning rate is 0.000387
Epoch 74 training time cost: 26.7118 seconds
Test results: SROCC=0.7242, KROCC=0.5328, PLCC=0.7211, RMSE=0.1582
Epoch 75 averaged training loss: 1.0240
The current learning rate is 0.000387
Epoch 75 training time cost: 26.7935 seconds
Test results: SROCC=0.6913, KROCC=0.5125, PLCC=0.7101, RMSE=0.1608
Epoch 76 averaged training loss: 1.0430
The current learning rate is 0.000387
Epoch 76 training time cost: 26.9255 seconds
Test results: SROCC=0.7756, KROCC=0.5757, PLCC=0.7719, RMSE=0.1452
Epoch 77 averaged training loss: 1.0352
The current learning rate is 0.000387
Epoch 77 training time cost: 26.9416 seconds
Test results: SROCC=0.7560, KROCC=0.5494, PLCC=0.7498, RMSE=0.1511
Epoch 78 averaged training loss: 1.0458
The current learning rate is 0.000387
Epoch 78 training time cost: 26.9711 seconds
Test results: SROCC=0.7049, KROCC=0.5202, PLCC=0.7000, RMSE=0.1631
Epoch 79 averaged training loss: 1.0111
The current learning rate is 0.000387
Epoch 79 training time cost: 26.8295 seconds
Test results: SROCC=0.7149, KROCC=0.5259, PLCC=0.7048, RMSE=0.1620
Epoch 80 averaged training loss: 1.0416
The current learning rate is 0.000349
Epoch 80 training time cost: 26.8283 seconds
Test results: SROCC=0.7255, KROCC=0.5287, PLCC=0.7218, RMSE=0.1581
Epoch 81 averaged training loss: 1.0424
The current learning rate is 0.000349
Epoch 81 training time cost: 26.8255 seconds
Test results: SROCC=0.7096, KROCC=0.5125, PLCC=0.7074, RMSE=0.1614
Epoch 82 averaged training loss: 1.0271
The current learning rate is 0.000349
Epoch 82 training time cost: 26.8023 seconds
Test results: SROCC=0.7584, KROCC=0.5571, PLCC=0.7554, RMSE=0.1496
Epoch 83 averaged training loss: 1.0475
The current learning rate is 0.000349
Epoch 83 training time cost: 26.8157 seconds
Test results: SROCC=0.7665, KROCC=0.5638, PLCC=0.7678, RMSE=0.1463
Epoch 84 averaged training loss: 1.0267
The current learning rate is 0.000349
Epoch 84 training time cost: 26.8058 seconds
Test results: SROCC=0.7528, KROCC=0.5527, PLCC=0.7465, RMSE=0.1520
Epoch 85 averaged training loss: 1.0489
The current learning rate is 0.000349
Epoch 85 training time cost: 26.8509 seconds
Test results: SROCC=0.7728, KROCC=0.5834, PLCC=0.7713, RMSE=0.1453
Epoch 86 averaged training loss: 1.0302
The current learning rate is 0.000349
Epoch 86 training time cost: 26.8264 seconds
Test results: SROCC=0.7855, KROCC=0.5943, PLCC=0.7813, RMSE=0.1426
Epoch 87 averaged training loss: 1.0274
The current learning rate is 0.000349
Epoch 87 training time cost: 26.8703 seconds
Test results: SROCC=0.7403, KROCC=0.5525, PLCC=0.7448, RMSE=0.1524
Epoch 88 averaged training loss: 1.0431
The current learning rate is 0.000314
Epoch 88 training time cost: 26.8992 seconds
Test results: SROCC=0.7844, KROCC=0.5866, PLCC=0.7830, RMSE=0.1421
Epoch 89 averaged training loss: 1.0557
The current learning rate is 0.000314
Epoch 89 training time cost: 26.8651 seconds
Test results: SROCC=0.8193, KROCC=0.6309, PLCC=0.8196, RMSE=0.1308
Update best model using best_val_criterion 
Update the best Test results: SROCC=0.8193, KROCC=0.6309, PLCC=0.8196, RMSE=0.1308
Epoch 90 averaged training loss: 1.0428
The current learning rate is 0.000314
Epoch 90 training time cost: 26.7712 seconds
Test results: SROCC=0.7902, KROCC=0.5976, PLCC=0.7862, RMSE=0.1411
Epoch 91 averaged training loss: 1.0237
The current learning rate is 0.000314
Epoch 91 training time cost: 26.8161 seconds
Test results: SROCC=0.7018, KROCC=0.5175, PLCC=0.7053, RMSE=0.1619
Epoch 92 averaged training loss: 1.0409
The current learning rate is 0.000314
Epoch 92 training time cost: 26.8796 seconds
Test results: SROCC=0.7611, KROCC=0.5672, PLCC=0.7585, RMSE=0.1488
Epoch 93 averaged training loss: 1.0483
The current learning rate is 0.000314
Epoch 93 training time cost: 26.8927 seconds
Test results: SROCC=0.7393, KROCC=0.5526, PLCC=0.7369, RMSE=0.1544
Epoch 94 averaged training loss: 1.0323
The current learning rate is 0.000314
Epoch 94 training time cost: 26.6991 seconds
Test results: SROCC=0.7889, KROCC=0.5862, PLCC=0.7840, RMSE=0.1418
Epoch 95 averaged training loss: 1.0271
The current learning rate is 0.000314
Epoch 95 training time cost: 26.8108 seconds
Test results: SROCC=0.6523, KROCC=0.4938, PLCC=0.6853, RMSE=0.1663
Epoch 96 averaged training loss: 1.0178
The current learning rate is 0.000282
Epoch 96 training time cost: 26.8141 seconds
Test results: SROCC=0.7535, KROCC=0.5626, PLCC=0.7556, RMSE=0.1496
Epoch 97 averaged training loss: 0.9953
The current learning rate is 0.000282
Epoch 97 training time cost: 26.6118 seconds
Test results: SROCC=0.7252, KROCC=0.5369, PLCC=0.7223, RMSE=0.1579
Epoch 98 averaged training loss: 1.0112
The current learning rate is 0.000282
Epoch 98 training time cost: 26.8906 seconds
Test results: SROCC=0.7191, KROCC=0.5242, PLCC=0.7203, RMSE=0.1584
Epoch 99 averaged training loss: 1.0120
The current learning rate is 0.000282
Epoch 99 training time cost: 26.8897 seconds
Test results: SROCC=0.8111, KROCC=0.6120, PLCC=0.8065, RMSE=0.1350
Epoch 100 averaged training loss: 1.0271
The current learning rate is 0.000282
Epoch 100 training time cost: 26.8655 seconds
Test results: SROCC=0.7693, KROCC=0.5795, PLCC=0.7694, RMSE=0.1459
['WPC']
The best Val results: SROCC=0.8193, KROCC=0.6309, PLCC=0.8196, RMSE=0.1308
*************************************************************************************************************************
*************************************************************************************************************************
The mean val results: SROCC=0.8040, KROCC=0.6080, PLCC=0.8061, RMSE=0.1354
*************************************************************************************************************************
