*****************************************************************************
The dataset(s) used is/are:  ['WPC']
*****************************************************************************
Using GPU
Starting fold 1/4
Using Adam optimize with initial learning rate of 0.001
^^^^^^^^^^^^^^^^^^^^^^^^^^^^^^^^^^^^^^^^^^^^^^^^^^^^^^^^^^^^^^^^^^^^^^^^^^^^^^^
starting the training
^^^^^^^^^^^^^^^^^^^^^^^^^^^^^^^^^^^^^^^^^^^^^^^^^^^^^^^^^^^^^^^^^^^^^^^^^^^^^^^
Epoch 1 averaged training loss: 30.8600
The current learning rate is 0.001000
Epoch 1 training time cost: 31.9297 seconds
Test results: SROCC=0.2259, KROCC=0.1498, PLCC=0.2782, RMSE=0.2187
Update best model using best_val_criterion 
Update the best Test results: SROCC=0.2259, KROCC=0.1498, PLCC=0.2782, RMSE=0.2187
Epoch 2 averaged training loss: 1.0912
The current learning rate is 0.001000
Epoch 2 training time cost: 29.1222 seconds
Test results: SROCC=0.3046, KROCC=0.2090, PLCC=0.3403, RMSE=0.2141
Update best model using best_val_criterion 
Update the best Test results: SROCC=0.3046, KROCC=0.2090, PLCC=0.3403, RMSE=0.2141
Epoch 3 averaged training loss: 1.0715
The current learning rate is 0.001000
Epoch 3 training time cost: 29.2160 seconds
Test results: SROCC=0.1204, KROCC=0.0825, PLCC=0.2199, RMSE=0.2222
Epoch 4 averaged training loss: 1.0796
The current learning rate is 0.001000
Epoch 4 training time cost: 29.2469 seconds
Test results: SROCC=0.3259, KROCC=0.2296, PLCC=0.3473, RMSE=0.2136
Update best model using best_val_criterion 
Update the best Test results: SROCC=0.3259, KROCC=0.2296, PLCC=0.3473, RMSE=0.2136
Epoch 5 averaged training loss: 1.0778
The current learning rate is 0.001000
Epoch 5 training time cost: 29.5058 seconds
Test results: SROCC=0.3730, KROCC=0.2577, PLCC=0.4300, RMSE=0.2056
Update best model using best_val_criterion 
Update the best Test results: SROCC=0.3730, KROCC=0.2577, PLCC=0.4300, RMSE=0.2056
Epoch 6 averaged training loss: 1.0671
The current learning rate is 0.001000
Epoch 6 training time cost: 29.4152 seconds
Test results: SROCC=0.4103, KROCC=0.2859, PLCC=0.4509, RMSE=0.2033
Update best model using best_val_criterion 
Update the best Test results: SROCC=0.4103, KROCC=0.2859, PLCC=0.4509, RMSE=0.2033
Epoch 7 averaged training loss: 1.0483
The current learning rate is 0.001000
Epoch 7 training time cost: 30.4652 seconds
Test results: SROCC=0.2660, KROCC=0.1920, PLCC=0.3402, RMSE=0.2141
Epoch 8 averaged training loss: 1.0464
The current learning rate is 0.000900
Epoch 8 training time cost: 30.1134 seconds
Test results: SROCC=0.3965, KROCC=0.2739, PLCC=0.4027, RMSE=0.2084
Epoch 9 averaged training loss: 1.0477
The current learning rate is 0.000900
Epoch 9 training time cost: 28.4714 seconds
Test results: SROCC=0.4472, KROCC=0.3099, PLCC=0.4691, RMSE=0.2011
Update best model using best_val_criterion 
Update the best Test results: SROCC=0.4472, KROCC=0.3099, PLCC=0.4691, RMSE=0.2011
Epoch 10 averaged training loss: 1.0461
The current learning rate is 0.000900
Epoch 10 training time cost: 29.1158 seconds
Test results: SROCC=0.3640, KROCC=0.2558, PLCC=0.4103, RMSE=0.2077
Epoch 11 averaged training loss: 1.0432
The current learning rate is 0.000900
Epoch 11 training time cost: 29.1489 seconds
Test results: SROCC=0.4659, KROCC=0.3224, PLCC=0.4936, RMSE=0.1981
Update best model using best_val_criterion 
Update the best Test results: SROCC=0.4659, KROCC=0.3224, PLCC=0.4936, RMSE=0.1981
Epoch 12 averaged training loss: 1.0444
The current learning rate is 0.000900
Epoch 12 training time cost: 29.5946 seconds
Test results: SROCC=0.4558, KROCC=0.3071, PLCC=0.5234, RMSE=0.1941
Epoch 13 averaged training loss: 1.0483
The current learning rate is 0.000900
Epoch 13 training time cost: 29.9283 seconds
Test results: SROCC=0.4212, KROCC=0.2835, PLCC=0.4189, RMSE=0.2068
Epoch 14 averaged training loss: 1.0480
The current learning rate is 0.000900
Epoch 14 training time cost: 30.0490 seconds
Test results: SROCC=0.4565, KROCC=0.3183, PLCC=0.4803, RMSE=0.1997
Epoch 15 averaged training loss: 1.0483
The current learning rate is 0.000900
Epoch 15 training time cost: 28.9754 seconds
Test results: SROCC=0.4316, KROCC=0.2972, PLCC=0.4442, RMSE=0.2040
Epoch 16 averaged training loss: 1.0584
The current learning rate is 0.000810
Epoch 16 training time cost: 29.5095 seconds
Test results: SROCC=0.4479, KROCC=0.3190, PLCC=0.4819, RMSE=0.1995
Epoch 17 averaged training loss: 1.0444
The current learning rate is 0.000810
Epoch 17 training time cost: 29.2487 seconds
Test results: SROCC=0.5053, KROCC=0.3576, PLCC=0.5265, RMSE=0.1936
Update best model using best_val_criterion 
Update the best Test results: SROCC=0.5053, KROCC=0.3576, PLCC=0.5265, RMSE=0.1936
Epoch 18 averaged training loss: 1.0454
The current learning rate is 0.000810
Epoch 18 training time cost: 29.7428 seconds
Test results: SROCC=0.3764, KROCC=0.2659, PLCC=0.3997, RMSE=0.2087
Epoch 19 averaged training loss: 1.0550
The current learning rate is 0.000810
Epoch 19 training time cost: 29.3318 seconds
Test results: SROCC=0.3905, KROCC=0.2819, PLCC=0.4158, RMSE=0.2071
Epoch 20 averaged training loss: 1.0274
The current learning rate is 0.000810
Epoch 20 training time cost: 29.6894 seconds
Test results: SROCC=0.5520, KROCC=0.3811, PLCC=0.5531, RMSE=0.1897
Update best model using best_val_criterion 
Update the best Test results: SROCC=0.5520, KROCC=0.3811, PLCC=0.5531, RMSE=0.1897
Epoch 21 averaged training loss: 1.0282
The current learning rate is 0.000810
Epoch 21 training time cost: 29.8480 seconds
Test results: SROCC=0.4331, KROCC=0.3043, PLCC=0.4607, RMSE=0.2021
Epoch 22 averaged training loss: 1.0598
The current learning rate is 0.000810
Epoch 22 training time cost: 29.4783 seconds
Test results: SROCC=0.2761, KROCC=0.1908, PLCC=0.3475, RMSE=0.2135
Epoch 23 averaged training loss: 1.0585
The current learning rate is 0.000810
Epoch 23 training time cost: 29.0198 seconds
Test results: SROCC=0.4731, KROCC=0.3240, PLCC=0.4838, RMSE=0.1993
Epoch 24 averaged training loss: 1.0422
The current learning rate is 0.000729
Epoch 24 training time cost: 30.8137 seconds
Test results: SROCC=0.5098, KROCC=0.3514, PLCC=0.4993, RMSE=0.1973
Epoch 25 averaged training loss: 1.0597
The current learning rate is 0.000729
Epoch 25 training time cost: 30.1648 seconds
Test results: SROCC=0.5015, KROCC=0.3484, PLCC=0.5051, RMSE=0.1965
Epoch 26 averaged training loss: 1.0381
The current learning rate is 0.000729
Epoch 26 training time cost: 29.6861 seconds
Test results: SROCC=0.5360, KROCC=0.3763, PLCC=0.5476, RMSE=0.1905
Epoch 27 averaged training loss: 1.0549
The current learning rate is 0.000729
Epoch 27 training time cost: 29.2588 seconds
Test results: SROCC=0.5929, KROCC=0.4169, PLCC=0.6033, RMSE=0.1816
Update best model using best_val_criterion 
Update the best Test results: SROCC=0.5929, KROCC=0.4169, PLCC=0.6033, RMSE=0.1816
Epoch 28 averaged training loss: 1.0533
The current learning rate is 0.000729
Epoch 28 training time cost: 29.1937 seconds
Test results: SROCC=0.4532, KROCC=0.3244, PLCC=0.4697, RMSE=0.2010
Epoch 29 averaged training loss: 1.0359
The current learning rate is 0.000729
Epoch 29 training time cost: 29.0385 seconds
Test results: SROCC=0.5123, KROCC=0.3564, PLCC=0.5183, RMSE=0.1948
Epoch 30 averaged training loss: 1.0532
The current learning rate is 0.000729
Epoch 30 training time cost: 30.2616 seconds
Test results: SROCC=0.4684, KROCC=0.3264, PLCC=0.4755, RMSE=0.2003
Epoch 31 averaged training loss: 1.0464
The current learning rate is 0.000729
Epoch 31 training time cost: 28.9784 seconds
Test results: SROCC=0.5640, KROCC=0.4009, PLCC=0.5813, RMSE=0.1853
Epoch 32 averaged training loss: 1.0417
The current learning rate is 0.000656
Epoch 32 training time cost: 29.5802 seconds
Test results: SROCC=0.4298, KROCC=0.3087, PLCC=0.4392, RMSE=0.2046
Epoch 33 averaged training loss: 1.0368
The current learning rate is 0.000656
Epoch 33 training time cost: 29.6741 seconds
Test results: SROCC=0.4615, KROCC=0.3213, PLCC=0.4975, RMSE=0.1975
Epoch 34 averaged training loss: 1.0490
The current learning rate is 0.000656
Epoch 34 training time cost: 29.7126 seconds
Test results: SROCC=0.4663, KROCC=0.3367, PLCC=0.4949, RMSE=0.1979
Epoch 35 averaged training loss: 1.0430
The current learning rate is 0.000656
Epoch 35 training time cost: 29.7595 seconds
Test results: SROCC=0.4719, KROCC=0.3327, PLCC=0.4907, RMSE=0.1984
Epoch 36 averaged training loss: 1.0540
The current learning rate is 0.000656
Epoch 36 training time cost: 29.5153 seconds
Test results: SROCC=0.4866, KROCC=0.3408, PLCC=0.4963, RMSE=0.1977
Epoch 37 averaged training loss: 1.0510
The current learning rate is 0.000656
Epoch 37 training time cost: 30.3431 seconds
Test results: SROCC=0.5482, KROCC=0.3944, PLCC=0.5540, RMSE=0.1896
Epoch 38 averaged training loss: 1.0400
The current learning rate is 0.000656
Epoch 38 training time cost: 29.2168 seconds
Test results: SROCC=0.5653, KROCC=0.3993, PLCC=0.5811, RMSE=0.1853
Epoch 39 averaged training loss: 1.0421
The current learning rate is 0.000656
Epoch 39 training time cost: 30.4481 seconds
Test results: SROCC=0.5406, KROCC=0.3760, PLCC=0.5593, RMSE=0.1888
Epoch 40 averaged training loss: 1.0533
The current learning rate is 0.000590
Epoch 40 training time cost: 29.8736 seconds
Test results: SROCC=0.5925, KROCC=0.4142, PLCC=0.5976, RMSE=0.1826
Epoch 41 averaged training loss: 1.0388
The current learning rate is 0.000590
Epoch 41 training time cost: 30.0612 seconds
Test results: SROCC=0.5715, KROCC=0.4024, PLCC=0.5833, RMSE=0.1850
Epoch 42 averaged training loss: 1.0511
The current learning rate is 0.000590
Epoch 42 training time cost: 29.7902 seconds
Test results: SROCC=0.5996, KROCC=0.4187, PLCC=0.6028, RMSE=0.1817
Update best model using best_val_criterion 
Update the best Test results: SROCC=0.5996, KROCC=0.4187, PLCC=0.6028, RMSE=0.1817
Epoch 43 averaged training loss: 1.0228
The current learning rate is 0.000590
Epoch 43 training time cost: 30.0253 seconds
Test results: SROCC=0.5070, KROCC=0.3575, PLCC=0.5722, RMSE=0.1868
Epoch 44 averaged training loss: 1.0508
The current learning rate is 0.000590
Epoch 44 training time cost: 29.8234 seconds
Test results: SROCC=0.5085, KROCC=0.3615, PLCC=0.5492, RMSE=0.1903
Epoch 45 averaged training loss: 1.0345
The current learning rate is 0.000590
Epoch 45 training time cost: 29.5694 seconds
Test results: SROCC=0.4205, KROCC=0.2991, PLCC=0.4865, RMSE=0.1990
Epoch 46 averaged training loss: 1.0405
The current learning rate is 0.000590
Epoch 46 training time cost: 30.0926 seconds
Test results: SROCC=0.5624, KROCC=0.3984, PLCC=0.5758, RMSE=0.1862
Epoch 47 averaged training loss: 1.0351
The current learning rate is 0.000590
Epoch 47 training time cost: 29.6727 seconds
Test results: SROCC=0.6293, KROCC=0.4580, PLCC=0.6425, RMSE=0.1745
Update best model using best_val_criterion 
Update the best Test results: SROCC=0.6293, KROCC=0.4580, PLCC=0.6425, RMSE=0.1745
Epoch 48 averaged training loss: 1.0512
The current learning rate is 0.000531
Epoch 48 training time cost: 30.2560 seconds
Test results: SROCC=0.6085, KROCC=0.4310, PLCC=0.6152, RMSE=0.1795
Epoch 49 averaged training loss: 1.0333
The current learning rate is 0.000531
Epoch 49 training time cost: 30.3376 seconds
Test results: SROCC=0.5525, KROCC=0.3905, PLCC=0.5698, RMSE=0.1871
Epoch 50 averaged training loss: 1.0456
The current learning rate is 0.000531
Epoch 50 training time cost: 30.1812 seconds
Test results: SROCC=0.5401, KROCC=0.3899, PLCC=0.5515, RMSE=0.1900
Epoch 51 averaged training loss: 1.0358
The current learning rate is 0.000531
Epoch 51 training time cost: 28.6966 seconds
Test results: SROCC=0.5961, KROCC=0.4300, PLCC=0.6166, RMSE=0.1793
Epoch 52 averaged training loss: 1.0375
The current learning rate is 0.000531
Epoch 52 training time cost: 29.6132 seconds
Test results: SROCC=0.5439, KROCC=0.4029, PLCC=0.5486, RMSE=0.1904
Epoch 53 averaged training loss: 1.0494
The current learning rate is 0.000531
Epoch 53 training time cost: 29.1552 seconds
Test results: SROCC=0.6134, KROCC=0.4388, PLCC=0.6287, RMSE=0.1771
Epoch 54 averaged training loss: 1.0349
The current learning rate is 0.000531
Epoch 54 training time cost: 29.8184 seconds
Test results: SROCC=0.5070, KROCC=0.3538, PLCC=0.5497, RMSE=0.1902
Epoch 55 averaged training loss: 1.0330
The current learning rate is 0.000531
Epoch 55 training time cost: 29.8588 seconds
Test results: SROCC=0.6631, KROCC=0.4831, PLCC=0.6735, RMSE=0.1683
Update best model using best_val_criterion 
Update the best Test results: SROCC=0.6631, KROCC=0.4831, PLCC=0.6735, RMSE=0.1683
Epoch 56 averaged training loss: 1.0392
The current learning rate is 0.000478
Epoch 56 training time cost: 29.0532 seconds
Test results: SROCC=0.5394, KROCC=0.3806, PLCC=0.5478, RMSE=0.1905
Epoch 57 averaged training loss: 1.0325
The current learning rate is 0.000478
Epoch 57 training time cost: 30.3529 seconds
Test results: SROCC=0.5125, KROCC=0.3609, PLCC=0.5609, RMSE=0.1885
Epoch 58 averaged training loss: 1.0480
The current learning rate is 0.000478
Epoch 58 training time cost: 30.0485 seconds
Test results: SROCC=0.5229, KROCC=0.3660, PLCC=0.5711, RMSE=0.1869
Epoch 59 averaged training loss: 1.0204
The current learning rate is 0.000478
Epoch 59 training time cost: 29.4802 seconds
Test results: SROCC=0.6933, KROCC=0.5039, PLCC=0.7005, RMSE=0.1625
Update best model using best_val_criterion 
Update the best Test results: SROCC=0.6933, KROCC=0.5039, PLCC=0.7005, RMSE=0.1625
Epoch 60 averaged training loss: 1.0480
The current learning rate is 0.000478
Epoch 60 training time cost: 29.4536 seconds
Test results: SROCC=0.4653, KROCC=0.3318, PLCC=0.5517, RMSE=0.1899
Epoch 61 averaged training loss: 1.0482
The current learning rate is 0.000478
Epoch 61 training time cost: 29.0195 seconds
Test results: SROCC=0.6428, KROCC=0.4557, PLCC=0.6451, RMSE=0.1740
Epoch 62 averaged training loss: 1.0343
The current learning rate is 0.000478
Epoch 62 training time cost: 28.8106 seconds
Test results: SROCC=0.5764, KROCC=0.4127, PLCC=0.6073, RMSE=0.1809
Epoch 63 averaged training loss: 1.0308
The current learning rate is 0.000478
Epoch 63 training time cost: 29.7264 seconds
Test results: SROCC=0.6743, KROCC=0.4908, PLCC=0.6790, RMSE=0.1672
Epoch 64 averaged training loss: 1.0282
The current learning rate is 0.000430
Epoch 64 training time cost: 30.9016 seconds
Test results: SROCC=0.6475, KROCC=0.4649, PLCC=0.6603, RMSE=0.1710
Epoch 65 averaged training loss: 1.0301
The current learning rate is 0.000430
Epoch 65 training time cost: 29.9619 seconds
Test results: SROCC=0.6078, KROCC=0.4337, PLCC=0.6279, RMSE=0.1772
Epoch 66 averaged training loss: 1.0327
The current learning rate is 0.000430
Epoch 66 training time cost: 29.6139 seconds
Test results: SROCC=0.4695, KROCC=0.3375, PLCC=0.5362, RMSE=0.1922
Epoch 67 averaged training loss: 1.0317
The current learning rate is 0.000430
Epoch 67 training time cost: 29.3420 seconds
Test results: SROCC=0.4949, KROCC=0.3524, PLCC=0.5065, RMSE=0.1964
Epoch 68 averaged training loss: 1.0469
The current learning rate is 0.000430
Epoch 68 training time cost: 30.0975 seconds
Test results: SROCC=0.7025, KROCC=0.5200, PLCC=0.7160, RMSE=0.1590
Update best model using best_val_criterion 
Update the best Test results: SROCC=0.7025, KROCC=0.5200, PLCC=0.7160, RMSE=0.1590
Epoch 69 averaged training loss: 1.0473
The current learning rate is 0.000430
Epoch 69 training time cost: 29.5715 seconds
Test results: SROCC=0.6632, KROCC=0.4734, PLCC=0.6687, RMSE=0.1693
Epoch 70 averaged training loss: 1.0408
The current learning rate is 0.000430
Epoch 70 training time cost: 30.7305 seconds
Test results: SROCC=0.3806, KROCC=0.2646, PLCC=0.4633, RMSE=0.2018
Epoch 71 averaged training loss: 1.0365
The current learning rate is 0.000430
Epoch 71 training time cost: 30.0758 seconds
Test results: SROCC=0.6181, KROCC=0.4336, PLCC=0.6285, RMSE=0.1771
Epoch 72 averaged training loss: 1.0149
The current learning rate is 0.000387
Epoch 72 training time cost: 30.0768 seconds
Test results: SROCC=0.6441, KROCC=0.4646, PLCC=0.6474, RMSE=0.1736
Epoch 73 averaged training loss: 1.0320
The current learning rate is 0.000387
Epoch 73 training time cost: 29.1507 seconds
Test results: SROCC=0.5915, KROCC=0.4347, PLCC=0.6073, RMSE=0.1809
Epoch 74 averaged training loss: 1.0352
The current learning rate is 0.000387
Epoch 74 training time cost: 29.9380 seconds
Test results: SROCC=0.5871, KROCC=0.4114, PLCC=0.5995, RMSE=0.1823
Epoch 75 averaged training loss: 1.0511
The current learning rate is 0.000387
Epoch 75 training time cost: 30.2867 seconds
Test results: SROCC=0.7059, KROCC=0.5118, PLCC=0.7129, RMSE=0.1597
Update best model using best_val_criterion 
Update the best Test results: SROCC=0.7059, KROCC=0.5118, PLCC=0.7129, RMSE=0.1597
Epoch 76 averaged training loss: 1.0131
The current learning rate is 0.000387
Epoch 76 training time cost: 29.2993 seconds
Test results: SROCC=0.4384, KROCC=0.3176, PLCC=0.4635, RMSE=0.2018
Epoch 77 averaged training loss: 1.0270
The current learning rate is 0.000387
Epoch 77 training time cost: 30.0341 seconds
Test results: SROCC=0.6768, KROCC=0.4966, PLCC=0.6940, RMSE=0.1640
Epoch 78 averaged training loss: 1.0300
The current learning rate is 0.000387
Epoch 78 training time cost: 30.6826 seconds
Test results: SROCC=0.5895, KROCC=0.4221, PLCC=0.6225, RMSE=0.1782
Epoch 79 averaged training loss: 1.0357
The current learning rate is 0.000387
Epoch 79 training time cost: 30.3547 seconds
Test results: SROCC=0.6441, KROCC=0.4744, PLCC=0.6570, RMSE=0.1717
Epoch 80 averaged training loss: 1.0167
The current learning rate is 0.000349
Epoch 80 training time cost: 28.9422 seconds
Test results: SROCC=0.6239, KROCC=0.4431, PLCC=0.6418, RMSE=0.1746
Epoch 81 averaged training loss: 1.0167
The current learning rate is 0.000349
Epoch 81 training time cost: 28.8496 seconds
Test results: SROCC=0.7438, KROCC=0.5461, PLCC=0.7427, RMSE=0.1525
Update best model using best_val_criterion 
Update the best Test results: SROCC=0.7438, KROCC=0.5461, PLCC=0.7427, RMSE=0.1525
Epoch 82 averaged training loss: 1.0180
The current learning rate is 0.000349
Epoch 82 training time cost: 29.1712 seconds
Test results: SROCC=0.6693, KROCC=0.4852, PLCC=0.6808, RMSE=0.1668
Epoch 83 averaged training loss: 1.0203
The current learning rate is 0.000349
Epoch 83 training time cost: 29.4392 seconds
Test results: SROCC=0.5548, KROCC=0.3948, PLCC=0.5640, RMSE=0.1881
Epoch 84 averaged training loss: 1.0326
The current learning rate is 0.000349
Epoch 84 training time cost: 31.6431 seconds
Test results: SROCC=0.5825, KROCC=0.4187, PLCC=0.6000, RMSE=0.1822
Epoch 85 averaged training loss: 1.0299
The current learning rate is 0.000349
Epoch 85 training time cost: 31.7601 seconds
Test results: SROCC=0.5930, KROCC=0.4387, PLCC=0.6154, RMSE=0.1795
Epoch 86 averaged training loss: 1.0275
The current learning rate is 0.000349
Epoch 86 training time cost: 30.3292 seconds
Test results: SROCC=0.6153, KROCC=0.4506, PLCC=0.6382, RMSE=0.1753
Epoch 87 averaged training loss: 1.0492
The current learning rate is 0.000349
Epoch 87 training time cost: 29.2991 seconds
Test results: SROCC=0.6158, KROCC=0.4502, PLCC=0.6456, RMSE=0.1739
Epoch 88 averaged training loss: 1.0159
The current learning rate is 0.000314
Epoch 88 training time cost: 29.1950 seconds
Test results: SROCC=0.5993, KROCC=0.4387, PLCC=0.6228, RMSE=0.1782
Epoch 89 averaged training loss: 1.0269
The current learning rate is 0.000314
Epoch 89 training time cost: 29.5548 seconds
Test results: SROCC=0.6478, KROCC=0.4653, PLCC=0.6533, RMSE=0.1724
Epoch 90 averaged training loss: 1.0240
The current learning rate is 0.000314
Epoch 90 training time cost: 29.5257 seconds
Test results: SROCC=0.6453, KROCC=0.4672, PLCC=0.6620, RMSE=0.1707
Epoch 91 averaged training loss: 0.9513
The current learning rate is 0.000314
Epoch 91 training time cost: 31.4872 seconds
Test results: SROCC=0.7249, KROCC=0.5311, PLCC=0.7272, RMSE=0.1563
Epoch 92 averaged training loss: 1.0406
The current learning rate is 0.000314
Epoch 92 training time cost: 30.4787 seconds
Test results: SROCC=0.6561, KROCC=0.4874, PLCC=0.6529, RMSE=0.1725
Epoch 93 averaged training loss: 1.0254
The current learning rate is 0.000314
Epoch 93 training time cost: 30.6447 seconds
Test results: SROCC=0.7646, KROCC=0.5653, PLCC=0.7597, RMSE=0.1481
Update best model using best_val_criterion 
Update the best Test results: SROCC=0.7646, KROCC=0.5653, PLCC=0.7597, RMSE=0.1481
Epoch 94 averaged training loss: 1.0242
The current learning rate is 0.000314
Epoch 94 training time cost: 29.9004 seconds
Test results: SROCC=0.7025, KROCC=0.5136, PLCC=0.7074, RMSE=0.1610
Epoch 95 averaged training loss: 1.0099
The current learning rate is 0.000314
Epoch 95 training time cost: 29.9370 seconds
Test results: SROCC=0.7144, KROCC=0.5304, PLCC=0.7163, RMSE=0.1589
Epoch 96 averaged training loss: 1.0436
The current learning rate is 0.000282
Epoch 96 training time cost: 31.1185 seconds
Test results: SROCC=0.7529, KROCC=0.5645, PLCC=0.7619, RMSE=0.1475
Epoch 97 averaged training loss: 1.0277
The current learning rate is 0.000282
Epoch 97 training time cost: 31.7014 seconds
Test results: SROCC=0.6973, KROCC=0.5108, PLCC=0.7013, RMSE=0.1623
Epoch 98 averaged training loss: 0.9974
The current learning rate is 0.000282
Epoch 98 training time cost: 30.1287 seconds
Test results: SROCC=0.5684, KROCC=0.4147, PLCC=0.5668, RMSE=0.1876
Epoch 99 averaged training loss: 1.0246
The current learning rate is 0.000282
Epoch 99 training time cost: 29.3537 seconds
Test results: SROCC=0.5561, KROCC=0.4031, PLCC=0.5921, RMSE=0.1835
Epoch 100 averaged training loss: 1.0275
The current learning rate is 0.000282
Epoch 100 training time cost: 29.3208 seconds
Test results: SROCC=0.7243, KROCC=0.5430, PLCC=0.7313, RMSE=0.1553
['WPC']
The best Val results: SROCC=0.7646, KROCC=0.5653, PLCC=0.7597, RMSE=0.1481
*************************************************************************************************************************
Using GPU
Starting fold 2/4
Using Adam optimize with initial learning rate of 0.001
^^^^^^^^^^^^^^^^^^^^^^^^^^^^^^^^^^^^^^^^^^^^^^^^^^^^^^^^^^^^^^^^^^^^^^^^^^^^^^^
starting the training
^^^^^^^^^^^^^^^^^^^^^^^^^^^^^^^^^^^^^^^^^^^^^^^^^^^^^^^^^^^^^^^^^^^^^^^^^^^^^^^
Epoch 1 averaged training loss: 23.0396
The current learning rate is 0.001000
Epoch 1 training time cost: 29.5241 seconds
Test results: SROCC=0.1071, KROCC=0.0692, PLCC=0.1705, RMSE=0.2316
Update best model using best_val_criterion 
Update the best Test results: SROCC=0.1071, KROCC=0.0692, PLCC=0.1705, RMSE=0.2316
Epoch 2 averaged training loss: 1.1291
The current learning rate is 0.001000
Epoch 2 training time cost: 29.4586 seconds
Test results: SROCC=0.3361, KROCC=0.2309, PLCC=0.3385, RMSE=0.2211
Update best model using best_val_criterion 
Update the best Test results: SROCC=0.3361, KROCC=0.2309, PLCC=0.3385, RMSE=0.2211
Epoch 3 averaged training loss: 1.0940
The current learning rate is 0.001000
Epoch 3 training time cost: 31.4881 seconds
Test results: SROCC=0.3474, KROCC=0.2306, PLCC=0.4116, RMSE=0.2142
Update best model using best_val_criterion 
Update the best Test results: SROCC=0.3474, KROCC=0.2306, PLCC=0.4116, RMSE=0.2142
Epoch 4 averaged training loss: 1.0607
The current learning rate is 0.001000
Epoch 4 training time cost: 30.0872 seconds
Test results: SROCC=0.3373, KROCC=0.2197, PLCC=0.3955, RMSE=0.2158
Epoch 5 averaged training loss: 1.0933
The current learning rate is 0.001000
Epoch 5 training time cost: 29.9301 seconds
Test results: SROCC=0.2200, KROCC=0.1464, PLCC=0.3865, RMSE=0.2167
Epoch 6 averaged training loss: 1.0824
The current learning rate is 0.001000
Epoch 6 training time cost: 29.6631 seconds
Test results: SROCC=0.4270, KROCC=0.2895, PLCC=0.4169, RMSE=0.2136
Update best model using best_val_criterion 
Update the best Test results: SROCC=0.4270, KROCC=0.2895, PLCC=0.4169, RMSE=0.2136
Epoch 7 averaged training loss: 1.0584
The current learning rate is 0.001000
Epoch 7 training time cost: 29.9328 seconds
Test results: SROCC=0.3939, KROCC=0.2730, PLCC=0.4285, RMSE=0.2123
Epoch 8 averaged training loss: 1.0553
The current learning rate is 0.000900
Epoch 8 training time cost: 31.6839 seconds
Test results: SROCC=0.4184, KROCC=0.2784, PLCC=0.4262, RMSE=0.2126
Epoch 9 averaged training loss: 1.0462
The current learning rate is 0.000900
Epoch 9 training time cost: 29.8672 seconds
Test results: SROCC=0.5210, KROCC=0.3616, PLCC=0.5175, RMSE=0.2011
Update best model using best_val_criterion 
Update the best Test results: SROCC=0.5210, KROCC=0.3616, PLCC=0.5175, RMSE=0.2011
Epoch 10 averaged training loss: 1.0754
The current learning rate is 0.000900
Epoch 10 training time cost: 30.5080 seconds
Test results: SROCC=0.5586, KROCC=0.3928, PLCC=0.5585, RMSE=0.1949
Update best model using best_val_criterion 
Update the best Test results: SROCC=0.5586, KROCC=0.3928, PLCC=0.5585, RMSE=0.1949
Epoch 11 averaged training loss: 1.0525
The current learning rate is 0.000900
Epoch 11 training time cost: 30.1201 seconds
Test results: SROCC=0.5290, KROCC=0.3731, PLCC=0.5437, RMSE=0.1972
Epoch 12 averaged training loss: 1.0442
The current learning rate is 0.000900
Epoch 12 training time cost: 30.3244 seconds
Test results: SROCC=0.3812, KROCC=0.2616, PLCC=0.3956, RMSE=0.2158
Epoch 13 averaged training loss: 1.0574
The current learning rate is 0.000900
Epoch 13 training time cost: 29.3013 seconds
Test results: SROCC=0.3907, KROCC=0.2694, PLCC=0.4701, RMSE=0.2074
Epoch 14 averaged training loss: 1.0432
The current learning rate is 0.000900
Epoch 14 training time cost: 30.2247 seconds
Test results: SROCC=0.5814, KROCC=0.4031, PLCC=0.5731, RMSE=0.1926
Update best model using best_val_criterion 
Update the best Test results: SROCC=0.5814, KROCC=0.4031, PLCC=0.5731, RMSE=0.1926
Epoch 15 averaged training loss: 1.0606
The current learning rate is 0.000900
Epoch 15 training time cost: 31.0879 seconds
Test results: SROCC=0.5250, KROCC=0.3638, PLCC=0.5340, RMSE=0.1987
Epoch 16 averaged training loss: 1.0515
The current learning rate is 0.000810
Epoch 16 training time cost: 31.2887 seconds
Test results: SROCC=0.4292, KROCC=0.3011, PLCC=0.4812, RMSE=0.2060
Epoch 17 averaged training loss: 1.0610
The current learning rate is 0.000810
Epoch 17 training time cost: 30.1009 seconds
Test results: SROCC=0.5425, KROCC=0.3880, PLCC=0.5468, RMSE=0.1968
Epoch 18 averaged training loss: 1.0413
The current learning rate is 0.000810
Epoch 18 training time cost: 30.3994 seconds
Test results: SROCC=0.5895, KROCC=0.4236, PLCC=0.5930, RMSE=0.1892
Update best model using best_val_criterion 
Update the best Test results: SROCC=0.5895, KROCC=0.4236, PLCC=0.5930, RMSE=0.1892
Epoch 19 averaged training loss: 1.0440
The current learning rate is 0.000810
Epoch 19 training time cost: 30.0150 seconds
Test results: SROCC=0.5000, KROCC=0.3498, PLCC=0.5205, RMSE=0.2007
Epoch 20 averaged training loss: 1.0423
The current learning rate is 0.000810
Epoch 20 training time cost: 31.0550 seconds
Test results: SROCC=0.5783, KROCC=0.4099, PLCC=0.5833, RMSE=0.1909
Epoch 21 averaged training loss: 1.0384
The current learning rate is 0.000810
Epoch 21 training time cost: 30.5114 seconds
Test results: SROCC=0.6234, KROCC=0.4492, PLCC=0.6178, RMSE=0.1848
Update best model using best_val_criterion 
Update the best Test results: SROCC=0.6234, KROCC=0.4492, PLCC=0.6178, RMSE=0.1848
Epoch 22 averaged training loss: 1.0404
The current learning rate is 0.000810
Epoch 22 training time cost: 29.3186 seconds
Test results: SROCC=0.5449, KROCC=0.3846, PLCC=0.5692, RMSE=0.1932
Epoch 23 averaged training loss: 1.0576
The current learning rate is 0.000810
Epoch 23 training time cost: 29.5137 seconds
Test results: SROCC=0.5535, KROCC=0.3906, PLCC=0.5748, RMSE=0.1923
Epoch 24 averaged training loss: 1.0396
The current learning rate is 0.000729
Epoch 24 training time cost: 29.9549 seconds
Test results: SROCC=0.5768, KROCC=0.4115, PLCC=0.5815, RMSE=0.1912
Epoch 25 averaged training loss: 1.0401
The current learning rate is 0.000729
Epoch 25 training time cost: 29.5150 seconds
Test results: SROCC=0.5980, KROCC=0.4243, PLCC=0.5994, RMSE=0.1881
Epoch 26 averaged training loss: 1.0277
The current learning rate is 0.000729
Epoch 26 training time cost: 30.1639 seconds
Test results: SROCC=0.5027, KROCC=0.3548, PLCC=0.5074, RMSE=0.2025
Epoch 27 averaged training loss: 1.0421
The current learning rate is 0.000729
Epoch 27 training time cost: 30.6273 seconds
Test results: SROCC=0.5208, KROCC=0.3635, PLCC=0.5451, RMSE=0.1970
Epoch 28 averaged training loss: 1.0528
The current learning rate is 0.000729
Epoch 28 training time cost: 30.3963 seconds
Test results: SROCC=0.5444, KROCC=0.3859, PLCC=0.5603, RMSE=0.1946
Epoch 29 averaged training loss: 1.0399
The current learning rate is 0.000729
Epoch 29 training time cost: 30.0920 seconds
Test results: SROCC=0.4858, KROCC=0.3293, PLCC=0.5198, RMSE=0.2008
Epoch 30 averaged training loss: 1.0532
The current learning rate is 0.000729
Epoch 30 training time cost: 29.8059 seconds
Test results: SROCC=0.5185, KROCC=0.3689, PLCC=0.5186, RMSE=0.2009
Epoch 31 averaged training loss: 1.0394
The current learning rate is 0.000729
Epoch 31 training time cost: 29.3220 seconds
Test results: SROCC=0.5559, KROCC=0.3793, PLCC=0.5523, RMSE=0.1959
Epoch 32 averaged training loss: 1.0414
The current learning rate is 0.000656
Epoch 32 training time cost: 30.3082 seconds
Test results: SROCC=0.5838, KROCC=0.4136, PLCC=0.5792, RMSE=0.1916
Epoch 33 averaged training loss: 1.0432
The current learning rate is 0.000656
Epoch 33 training time cost: 31.3252 seconds
Test results: SROCC=0.6001, KROCC=0.4223, PLCC=0.6018, RMSE=0.1877
Epoch 34 averaged training loss: 1.0374
The current learning rate is 0.000656
Epoch 34 training time cost: 30.6674 seconds
Test results: SROCC=0.6019, KROCC=0.4307, PLCC=0.6005, RMSE=0.1879
Epoch 35 averaged training loss: 1.0367
The current learning rate is 0.000656
Epoch 35 training time cost: 30.8107 seconds
Test results: SROCC=0.6417, KROCC=0.4734, PLCC=0.6315, RMSE=0.1822
Update best model using best_val_criterion 
Update the best Test results: SROCC=0.6417, KROCC=0.4734, PLCC=0.6315, RMSE=0.1822
Epoch 36 averaged training loss: 1.0386
The current learning rate is 0.000656
Epoch 36 training time cost: 31.1807 seconds
Test results: SROCC=0.5804, KROCC=0.4154, PLCC=0.5908, RMSE=0.1896
Epoch 37 averaged training loss: 1.0274
The current learning rate is 0.000656
Epoch 37 training time cost: 30.9153 seconds
Test results: SROCC=0.6371, KROCC=0.4663, PLCC=0.6392, RMSE=0.1807
Epoch 38 averaged training loss: 1.0375
The current learning rate is 0.000656
Epoch 38 training time cost: 30.6214 seconds
Test results: SROCC=0.5865, KROCC=0.4146, PLCC=0.5896, RMSE=0.1898
Epoch 39 averaged training loss: 1.0396
The current learning rate is 0.000656
Epoch 39 training time cost: 30.0140 seconds
Test results: SROCC=0.5971, KROCC=0.4202, PLCC=0.6124, RMSE=0.1858
Epoch 40 averaged training loss: 1.0373
The current learning rate is 0.000590
Epoch 40 training time cost: 29.7408 seconds
Test results: SROCC=0.6463, KROCC=0.4673, PLCC=0.6430, RMSE=0.1800
Update best model using best_val_criterion 
Update the best Test results: SROCC=0.6463, KROCC=0.4673, PLCC=0.6430, RMSE=0.1800
Epoch 41 averaged training loss: 1.0542
The current learning rate is 0.000590
Epoch 41 training time cost: 31.7351 seconds
Test results: SROCC=0.5953, KROCC=0.4173, PLCC=0.5991, RMSE=0.1882
Epoch 42 averaged training loss: 1.0383
The current learning rate is 0.000590
Epoch 42 training time cost: 29.4070 seconds
Test results: SROCC=0.6565, KROCC=0.4746, PLCC=0.6512, RMSE=0.1784
Update best model using best_val_criterion 
Update the best Test results: SROCC=0.6565, KROCC=0.4746, PLCC=0.6512, RMSE=0.1784
Epoch 43 averaged training loss: 1.0327
The current learning rate is 0.000590
Epoch 43 training time cost: 29.9406 seconds
Test results: SROCC=0.5282, KROCC=0.3611, PLCC=0.5694, RMSE=0.1932
Epoch 44 averaged training loss: 1.0392
The current learning rate is 0.000590
Epoch 44 training time cost: 30.9803 seconds
Test results: SROCC=0.5196, KROCC=0.3623, PLCC=0.5742, RMSE=0.1924
Epoch 45 averaged training loss: 1.0397
The current learning rate is 0.000590
Epoch 45 training time cost: 29.5935 seconds
Test results: SROCC=0.5880, KROCC=0.4187, PLCC=0.5941, RMSE=0.1890
Epoch 46 averaged training loss: 1.0394
The current learning rate is 0.000590
Epoch 46 training time cost: 29.6850 seconds
Test results: SROCC=0.5967, KROCC=0.4247, PLCC=0.6381, RMSE=0.1809
Epoch 47 averaged training loss: 1.0518
The current learning rate is 0.000590
Epoch 47 training time cost: 29.5974 seconds
Test results: SROCC=0.6168, KROCC=0.4467, PLCC=0.6262, RMSE=0.1832
Epoch 48 averaged training loss: 1.0377
The current learning rate is 0.000531
Epoch 48 training time cost: 29.4799 seconds
Test results: SROCC=0.5692, KROCC=0.4001, PLCC=0.5716, RMSE=0.1928
Epoch 49 averaged training loss: 1.0338
The current learning rate is 0.000531
Epoch 49 training time cost: 29.4993 seconds
Test results: SROCC=0.6175, KROCC=0.4485, PLCC=0.6141, RMSE=0.1855
Epoch 50 averaged training loss: 1.0373
The current learning rate is 0.000531
Epoch 50 training time cost: 29.4056 seconds
Test results: SROCC=0.5511, KROCC=0.3951, PLCC=0.5800, RMSE=0.1914
Epoch 51 averaged training loss: 1.0226
The current learning rate is 0.000531
Epoch 51 training time cost: 29.5894 seconds
Test results: SROCC=0.6377, KROCC=0.4525, PLCC=0.6340, RMSE=0.1817
Epoch 52 averaged training loss: 1.0394
The current learning rate is 0.000531
Epoch 52 training time cost: 30.6283 seconds
Test results: SROCC=0.6122, KROCC=0.4343, PLCC=0.6135, RMSE=0.1856
Epoch 53 averaged training loss: 1.0384
The current learning rate is 0.000531
Epoch 53 training time cost: 29.9934 seconds
Test results: SROCC=0.5839, KROCC=0.4141, PLCC=0.5982, RMSE=0.1883
Epoch 54 averaged training loss: 1.0250
The current learning rate is 0.000531
Epoch 54 training time cost: 30.7639 seconds
Test results: SROCC=0.5498, KROCC=0.3803, PLCC=0.5641, RMSE=0.1940
Epoch 55 averaged training loss: 1.0502
The current learning rate is 0.000531
Epoch 55 training time cost: 30.2283 seconds
Test results: SROCC=0.5767, KROCC=0.4118, PLCC=0.5816, RMSE=0.1912
Epoch 56 averaged training loss: 1.0393
The current learning rate is 0.000478
Epoch 56 training time cost: 30.2959 seconds
Test results: SROCC=0.5652, KROCC=0.3955, PLCC=0.5751, RMSE=0.1923
Epoch 57 averaged training loss: 1.0414
The current learning rate is 0.000478
Epoch 57 training time cost: 30.7333 seconds
Test results: SROCC=0.6425, KROCC=0.4616, PLCC=0.6430, RMSE=0.1800
Epoch 58 averaged training loss: 1.0403
The current learning rate is 0.000478
Epoch 58 training time cost: 29.6352 seconds
Test results: SROCC=0.6594, KROCC=0.4798, PLCC=0.6679, RMSE=0.1749
Update best model using best_val_criterion 
Update the best Test results: SROCC=0.6594, KROCC=0.4798, PLCC=0.6679, RMSE=0.1749
Epoch 59 averaged training loss: 1.0365
The current learning rate is 0.000478
Epoch 59 training time cost: 29.4283 seconds
Test results: SROCC=0.6231, KROCC=0.4508, PLCC=0.6323, RMSE=0.1821
Epoch 60 averaged training loss: 1.0386
The current learning rate is 0.000478
Epoch 60 training time cost: 30.0801 seconds
Test results: SROCC=0.5524, KROCC=0.3756, PLCC=0.5714, RMSE=0.1929
Epoch 61 averaged training loss: 1.0377
The current learning rate is 0.000478
Epoch 61 training time cost: 29.9155 seconds
Test results: SROCC=0.6375, KROCC=0.4680, PLCC=0.6504, RMSE=0.1785
Epoch 62 averaged training loss: 1.0579
The current learning rate is 0.000478
Epoch 62 training time cost: 31.4742 seconds
Test results: SROCC=0.6306, KROCC=0.4632, PLCC=0.6233, RMSE=0.1838
Epoch 63 averaged training loss: 1.0364
The current learning rate is 0.000478
Epoch 63 training time cost: 30.1444 seconds
Test results: SROCC=0.6357, KROCC=0.4548, PLCC=0.6281, RMSE=0.1829
Epoch 64 averaged training loss: 1.0567
The current learning rate is 0.000430
Epoch 64 training time cost: 30.1411 seconds
Test results: SROCC=0.6091, KROCC=0.4287, PLCC=0.5967, RMSE=0.1886
Epoch 65 averaged training loss: 1.0360
The current learning rate is 0.000430
Epoch 65 training time cost: 29.6220 seconds
Test results: SROCC=0.5852, KROCC=0.4227, PLCC=0.5909, RMSE=0.1896
Epoch 66 averaged training loss: 1.0363
The current learning rate is 0.000430
Epoch 66 training time cost: 30.5665 seconds
Test results: SROCC=0.5846, KROCC=0.4193, PLCC=0.5859, RMSE=0.1904
Epoch 67 averaged training loss: 1.0360
The current learning rate is 0.000430
Epoch 67 training time cost: 30.7147 seconds
Test results: SROCC=0.6444, KROCC=0.4569, PLCC=0.6384, RMSE=0.1809
Epoch 68 averaged training loss: 1.0339
The current learning rate is 0.000430
Epoch 68 training time cost: 29.6570 seconds
Test results: SROCC=0.6207, KROCC=0.4515, PLCC=0.6127, RMSE=0.1857
Epoch 69 averaged training loss: 1.0343
The current learning rate is 0.000430
Epoch 69 training time cost: 29.4695 seconds
Test results: SROCC=0.4331, KROCC=0.2952, PLCC=0.4743, RMSE=0.2069
Epoch 70 averaged training loss: 1.0336
The current learning rate is 0.000430
Epoch 70 training time cost: 30.3481 seconds
Test results: SROCC=0.6440, KROCC=0.4656, PLCC=0.6457, RMSE=0.1795
Epoch 71 averaged training loss: 1.0354
The current learning rate is 0.000430
Epoch 71 training time cost: 30.4301 seconds
Test results: SROCC=0.5185, KROCC=0.3659, PLCC=0.5367, RMSE=0.1983
Epoch 72 averaged training loss: 1.0495
The current learning rate is 0.000387
Epoch 72 training time cost: 30.3188 seconds
Test results: SROCC=0.5134, KROCC=0.3633, PLCC=0.5212, RMSE=0.2006
Epoch 73 averaged training loss: 1.0489
The current learning rate is 0.000387
Epoch 73 training time cost: 31.0106 seconds
Test results: SROCC=0.6343, KROCC=0.4526, PLCC=0.6410, RMSE=0.1804
Epoch 74 averaged training loss: 1.0328
The current learning rate is 0.000387
Epoch 74 training time cost: 31.4746 seconds
Test results: SROCC=0.6232, KROCC=0.4511, PLCC=0.6306, RMSE=0.1824
Epoch 75 averaged training loss: 1.0327
The current learning rate is 0.000387
Epoch 75 training time cost: 30.6629 seconds
Test results: SROCC=0.5777, KROCC=0.4244, PLCC=0.5931, RMSE=0.1892
Epoch 76 averaged training loss: 1.0305
The current learning rate is 0.000387
Epoch 76 training time cost: 29.9471 seconds
Test results: SROCC=0.6753, KROCC=0.5036, PLCC=0.6724, RMSE=0.1739
Update best model using best_val_criterion 
Update the best Test results: SROCC=0.6753, KROCC=0.5036, PLCC=0.6724, RMSE=0.1739
Epoch 77 averaged training loss: 1.0472
The current learning rate is 0.000387
Epoch 77 training time cost: 30.5750 seconds
Test results: SROCC=0.6070, KROCC=0.4411, PLCC=0.6271, RMSE=0.1831
Epoch 78 averaged training loss: 1.0376
The current learning rate is 0.000387
Epoch 78 training time cost: 30.3806 seconds
Test results: SROCC=0.5614, KROCC=0.4108, PLCC=0.6074, RMSE=0.1867
Epoch 79 averaged training loss: 1.0330
The current learning rate is 0.000387
Epoch 79 training time cost: 30.5267 seconds
Test results: SROCC=0.6334, KROCC=0.4647, PLCC=0.6414, RMSE=0.1803
Epoch 80 averaged training loss: 1.0377
The current learning rate is 0.000349
Epoch 80 training time cost: 30.2863 seconds
Test results: SROCC=0.5269, KROCC=0.3763, PLCC=0.5689, RMSE=0.1933
Epoch 81 averaged training loss: 1.0352
The current learning rate is 0.000349
Epoch 81 training time cost: 29.9171 seconds
Test results: SROCC=0.6901, KROCC=0.5013, PLCC=0.6800, RMSE=0.1723
Update best model using best_val_criterion 
Update the best Test results: SROCC=0.6901, KROCC=0.5013, PLCC=0.6800, RMSE=0.1723
Epoch 82 averaged training loss: 1.0332
The current learning rate is 0.000349
Epoch 82 training time cost: 31.1619 seconds
Test results: SROCC=0.6813, KROCC=0.5105, PLCC=0.6858, RMSE=0.1710
Epoch 83 averaged training loss: 1.0320
The current learning rate is 0.000349
Epoch 83 training time cost: 30.4394 seconds
Test results: SROCC=0.6807, KROCC=0.4939, PLCC=0.6854, RMSE=0.1711
Epoch 84 averaged training loss: 1.0171
The current learning rate is 0.000349
Epoch 84 training time cost: 31.5521 seconds
Test results: SROCC=0.5758, KROCC=0.4095, PLCC=0.5843, RMSE=0.1907
Epoch 85 averaged training loss: 1.0317
The current learning rate is 0.000349
Epoch 85 training time cost: 30.8801 seconds
Test results: SROCC=0.6521, KROCC=0.4786, PLCC=0.6503, RMSE=0.1785
Epoch 86 averaged training loss: 1.0482
The current learning rate is 0.000349
Epoch 86 training time cost: 28.4556 seconds
Test results: SROCC=0.7746, KROCC=0.5974, PLCC=0.7674, RMSE=0.1507
Update best model using best_val_criterion 
Update the best Test results: SROCC=0.7746, KROCC=0.5974, PLCC=0.7674, RMSE=0.1507
Epoch 87 averaged training loss: 1.0356
The current learning rate is 0.000349
Epoch 87 training time cost: 27.7944 seconds
Test results: SROCC=0.6640, KROCC=0.4778, PLCC=0.6593, RMSE=0.1767
Epoch 88 averaged training loss: 1.0490
The current learning rate is 0.000314
Epoch 88 training time cost: 27.7534 seconds
Test results: SROCC=0.5744, KROCC=0.4180, PLCC=0.5839, RMSE=0.1908
Epoch 89 averaged training loss: 1.0316
The current learning rate is 0.000314
Epoch 89 training time cost: 27.8389 seconds
Test results: SROCC=0.6803, KROCC=0.5059, PLCC=0.6822, RMSE=0.1718
Epoch 90 averaged training loss: 1.0340
The current learning rate is 0.000314
Epoch 90 training time cost: 27.7437 seconds
Test results: SROCC=0.7407, KROCC=0.5518, PLCC=0.7374, RMSE=0.1587
Epoch 91 averaged training loss: 1.0293
The current learning rate is 0.000314
Epoch 91 training time cost: 27.7238 seconds
Test results: SROCC=0.7619, KROCC=0.5747, PLCC=0.7638, RMSE=0.1517
Epoch 92 averaged training loss: 1.0337
The current learning rate is 0.000314
Epoch 92 training time cost: 27.7180 seconds
Test results: SROCC=0.6888, KROCC=0.4989, PLCC=0.6912, RMSE=0.1698
Epoch 93 averaged training loss: 1.0277
The current learning rate is 0.000314
Epoch 93 training time cost: 27.6899 seconds
Test results: SROCC=0.5947, KROCC=0.4188, PLCC=0.6084, RMSE=0.1865
Epoch 94 averaged training loss: 1.0441
The current learning rate is 0.000314
Epoch 94 training time cost: 28.1084 seconds
Test results: SROCC=0.6724, KROCC=0.4919, PLCC=0.6706, RMSE=0.1743
Epoch 95 averaged training loss: 1.0270
The current learning rate is 0.000314
Epoch 95 training time cost: 27.9219 seconds
Test results: SROCC=0.7022, KROCC=0.5159, PLCC=0.7022, RMSE=0.1673
Epoch 96 averaged training loss: 1.0437
The current learning rate is 0.000282
Epoch 96 training time cost: 27.6790 seconds
Test results: SROCC=0.6794, KROCC=0.4981, PLCC=0.6840, RMSE=0.1714
Epoch 97 averaged training loss: 1.0283
The current learning rate is 0.000282
Epoch 97 training time cost: 27.6202 seconds
Test results: SROCC=0.6747, KROCC=0.4892, PLCC=0.6867, RMSE=0.1708
Epoch 98 averaged training loss: 1.0285
The current learning rate is 0.000282
Epoch 98 training time cost: 27.6992 seconds
Test results: SROCC=0.7005, KROCC=0.5177, PLCC=0.7110, RMSE=0.1653
Epoch 99 averaged training loss: 1.0282
The current learning rate is 0.000282
Epoch 99 training time cost: 27.5540 seconds
Test results: SROCC=0.7247, KROCC=0.5383, PLCC=0.7286, RMSE=0.1610
Epoch 100 averaged training loss: 1.0490
The current learning rate is 0.000282
Epoch 100 training time cost: 27.6466 seconds
Test results: SROCC=0.7086, KROCC=0.5304, PLCC=0.7028, RMSE=0.1672
['WPC']
The best Val results: SROCC=0.7746, KROCC=0.5974, PLCC=0.7674, RMSE=0.1507
*************************************************************************************************************************
Using GPU
Starting fold 3/4
Using Adam optimize with initial learning rate of 0.001
^^^^^^^^^^^^^^^^^^^^^^^^^^^^^^^^^^^^^^^^^^^^^^^^^^^^^^^^^^^^^^^^^^^^^^^^^^^^^^^
starting the training
^^^^^^^^^^^^^^^^^^^^^^^^^^^^^^^^^^^^^^^^^^^^^^^^^^^^^^^^^^^^^^^^^^^^^^^^^^^^^^^
Epoch 1 averaged training loss: 27.8413
The current learning rate is 0.001000
Epoch 1 training time cost: 27.5149 seconds
Test results: SROCC=0.0567, KROCC=0.0392, PLCC=0.1517, RMSE=0.2232
Update best model using best_val_criterion 
Update the best Test results: SROCC=0.0567, KROCC=0.0392, PLCC=0.1517, RMSE=0.2232
Epoch 2 averaged training loss: 1.0991
The current learning rate is 0.001000
Epoch 2 training time cost: 27.5140 seconds
Test results: SROCC=0.1490, KROCC=0.0965, PLCC=0.2738, RMSE=0.2171
Update best model using best_val_criterion 
Update the best Test results: SROCC=0.1490, KROCC=0.0965, PLCC=0.2738, RMSE=0.2171
Epoch 3 averaged training loss: 1.0979
The current learning rate is 0.001000
Epoch 3 training time cost: 27.5147 seconds
Test results: SROCC=0.1139, KROCC=0.0814, PLCC=0.1577, RMSE=0.2229
Epoch 4 averaged training loss: 1.0615
The current learning rate is 0.001000
Epoch 4 training time cost: 27.4903 seconds
Test results: SROCC=0.2633, KROCC=0.1766, PLCC=0.3058, RMSE=0.2150
Update best model using best_val_criterion 
Update the best Test results: SROCC=0.2633, KROCC=0.1766, PLCC=0.3058, RMSE=0.2150
Epoch 5 averaged training loss: 1.0999
The current learning rate is 0.001000
Epoch 5 training time cost: 27.5129 seconds
Test results: SROCC=0.2523, KROCC=0.1657, PLCC=0.2768, RMSE=0.2169
Epoch 6 averaged training loss: 1.0694
The current learning rate is 0.001000
Epoch 6 training time cost: 27.5551 seconds
Test results: SROCC=0.1770, KROCC=0.1170, PLCC=0.2304, RMSE=0.2197
Epoch 7 averaged training loss: 1.0538
The current learning rate is 0.001000
Epoch 7 training time cost: 27.5876 seconds
Test results: SROCC=0.3562, KROCC=0.2288, PLCC=0.4190, RMSE=0.2050
Update best model using best_val_criterion 
Update the best Test results: SROCC=0.3562, KROCC=0.2288, PLCC=0.4190, RMSE=0.2050
Epoch 8 averaged training loss: 1.0561
The current learning rate is 0.000900
Epoch 8 training time cost: 27.4942 seconds
Test results: SROCC=0.3658, KROCC=0.2545, PLCC=0.3823, RMSE=0.2086
Update best model using best_val_criterion 
Update the best Test results: SROCC=0.3658, KROCC=0.2545, PLCC=0.3823, RMSE=0.2086
Epoch 9 averaged training loss: 1.0710
The current learning rate is 0.000900
Epoch 9 training time cost: 27.4851 seconds
Test results: SROCC=0.3376, KROCC=0.2256, PLCC=0.3732, RMSE=0.2095
Epoch 10 averaged training loss: 1.0661
The current learning rate is 0.000900
Epoch 10 training time cost: 27.4673 seconds
Test results: SROCC=0.4229, KROCC=0.2892, PLCC=0.4615, RMSE=0.2003
Update best model using best_val_criterion 
Update the best Test results: SROCC=0.4229, KROCC=0.2892, PLCC=0.4615, RMSE=0.2003
Epoch 11 averaged training loss: 1.0538
The current learning rate is 0.000900
Epoch 11 training time cost: 27.4951 seconds
Test results: SROCC=0.4512, KROCC=0.3090, PLCC=0.4937, RMSE=0.1963
Update best model using best_val_criterion 
Update the best Test results: SROCC=0.4512, KROCC=0.3090, PLCC=0.4937, RMSE=0.1963
Epoch 12 averaged training loss: 1.0490
The current learning rate is 0.000900
Epoch 12 training time cost: 27.4553 seconds
Test results: SROCC=0.4960, KROCC=0.3360, PLCC=0.5039, RMSE=0.1950
Update best model using best_val_criterion 
Update the best Test results: SROCC=0.4960, KROCC=0.3360, PLCC=0.5039, RMSE=0.1950
Epoch 13 averaged training loss: 1.0493
The current learning rate is 0.000900
Epoch 13 training time cost: 27.4208 seconds
Test results: SROCC=0.4216, KROCC=0.2894, PLCC=0.4566, RMSE=0.2009
Epoch 14 averaged training loss: 1.0488
The current learning rate is 0.000900
Epoch 14 training time cost: 27.4374 seconds
Test results: SROCC=0.3955, KROCC=0.2720, PLCC=0.4177, RMSE=0.2051
Epoch 15 averaged training loss: 1.0401
The current learning rate is 0.000900
Epoch 15 training time cost: 27.4811 seconds
Test results: SROCC=0.4014, KROCC=0.2702, PLCC=0.4859, RMSE=0.1973
Epoch 16 averaged training loss: 1.0435
The current learning rate is 0.000810
Epoch 16 training time cost: 27.4305 seconds
Test results: SROCC=0.4504, KROCC=0.3053, PLCC=0.4867, RMSE=0.1972
Epoch 17 averaged training loss: 1.0449
The current learning rate is 0.000810
Epoch 17 training time cost: 27.5164 seconds
Test results: SROCC=0.5078, KROCC=0.3522, PLCC=0.5036, RMSE=0.1950
Update best model using best_val_criterion 
Update the best Test results: SROCC=0.5078, KROCC=0.3522, PLCC=0.5036, RMSE=0.1950
Epoch 18 averaged training loss: 1.0563
The current learning rate is 0.000810
Epoch 18 training time cost: 27.4397 seconds
Test results: SROCC=0.5373, KROCC=0.3757, PLCC=0.5561, RMSE=0.1876
Update best model using best_val_criterion 
Update the best Test results: SROCC=0.5373, KROCC=0.3757, PLCC=0.5561, RMSE=0.1876
Epoch 19 averaged training loss: 1.0602
The current learning rate is 0.000810
Epoch 19 training time cost: 27.3939 seconds
Test results: SROCC=0.5084, KROCC=0.3536, PLCC=0.5212, RMSE=0.1927
Epoch 20 averaged training loss: 1.0448
The current learning rate is 0.000810
Epoch 20 training time cost: 27.3951 seconds
Test results: SROCC=0.5741, KROCC=0.3989, PLCC=0.5956, RMSE=0.1814
Update best model using best_val_criterion 
Update the best Test results: SROCC=0.5741, KROCC=0.3989, PLCC=0.5956, RMSE=0.1814
Epoch 21 averaged training loss: 1.0564
The current learning rate is 0.000810
Epoch 21 training time cost: 27.5103 seconds
Test results: SROCC=0.4049, KROCC=0.2790, PLCC=0.4371, RMSE=0.2031
Epoch 22 averaged training loss: 1.0419
The current learning rate is 0.000810
Epoch 22 training time cost: 27.5193 seconds
Test results: SROCC=0.5346, KROCC=0.3747, PLCC=0.5492, RMSE=0.1887
Epoch 23 averaged training loss: 1.0385
The current learning rate is 0.000810
Epoch 23 training time cost: 27.4817 seconds
Test results: SROCC=0.5766, KROCC=0.4046, PLCC=0.5933, RMSE=0.1817
Update best model using best_val_criterion 
Update the best Test results: SROCC=0.5766, KROCC=0.4046, PLCC=0.5933, RMSE=0.1817
Epoch 24 averaged training loss: 1.0416
The current learning rate is 0.000729
Epoch 24 training time cost: 27.5202 seconds
Test results: SROCC=0.3057, KROCC=0.2090, PLCC=0.3436, RMSE=0.2120
Epoch 25 averaged training loss: 1.0440
The current learning rate is 0.000729
Epoch 25 training time cost: 27.4786 seconds
Test results: SROCC=0.5250, KROCC=0.3771, PLCC=0.5381, RMSE=0.1903
Epoch 26 averaged training loss: 1.0540
The current learning rate is 0.000729
Epoch 26 training time cost: 27.9552 seconds
Test results: SROCC=0.3946, KROCC=0.2692, PLCC=0.4835, RMSE=0.1976
Epoch 27 averaged training loss: 1.0446
The current learning rate is 0.000729
Epoch 27 training time cost: 27.4358 seconds
Test results: SROCC=0.4354, KROCC=0.3031, PLCC=0.4394, RMSE=0.2028
Epoch 28 averaged training loss: 1.0378
The current learning rate is 0.000729
Epoch 28 training time cost: 27.4511 seconds
Test results: SROCC=0.5942, KROCC=0.4235, PLCC=0.6006, RMSE=0.1805
Update best model using best_val_criterion 
Update the best Test results: SROCC=0.5942, KROCC=0.4235, PLCC=0.6006, RMSE=0.1805
Epoch 29 averaged training loss: 1.0401
The current learning rate is 0.000729
Epoch 29 training time cost: 27.3098 seconds
Test results: SROCC=0.4083, KROCC=0.2810, PLCC=0.4119, RMSE=0.2057
Epoch 30 averaged training loss: 1.0231
The current learning rate is 0.000729
Epoch 30 training time cost: 27.3617 seconds
Test results: SROCC=0.6166, KROCC=0.4402, PLCC=0.6177, RMSE=0.1776
Update best model using best_val_criterion 
Update the best Test results: SROCC=0.6166, KROCC=0.4402, PLCC=0.6177, RMSE=0.1776
Epoch 31 averaged training loss: 1.0411
The current learning rate is 0.000729
Epoch 31 training time cost: 27.3402 seconds
Test results: SROCC=0.6239, KROCC=0.4470, PLCC=0.6248, RMSE=0.1763
Update best model using best_val_criterion 
Update the best Test results: SROCC=0.6239, KROCC=0.4470, PLCC=0.6248, RMSE=0.1763
Epoch 32 averaged training loss: 1.0364
The current learning rate is 0.000656
Epoch 32 training time cost: 27.2914 seconds
Test results: SROCC=0.5472, KROCC=0.3886, PLCC=0.5574, RMSE=0.1874
Epoch 33 averaged training loss: 1.0506
The current learning rate is 0.000656
Epoch 33 training time cost: 27.6553 seconds
Test results: SROCC=0.4343, KROCC=0.3048, PLCC=0.4594, RMSE=0.2005
Epoch 34 averaged training loss: 1.0437
The current learning rate is 0.000656
Epoch 34 training time cost: 27.9669 seconds
Test results: SROCC=0.3850, KROCC=0.2736, PLCC=0.4586, RMSE=0.2006
Epoch 35 averaged training loss: 1.0515
The current learning rate is 0.000656
Epoch 35 training time cost: 27.9116 seconds
Test results: SROCC=0.6649, KROCC=0.4729, PLCC=0.6646, RMSE=0.1687
Update best model using best_val_criterion 
Update the best Test results: SROCC=0.6649, KROCC=0.4729, PLCC=0.6646, RMSE=0.1687
Epoch 36 averaged training loss: 1.0353
The current learning rate is 0.000656
Epoch 36 training time cost: 28.2804 seconds
Test results: SROCC=0.4183, KROCC=0.2906, PLCC=0.5022, RMSE=0.1952
Epoch 37 averaged training loss: 1.0361
The current learning rate is 0.000656
Epoch 37 training time cost: 28.1859 seconds
Test results: SROCC=0.5942, KROCC=0.4177, PLCC=0.5974, RMSE=0.1811
Epoch 38 averaged training loss: 1.0537
The current learning rate is 0.000656
Epoch 38 training time cost: 27.7989 seconds
Test results: SROCC=0.6509, KROCC=0.4592, PLCC=0.6581, RMSE=0.1700
Epoch 39 averaged training loss: 1.0263
The current learning rate is 0.000656
Epoch 39 training time cost: 27.8219 seconds
Test results: SROCC=0.5461, KROCC=0.3846, PLCC=0.5633, RMSE=0.1865
Epoch 40 averaged training loss: 1.0335
The current learning rate is 0.000590
Epoch 40 training time cost: 28.1537 seconds
Test results: SROCC=0.4249, KROCC=0.2949, PLCC=0.4845, RMSE=0.1975
Epoch 41 averaged training loss: 1.0366
The current learning rate is 0.000590
Epoch 41 training time cost: 28.0514 seconds
Test results: SROCC=0.6720, KROCC=0.4807, PLCC=0.6775, RMSE=0.1660
Update best model using best_val_criterion 
Update the best Test results: SROCC=0.6720, KROCC=0.4807, PLCC=0.6775, RMSE=0.1660
Epoch 42 averaged training loss: 1.0500
The current learning rate is 0.000590
Epoch 42 training time cost: 28.0968 seconds
Test results: SROCC=0.4312, KROCC=0.2969, PLCC=0.4787, RMSE=0.1982
Epoch 43 averaged training loss: 1.0367
The current learning rate is 0.000590
Epoch 43 training time cost: 28.0309 seconds
Test results: SROCC=0.7093, KROCC=0.5072, PLCC=0.7100, RMSE=0.1590
Update best model using best_val_criterion 
Update the best Test results: SROCC=0.7093, KROCC=0.5072, PLCC=0.7100, RMSE=0.1590
Epoch 44 averaged training loss: 1.0485
The current learning rate is 0.000590
Epoch 44 training time cost: 28.0278 seconds
Test results: SROCC=0.6513, KROCC=0.4530, PLCC=0.6542, RMSE=0.1708
Epoch 45 averaged training loss: 1.0347
The current learning rate is 0.000590
Epoch 45 training time cost: 28.0440 seconds
Test results: SROCC=0.7110, KROCC=0.5212, PLCC=0.7156, RMSE=0.1577
Update best model using best_val_criterion 
Update the best Test results: SROCC=0.7110, KROCC=0.5212, PLCC=0.7156, RMSE=0.1577
Epoch 46 averaged training loss: 1.0367
The current learning rate is 0.000590
Epoch 46 training time cost: 27.9856 seconds
Test results: SROCC=0.6108, KROCC=0.4318, PLCC=0.6217, RMSE=0.1768
Epoch 47 averaged training loss: 1.0353
The current learning rate is 0.000590
Epoch 47 training time cost: 27.8959 seconds
Test results: SROCC=0.5776, KROCC=0.4075, PLCC=0.6106, RMSE=0.1788
Epoch 48 averaged training loss: 1.0373
The current learning rate is 0.000531
Epoch 48 training time cost: 27.0607 seconds
Test results: SROCC=0.4857, KROCC=0.3338, PLCC=0.5763, RMSE=0.1845
Epoch 49 averaged training loss: 1.0350
The current learning rate is 0.000531
Epoch 49 training time cost: 27.2180 seconds
Test results: SROCC=0.5998, KROCC=0.4277, PLCC=0.6243, RMSE=0.1764
Epoch 50 averaged training loss: 1.0192
The current learning rate is 0.000531
Epoch 50 training time cost: 27.2669 seconds
Test results: SROCC=0.6029, KROCC=0.4248, PLCC=0.6168, RMSE=0.1777
Epoch 51 averaged training loss: 1.0327
The current learning rate is 0.000531
Epoch 51 training time cost: 27.3239 seconds
Test results: SROCC=0.6235, KROCC=0.4414, PLCC=0.6268, RMSE=0.1759
Epoch 52 averaged training loss: 1.0354
The current learning rate is 0.000531
Epoch 52 training time cost: 27.3591 seconds
Test results: SROCC=0.6745, KROCC=0.4837, PLCC=0.6805, RMSE=0.1654
Epoch 53 averaged training loss: 1.0359
The current learning rate is 0.000531
Epoch 53 training time cost: 27.3778 seconds
Test results: SROCC=0.6283, KROCC=0.4449, PLCC=0.6559, RMSE=0.1704
Epoch 54 averaged training loss: 1.0364
The current learning rate is 0.000531
Epoch 54 training time cost: 27.3865 seconds
Test results: SROCC=0.5947, KROCC=0.4235, PLCC=0.6224, RMSE=0.1767
Epoch 55 averaged training loss: 1.0477
The current learning rate is 0.000531
Epoch 55 training time cost: 27.5160 seconds
Test results: SROCC=0.6876, KROCC=0.4934, PLCC=0.6980, RMSE=0.1617
Epoch 56 averaged training loss: 1.5186
The current learning rate is 0.000478
Epoch 56 training time cost: 27.4571 seconds
Test results: SROCC=-0.2276, KROCC=-0.1559, PLCC=0.2468, RMSE=0.2188
Epoch 57 averaged training loss: 1.3689
The current learning rate is 0.000478
Epoch 57 training time cost: 27.4738 seconds
Test results: SROCC=0.1998, KROCC=0.1356, PLCC=0.2778, RMSE=0.2169
Epoch 58 averaged training loss: 1.0906
The current learning rate is 0.000478
Epoch 58 training time cost: 27.4900 seconds
Test results: SROCC=0.3275, KROCC=0.2167, PLCC=0.3550, RMSE=0.2111
Epoch 59 averaged training loss: 1.0784
The current learning rate is 0.000478
Epoch 59 training time cost: 27.4925 seconds
Test results: SROCC=0.3502, KROCC=0.2325, PLCC=0.3766, RMSE=0.2091
Epoch 60 averaged training loss: 1.0514
The current learning rate is 0.000478
Epoch 60 training time cost: 27.5097 seconds
Test results: SROCC=0.4289, KROCC=0.2852, PLCC=0.4308, RMSE=0.2037
Epoch 61 averaged training loss: 1.0438
The current learning rate is 0.000478
Epoch 61 training time cost: 27.5481 seconds
Test results: SROCC=0.4425, KROCC=0.2995, PLCC=0.4890, RMSE=0.1969
Epoch 62 averaged training loss: 1.0615
The current learning rate is 0.000478
Epoch 62 training time cost: 27.4895 seconds
Test results: SROCC=0.4905, KROCC=0.3431, PLCC=0.5070, RMSE=0.1946
Epoch 63 averaged training loss: 1.0621
The current learning rate is 0.000478
Epoch 63 training time cost: 27.4790 seconds
Test results: SROCC=0.5029, KROCC=0.3455, PLCC=0.5147, RMSE=0.1936
Epoch 64 averaged training loss: 1.0443
The current learning rate is 0.000430
Epoch 64 training time cost: 27.5002 seconds
Test results: SROCC=0.4987, KROCC=0.3451, PLCC=0.5086, RMSE=0.1944
Epoch 65 averaged training loss: 1.0419
The current learning rate is 0.000430
Epoch 65 training time cost: 27.4895 seconds
Test results: SROCC=0.2524, KROCC=0.1712, PLCC=0.3243, RMSE=0.2136
Epoch 66 averaged training loss: 1.0475
The current learning rate is 0.000430
Epoch 66 training time cost: 27.4749 seconds
Test results: SROCC=0.5256, KROCC=0.3537, PLCC=0.5316, RMSE=0.1912
Epoch 67 averaged training loss: 1.0422
The current learning rate is 0.000430
Epoch 67 training time cost: 27.4643 seconds
Test results: SROCC=0.5560, KROCC=0.3861, PLCC=0.5738, RMSE=0.1849
Epoch 68 averaged training loss: 1.0564
The current learning rate is 0.000430
Epoch 68 training time cost: 27.4648 seconds
Test results: SROCC=0.5820, KROCC=0.4041, PLCC=0.5774, RMSE=0.1843
Epoch 69 averaged training loss: 1.0420
The current learning rate is 0.000430
Epoch 69 training time cost: 27.5284 seconds
Test results: SROCC=0.4886, KROCC=0.3390, PLCC=0.4972, RMSE=0.1959
Epoch 70 averaged training loss: 1.0411
The current learning rate is 0.000430
Epoch 70 training time cost: 27.3886 seconds
Test results: SROCC=0.5551, KROCC=0.3828, PLCC=0.5678, RMSE=0.1858
Epoch 71 averaged training loss: 1.0362
The current learning rate is 0.000430
Epoch 71 training time cost: 27.4278 seconds
Test results: SROCC=0.5080, KROCC=0.3511, PLCC=0.5268, RMSE=0.1919
Epoch 72 averaged training loss: 1.0380
The current learning rate is 0.000387
Epoch 72 training time cost: 27.4666 seconds
Test results: SROCC=0.6357, KROCC=0.4463, PLCC=0.6436, RMSE=0.1728
Epoch 73 averaged training loss: 1.0401
The current learning rate is 0.000387
Epoch 73 training time cost: 27.4889 seconds
Test results: SROCC=0.5758, KROCC=0.4025, PLCC=0.5814, RMSE=0.1837
Epoch 74 averaged training loss: 1.0392
The current learning rate is 0.000387
Epoch 74 training time cost: 27.4735 seconds
Test results: SROCC=0.3939, KROCC=0.2669, PLCC=0.4053, RMSE=0.2064
Epoch 75 averaged training loss: 1.0357
The current learning rate is 0.000387
Epoch 75 training time cost: 27.4719 seconds
Test results: SROCC=0.5073, KROCC=0.3566, PLCC=0.5358, RMSE=0.1906
Epoch 76 averaged training loss: 1.0425
The current learning rate is 0.000387
Epoch 76 training time cost: 27.4440 seconds
Test results: SROCC=0.5795, KROCC=0.4082, PLCC=0.5825, RMSE=0.1835
Epoch 77 averaged training loss: 1.0375
The current learning rate is 0.000387
Epoch 77 training time cost: 27.3656 seconds
Test results: SROCC=0.5208, KROCC=0.3610, PLCC=0.5460, RMSE=0.1891
Epoch 78 averaged training loss: 1.0552
The current learning rate is 0.000387
Epoch 78 training time cost: 27.3543 seconds
Test results: SROCC=0.5927, KROCC=0.4162, PLCC=0.5945, RMSE=0.1815
Epoch 79 averaged training loss: 1.0408
The current learning rate is 0.000387
Epoch 79 training time cost: 27.4344 seconds
Test results: SROCC=0.5425, KROCC=0.3779, PLCC=0.5725, RMSE=0.1851
Epoch 80 averaged training loss: 1.0369
The current learning rate is 0.000349
Epoch 80 training time cost: 27.4275 seconds
Test results: SROCC=0.5394, KROCC=0.3738, PLCC=0.5367, RMSE=0.1905
Epoch 81 averaged training loss: 1.0534
The current learning rate is 0.000349
Epoch 81 training time cost: 27.3615 seconds
Test results: SROCC=0.5557, KROCC=0.3806, PLCC=0.5627, RMSE=0.1866
Epoch 82 averaged training loss: 1.0370
The current learning rate is 0.000349
Epoch 82 training time cost: 27.4087 seconds
Test results: SROCC=0.6013, KROCC=0.4214, PLCC=0.6116, RMSE=0.1786
Epoch 83 averaged training loss: 1.0235
The current learning rate is 0.000349
Epoch 83 training time cost: 27.3371 seconds
Test results: SROCC=0.4609, KROCC=0.3167, PLCC=0.4648, RMSE=0.1999
Epoch 84 averaged training loss: 1.0230
The current learning rate is 0.000349
Epoch 84 training time cost: 27.3419 seconds
Test results: SROCC=0.4779, KROCC=0.3315, PLCC=0.4800, RMSE=0.1981
Epoch 85 averaged training loss: 1.0485
The current learning rate is 0.000349
Epoch 85 training time cost: 27.1550 seconds
Test results: SROCC=0.6135, KROCC=0.4306, PLCC=0.6198, RMSE=0.1772
Epoch 86 averaged training loss: 1.0384
The current learning rate is 0.000349
Epoch 86 training time cost: 27.3766 seconds
Test results: SROCC=0.5149, KROCC=0.3537, PLCC=0.5199, RMSE=0.1928
Epoch 87 averaged training loss: 1.0321
The current learning rate is 0.000349
Epoch 87 training time cost: 27.3997 seconds
Test results: SROCC=0.5437, KROCC=0.3951, PLCC=0.5775, RMSE=0.1843
Epoch 88 averaged training loss: 1.0341
The current learning rate is 0.000314
Epoch 88 training time cost: 27.3362 seconds
Test results: SROCC=0.6393, KROCC=0.4523, PLCC=0.6428, RMSE=0.1729
Epoch 89 averaged training loss: 1.0363
The current learning rate is 0.000314
Epoch 89 training time cost: 27.3026 seconds
Test results: SROCC=0.6152, KROCC=0.4376, PLCC=0.6238, RMSE=0.1765
Epoch 90 averaged training loss: 1.0333
The current learning rate is 0.000314
Epoch 90 training time cost: 27.4263 seconds
Test results: SROCC=0.6299, KROCC=0.4414, PLCC=0.6394, RMSE=0.1736
Epoch 91 averaged training loss: 1.0328
The current learning rate is 0.000314
Epoch 91 training time cost: 27.4388 seconds
Test results: SROCC=0.6815, KROCC=0.4839, PLCC=0.6879, RMSE=0.1639
Epoch 92 averaged training loss: 1.0327
The current learning rate is 0.000314
Epoch 92 training time cost: 27.4941 seconds
Test results: SROCC=0.4637, KROCC=0.3159, PLCC=0.4754, RMSE=0.1986
Epoch 93 averaged training loss: 1.0191
The current learning rate is 0.000314
Epoch 93 training time cost: 27.4853 seconds
Test results: SROCC=0.5588, KROCC=0.3835, PLCC=0.5631, RMSE=0.1866
Epoch 94 averaged training loss: 1.0457
The current learning rate is 0.000314
Epoch 94 training time cost: 27.4932 seconds
Test results: SROCC=0.6535, KROCC=0.4662, PLCC=0.6532, RMSE=0.1709
Epoch 95 averaged training loss: 1.0176
The current learning rate is 0.000314
Epoch 95 training time cost: 27.4787 seconds
Test results: SROCC=0.6446, KROCC=0.4651, PLCC=0.6550, RMSE=0.1706
Epoch 96 averaged training loss: 1.0304
The current learning rate is 0.000282
Epoch 96 training time cost: 27.4546 seconds
Test results: SROCC=0.6671, KROCC=0.4792, PLCC=0.6721, RMSE=0.1672
Epoch 97 averaged training loss: 1.0450
The current learning rate is 0.000282
Epoch 97 training time cost: 27.4712 seconds
Test results: SROCC=0.7022, KROCC=0.5165, PLCC=0.7093, RMSE=0.1591
Epoch 98 averaged training loss: 1.0284
The current learning rate is 0.000282
Epoch 98 training time cost: 27.4388 seconds
Test results: SROCC=0.7597, KROCC=0.5550, PLCC=0.7625, RMSE=0.1461
Update best model using best_val_criterion 
Update the best Test results: SROCC=0.7597, KROCC=0.5550, PLCC=0.7625, RMSE=0.1461
Epoch 99 averaged training loss: 1.0455
The current learning rate is 0.000282
Epoch 99 training time cost: 27.2879 seconds
Test results: SROCC=0.6880, KROCC=0.4928, PLCC=0.6873, RMSE=0.1640
Epoch 100 averaged training loss: 1.0462
The current learning rate is 0.000282
Epoch 100 training time cost: 27.3030 seconds
Test results: SROCC=0.6827, KROCC=0.4857, PLCC=0.6872, RMSE=0.1640
['WPC']
The best Val results: SROCC=0.7597, KROCC=0.5550, PLCC=0.7625, RMSE=0.1461
*************************************************************************************************************************
Using GPU
Starting fold 4/4
Using Adam optimize with initial learning rate of 0.001
^^^^^^^^^^^^^^^^^^^^^^^^^^^^^^^^^^^^^^^^^^^^^^^^^^^^^^^^^^^^^^^^^^^^^^^^^^^^^^^
starting the training
^^^^^^^^^^^^^^^^^^^^^^^^^^^^^^^^^^^^^^^^^^^^^^^^^^^^^^^^^^^^^^^^^^^^^^^^^^^^^^^
Epoch 1 averaged training loss: 32.9561
The current learning rate is 0.001000
Epoch 1 training time cost: 27.5170 seconds
Test results: SROCC=0.2369, KROCC=0.1614, PLCC=0.2772, RMSE=0.2194
Update best model using best_val_criterion 
Update the best Test results: SROCC=0.2369, KROCC=0.1614, PLCC=0.2772, RMSE=0.2194
Epoch 2 averaged training loss: 1.0904
The current learning rate is 0.001000
Epoch 2 training time cost: 27.5147 seconds
Test results: SROCC=0.2214, KROCC=0.1542, PLCC=0.2926, RMSE=0.2184
Epoch 3 averaged training loss: 1.0829
The current learning rate is 0.001000
Epoch 3 training time cost: 27.5287 seconds
Test results: SROCC=0.3897, KROCC=0.2720, PLCC=0.4650, RMSE=0.2022
Update best model using best_val_criterion 
Update the best Test results: SROCC=0.3897, KROCC=0.2720, PLCC=0.4650, RMSE=0.2022
Epoch 4 averaged training loss: 1.0893
The current learning rate is 0.001000
Epoch 4 training time cost: 28.4327 seconds
Test results: SROCC=0.0203, KROCC=0.0138, PLCC=0.1319, RMSE=0.2264
Epoch 5 averaged training loss: 1.0589
The current learning rate is 0.001000
Epoch 5 training time cost: 28.2170 seconds
Test results: SROCC=0.3235, KROCC=0.2167, PLCC=0.3098, RMSE=0.2171
Epoch 6 averaged training loss: 1.0600
The current learning rate is 0.001000
Epoch 6 training time cost: 28.0670 seconds
Test results: SROCC=0.4464, KROCC=0.3116, PLCC=0.4476, RMSE=0.2042
Update best model using best_val_criterion 
Update the best Test results: SROCC=0.4464, KROCC=0.3116, PLCC=0.4476, RMSE=0.2042
Epoch 7 averaged training loss: 1.0786
The current learning rate is 0.001000
Epoch 7 training time cost: 27.9903 seconds
Test results: SROCC=0.1550, KROCC=0.1035, PLCC=0.3835, RMSE=0.2109
Epoch 8 averaged training loss: 1.0728
The current learning rate is 0.000900
Epoch 8 training time cost: 28.0476 seconds
Test results: SROCC=0.3277, KROCC=0.2295, PLCC=0.3953, RMSE=0.2098
Epoch 9 averaged training loss: 1.0706
The current learning rate is 0.000900
Epoch 9 training time cost: 27.8693 seconds
Test results: SROCC=0.2789, KROCC=0.1910, PLCC=0.2757, RMSE=0.2195
Epoch 10 averaged training loss: 1.0723
The current learning rate is 0.000900
Epoch 10 training time cost: 27.8804 seconds
Test results: SROCC=0.2699, KROCC=0.1952, PLCC=0.3483, RMSE=0.2141
Epoch 11 averaged training loss: 1.0731
The current learning rate is 0.000900
Epoch 11 training time cost: 27.8150 seconds
Test results: SROCC=0.4112, KROCC=0.2852, PLCC=0.4363, RMSE=0.2055
Epoch 12 averaged training loss: 1.0870
The current learning rate is 0.000900
Epoch 12 training time cost: 27.8173 seconds
Test results: SROCC=0.3745, KROCC=0.2569, PLCC=0.4000, RMSE=0.2093
Epoch 13 averaged training loss: 1.0741
The current learning rate is 0.000900
Epoch 13 training time cost: 27.8972 seconds
Test results: SROCC=0.4373, KROCC=0.3046, PLCC=0.4778, RMSE=0.2006
Epoch 14 averaged training loss: 1.0637
The current learning rate is 0.000900
Epoch 14 training time cost: 27.8906 seconds
Test results: SROCC=0.4804, KROCC=0.3312, PLCC=0.4869, RMSE=0.1995
Update best model using best_val_criterion 
Update the best Test results: SROCC=0.4804, KROCC=0.3312, PLCC=0.4869, RMSE=0.1995
Epoch 15 averaged training loss: 1.0627
The current learning rate is 0.000900
Epoch 15 training time cost: 27.8176 seconds
Test results: SROCC=0.5199, KROCC=0.3685, PLCC=0.5462, RMSE=0.1913
Update best model using best_val_criterion 
Update the best Test results: SROCC=0.5199, KROCC=0.3685, PLCC=0.5462, RMSE=0.1913
Epoch 16 averaged training loss: 1.0657
The current learning rate is 0.000810
Epoch 16 training time cost: 27.8471 seconds
Test results: SROCC=0.5289, KROCC=0.3709, PLCC=0.5381, RMSE=0.1925
Update best model using best_val_criterion 
Update the best Test results: SROCC=0.5289, KROCC=0.3709, PLCC=0.5381, RMSE=0.1925
Epoch 17 averaged training loss: 1.0711
The current learning rate is 0.000810
Epoch 17 training time cost: 27.8327 seconds
Test results: SROCC=0.5467, KROCC=0.3811, PLCC=0.5358, RMSE=0.1928
Update best model using best_val_criterion 
Update the best Test results: SROCC=0.5467, KROCC=0.3811, PLCC=0.5358, RMSE=0.1928
Epoch 18 averaged training loss: 1.0510
The current learning rate is 0.000810
Epoch 18 training time cost: 27.9297 seconds
Test results: SROCC=0.4157, KROCC=0.2948, PLCC=0.4568, RMSE=0.2032
Epoch 19 averaged training loss: 1.0431
The current learning rate is 0.000810
Epoch 19 training time cost: 28.0306 seconds
Test results: SROCC=0.3322, KROCC=0.2410, PLCC=0.3975, RMSE=0.2096
Epoch 20 averaged training loss: 1.0428
The current learning rate is 0.000810
Epoch 20 training time cost: 27.8751 seconds
Test results: SROCC=0.4532, KROCC=0.3311, PLCC=0.5221, RMSE=0.1948
Epoch 21 averaged training loss: 1.0565
The current learning rate is 0.000810
Epoch 21 training time cost: 27.9399 seconds
Test results: SROCC=0.3770, KROCC=0.2654, PLCC=0.4213, RMSE=0.2071
Epoch 22 averaged training loss: 1.0563
The current learning rate is 0.000810
Epoch 22 training time cost: 27.4051 seconds
Test results: SROCC=0.3930, KROCC=0.2775, PLCC=0.4165, RMSE=0.2076
Epoch 23 averaged training loss: 1.0547
The current learning rate is 0.000810
Epoch 23 training time cost: 27.5228 seconds
Test results: SROCC=0.3149, KROCC=0.2205, PLCC=0.4115, RMSE=0.2082
Epoch 24 averaged training loss: 1.0545
The current learning rate is 0.000729
Epoch 24 training time cost: 27.5156 seconds
Test results: SROCC=0.2927, KROCC=0.2084, PLCC=0.4161, RMSE=0.2077
Epoch 25 averaged training loss: 1.0413
The current learning rate is 0.000729
Epoch 25 training time cost: 27.4951 seconds
Test results: SROCC=0.4889, KROCC=0.3464, PLCC=0.5027, RMSE=0.1974
Epoch 26 averaged training loss: 1.0524
The current learning rate is 0.000729
Epoch 26 training time cost: 27.5743 seconds
Test results: SROCC=0.3615, KROCC=0.2526, PLCC=0.4403, RMSE=0.2051
Epoch 27 averaged training loss: 1.0541
The current learning rate is 0.000729
Epoch 27 training time cost: 27.4923 seconds
Test results: SROCC=0.5583, KROCC=0.3896, PLCC=0.5598, RMSE=0.1892
Update best model using best_val_criterion 
Update the best Test results: SROCC=0.5583, KROCC=0.3896, PLCC=0.5598, RMSE=0.1892
Epoch 28 averaged training loss: 1.0510
The current learning rate is 0.000729
Epoch 28 training time cost: 27.5774 seconds
Test results: SROCC=0.5396, KROCC=0.3899, PLCC=0.5536, RMSE=0.1902
Epoch 29 averaged training loss: 1.0598
The current learning rate is 0.000729
Epoch 29 training time cost: 27.4398 seconds
Test results: SROCC=0.5180, KROCC=0.3749, PLCC=0.5479, RMSE=0.1911
Epoch 30 averaged training loss: 1.0517
The current learning rate is 0.000729
Epoch 30 training time cost: 27.2958 seconds
Test results: SROCC=0.4751, KROCC=0.3285, PLCC=0.4645, RMSE=0.2022
Epoch 31 averaged training loss: 1.0565
The current learning rate is 0.000729
Epoch 31 training time cost: 27.6200 seconds
Test results: SROCC=0.4340, KROCC=0.2956, PLCC=0.4608, RMSE=0.2027
Epoch 32 averaged training loss: 1.0511
The current learning rate is 0.000656
Epoch 32 training time cost: 27.4945 seconds
Test results: SROCC=0.5381, KROCC=0.3912, PLCC=0.5736, RMSE=0.1871
Epoch 33 averaged training loss: 1.0520
The current learning rate is 0.000656
Epoch 33 training time cost: 27.5576 seconds
Test results: SROCC=0.5334, KROCC=0.3833, PLCC=0.5649, RMSE=0.1884
Epoch 34 averaged training loss: 1.0217
The current learning rate is 0.000656
Epoch 34 training time cost: 27.4816 seconds
Test results: SROCC=0.5678, KROCC=0.4119, PLCC=0.5875, RMSE=0.1848
Update best model using best_val_criterion 
Update the best Test results: SROCC=0.5678, KROCC=0.4119, PLCC=0.5875, RMSE=0.1848
Epoch 35 averaged training loss: 1.0516
The current learning rate is 0.000656
Epoch 35 training time cost: 27.3140 seconds
Test results: SROCC=0.5645, KROCC=0.4139, PLCC=0.5873, RMSE=0.1848
Epoch 36 averaged training loss: 1.0496
The current learning rate is 0.000656
Epoch 36 training time cost: 27.6831 seconds
Test results: SROCC=0.5598, KROCC=0.4022, PLCC=0.5923, RMSE=0.1840
Epoch 37 averaged training loss: 1.0513
The current learning rate is 0.000656
Epoch 37 training time cost: 28.0055 seconds
Test results: SROCC=0.5990, KROCC=0.4296, PLCC=0.6218, RMSE=0.1789
Update best model using best_val_criterion 
Update the best Test results: SROCC=0.5990, KROCC=0.4296, PLCC=0.6218, RMSE=0.1789
Epoch 38 averaged training loss: 1.0375
The current learning rate is 0.000656
Epoch 38 training time cost: 27.8430 seconds
Test results: SROCC=0.5684, KROCC=0.3978, PLCC=0.5654, RMSE=0.1884
Epoch 39 averaged training loss: 1.0362
The current learning rate is 0.000656
Epoch 39 training time cost: 27.4307 seconds
Test results: SROCC=0.6088, KROCC=0.4508, PLCC=0.6329, RMSE=0.1768
Update best model using best_val_criterion 
Update the best Test results: SROCC=0.6088, KROCC=0.4508, PLCC=0.6329, RMSE=0.1768
Epoch 40 averaged training loss: 1.0505
The current learning rate is 0.000590
Epoch 40 training time cost: 27.4983 seconds
Test results: SROCC=0.5053, KROCC=0.3627, PLCC=0.5010, RMSE=0.1977
Epoch 41 averaged training loss: 1.0345
The current learning rate is 0.000590
Epoch 41 training time cost: 27.4619 seconds
Test results: SROCC=0.5778, KROCC=0.4140, PLCC=0.5980, RMSE=0.1830
Epoch 42 averaged training loss: 1.0490
The current learning rate is 0.000590
Epoch 42 training time cost: 27.4706 seconds
Test results: SROCC=0.3605, KROCC=0.2529, PLCC=0.4635, RMSE=0.2024
Epoch 43 averaged training loss: 1.0369
The current learning rate is 0.000590
Epoch 43 training time cost: 27.4530 seconds
Test results: SROCC=0.5950, KROCC=0.4298, PLCC=0.6130, RMSE=0.1804
Epoch 44 averaged training loss: 1.0346
The current learning rate is 0.000590
Epoch 44 training time cost: 27.5307 seconds
Test results: SROCC=0.5944, KROCC=0.4363, PLCC=0.6312, RMSE=0.1771
Epoch 45 averaged training loss: 1.0368
The current learning rate is 0.000590
Epoch 45 training time cost: 27.4138 seconds
Test results: SROCC=0.6500, KROCC=0.4764, PLCC=0.6589, RMSE=0.1718
Update best model using best_val_criterion 
Update the best Test results: SROCC=0.6500, KROCC=0.4764, PLCC=0.6589, RMSE=0.1718
Epoch 46 averaged training loss: 1.0431
The current learning rate is 0.000590
Epoch 46 training time cost: 27.5171 seconds
Test results: SROCC=0.5431, KROCC=0.3811, PLCC=0.5758, RMSE=0.1867
Epoch 47 averaged training loss: 1.0502
The current learning rate is 0.000590
Epoch 47 training time cost: 27.4307 seconds
Test results: SROCC=0.5440, KROCC=0.3931, PLCC=0.5910, RMSE=0.1842
Epoch 48 averaged training loss: 1.0362
The current learning rate is 0.000531
Epoch 48 training time cost: 27.4588 seconds
Test results: SROCC=0.6864, KROCC=0.4988, PLCC=0.6832, RMSE=0.1668
Update best model using best_val_criterion 
Update the best Test results: SROCC=0.6864, KROCC=0.4988, PLCC=0.6832, RMSE=0.1668
Epoch 49 averaged training loss: 1.0466
The current learning rate is 0.000531
Epoch 49 training time cost: 27.2417 seconds
Test results: SROCC=0.5998, KROCC=0.4247, PLCC=0.6012, RMSE=0.1825
Epoch 50 averaged training loss: 1.0048
The current learning rate is 0.000531
Epoch 50 training time cost: 27.3230 seconds
Test results: SROCC=0.6450, KROCC=0.4772, PLCC=0.6677, RMSE=0.1700
Epoch 51 averaged training loss: 1.0489
The current learning rate is 0.000531
Epoch 51 training time cost: 27.9356 seconds
Test results: SROCC=0.5756, KROCC=0.4279, PLCC=0.6227, RMSE=0.1787
Epoch 52 averaged training loss: 1.0350
The current learning rate is 0.000531
Epoch 52 training time cost: 28.1490 seconds
Test results: SROCC=0.5368, KROCC=0.3940, PLCC=0.6059, RMSE=0.1817
Epoch 53 averaged training loss: 1.0507
The current learning rate is 0.000531
Epoch 53 training time cost: 27.3084 seconds
Test results: SROCC=0.6511, KROCC=0.4859, PLCC=0.6731, RMSE=0.1689
Epoch 54 averaged training loss: 1.0339
The current learning rate is 0.000531
Epoch 54 training time cost: 27.4456 seconds
Test results: SROCC=0.5724, KROCC=0.4142, PLCC=0.6157, RMSE=0.1800
Epoch 55 averaged training loss: 1.0320
The current learning rate is 0.000531
Epoch 55 training time cost: 27.3316 seconds
Test results: SROCC=0.6962, KROCC=0.5115, PLCC=0.7039, RMSE=0.1622
Update best model using best_val_criterion 
Update the best Test results: SROCC=0.6962, KROCC=0.5115, PLCC=0.7039, RMSE=0.1622
Epoch 56 averaged training loss: 1.0501
The current learning rate is 0.000478
Epoch 56 training time cost: 27.4570 seconds
Test results: SROCC=0.6102, KROCC=0.4416, PLCC=0.6174, RMSE=0.1797
Epoch 57 averaged training loss: 1.0468
The current learning rate is 0.000478
Epoch 57 training time cost: 27.5056 seconds
Test results: SROCC=0.7068, KROCC=0.5388, PLCC=0.7262, RMSE=0.1570
Update best model using best_val_criterion 
Update the best Test results: SROCC=0.7068, KROCC=0.5388, PLCC=0.7262, RMSE=0.1570
Epoch 58 averaged training loss: 1.0363
The current learning rate is 0.000478
Epoch 58 training time cost: 27.4927 seconds
Test results: SROCC=0.6689, KROCC=0.5006, PLCC=0.6962, RMSE=0.1639
Epoch 59 averaged training loss: 1.0322
The current learning rate is 0.000478
Epoch 59 training time cost: 27.4813 seconds
Test results: SROCC=0.6870, KROCC=0.5148, PLCC=0.7104, RMSE=0.1607
Epoch 60 averaged training loss: 1.0290
The current learning rate is 0.000478
Epoch 60 training time cost: 27.4347 seconds
Test results: SROCC=0.7157, KROCC=0.5304, PLCC=0.7301, RMSE=0.1561
Update best model using best_val_criterion 
Update the best Test results: SROCC=0.7157, KROCC=0.5304, PLCC=0.7301, RMSE=0.1561
Epoch 61 averaged training loss: 1.0445
The current learning rate is 0.000478
Epoch 61 training time cost: 27.3873 seconds
Test results: SROCC=0.7156, KROCC=0.5331, PLCC=0.7313, RMSE=0.1558
Epoch 62 averaged training loss: 1.0290
The current learning rate is 0.000478
Epoch 62 training time cost: 27.5420 seconds
Test results: SROCC=0.7384, KROCC=0.5443, PLCC=0.7398, RMSE=0.1537
Update best model using best_val_criterion 
Update the best Test results: SROCC=0.7384, KROCC=0.5443, PLCC=0.7398, RMSE=0.1537
Epoch 63 averaged training loss: 1.0451
The current learning rate is 0.000478
Epoch 63 training time cost: 27.4701 seconds
Test results: SROCC=0.7484, KROCC=0.5664, PLCC=0.7581, RMSE=0.1490
Update best model using best_val_criterion 
Update the best Test results: SROCC=0.7484, KROCC=0.5664, PLCC=0.7581, RMSE=0.1490
Epoch 64 averaged training loss: 1.0450
The current learning rate is 0.000430
Epoch 64 training time cost: 27.5628 seconds
Test results: SROCC=0.7051, KROCC=0.5191, PLCC=0.7206, RMSE=0.1584
Epoch 65 averaged training loss: 1.0001
The current learning rate is 0.000430
Epoch 65 training time cost: 27.6323 seconds
Test results: SROCC=0.7317, KROCC=0.5396, PLCC=0.7374, RMSE=0.1543
Epoch 66 averaged training loss: 1.0449
The current learning rate is 0.000430
Epoch 66 training time cost: 27.5553 seconds
Test results: SROCC=0.7211, KROCC=0.5354, PLCC=0.7263, RMSE=0.1570
Epoch 67 averaged training loss: 1.0353
The current learning rate is 0.000430
Epoch 67 training time cost: 27.5891 seconds
Test results: SROCC=0.6890, KROCC=0.4962, PLCC=0.6982, RMSE=0.1635
Epoch 68 averaged training loss: 1.0313
The current learning rate is 0.000430
Epoch 68 training time cost: 27.5791 seconds
Test results: SROCC=0.6733, KROCC=0.5051, PLCC=0.6963, RMSE=0.1639
Epoch 69 averaged training loss: 1.0301
The current learning rate is 0.000430
Epoch 69 training time cost: 27.6146 seconds
Test results: SROCC=0.6422, KROCC=0.4754, PLCC=0.6693, RMSE=0.1697
Epoch 70 averaged training loss: 1.0154
The current learning rate is 0.000430
Epoch 70 training time cost: 27.5893 seconds
Test results: SROCC=0.6849, KROCC=0.5072, PLCC=0.7034, RMSE=0.1623
Epoch 71 averaged training loss: 1.0218
The current learning rate is 0.000430
Epoch 71 training time cost: 27.5023 seconds
Test results: SROCC=0.6873, KROCC=0.5116, PLCC=0.7042, RMSE=0.1622
Epoch 72 averaged training loss: 1.0176
The current learning rate is 0.000387
Epoch 72 training time cost: 27.5057 seconds
Test results: SROCC=0.6677, KROCC=0.4998, PLCC=0.6899, RMSE=0.1653
Epoch 73 averaged training loss: 1.0181
The current learning rate is 0.000387
Epoch 73 training time cost: 27.5315 seconds
Test results: SROCC=0.6955, KROCC=0.5114, PLCC=0.7090, RMSE=0.1611
Epoch 74 averaged training loss: 1.0314
The current learning rate is 0.000387
Epoch 74 training time cost: 27.4924 seconds
Test results: SROCC=0.7108, KROCC=0.5257, PLCC=0.7231, RMSE=0.1578
Epoch 75 averaged training loss: 1.0119
The current learning rate is 0.000387
Epoch 75 training time cost: 27.5664 seconds
Test results: SROCC=0.7673, KROCC=0.5783, PLCC=0.7750, RMSE=0.1443
Update best model using best_val_criterion 
Update the best Test results: SROCC=0.7673, KROCC=0.5783, PLCC=0.7750, RMSE=0.1443
Epoch 76 averaged training loss: 1.0313
The current learning rate is 0.000387
Epoch 76 training time cost: 27.5236 seconds
Test results: SROCC=0.7315, KROCC=0.5400, PLCC=0.7324, RMSE=0.1555
Epoch 77 averaged training loss: 1.0500
The current learning rate is 0.000387
Epoch 77 training time cost: 27.6382 seconds
Test results: SROCC=0.7646, KROCC=0.5779, PLCC=0.7688, RMSE=0.1460
Epoch 78 averaged training loss: 1.0315
The current learning rate is 0.000387
Epoch 78 training time cost: 27.5747 seconds
Test results: SROCC=0.7461, KROCC=0.5567, PLCC=0.7539, RMSE=0.1500
Epoch 79 averaged training loss: 1.0276
The current learning rate is 0.000387
Epoch 79 training time cost: 27.5864 seconds
Test results: SROCC=0.6957, KROCC=0.5189, PLCC=0.7134, RMSE=0.1601
Epoch 80 averaged training loss: 1.0447
The current learning rate is 0.000349
Epoch 80 training time cost: 27.5105 seconds
Test results: SROCC=0.6192, KROCC=0.4569, PLCC=0.6546, RMSE=0.1726
Epoch 81 averaged training loss: 1.0438
The current learning rate is 0.000349
Epoch 81 training time cost: 27.5525 seconds
Test results: SROCC=0.6794, KROCC=0.5051, PLCC=0.7022, RMSE=0.1626
Epoch 82 averaged training loss: 1.0263
The current learning rate is 0.000349
Epoch 82 training time cost: 27.5146 seconds
Test results: SROCC=0.6898, KROCC=0.5124, PLCC=0.7157, RMSE=0.1595
Epoch 83 averaged training loss: 1.0357
The current learning rate is 0.000349
Epoch 83 training time cost: 27.5823 seconds
Test results: SROCC=0.7573, KROCC=0.5693, PLCC=0.7731, RMSE=0.1449
Epoch 84 averaged training loss: 1.0282
The current learning rate is 0.000349
Epoch 84 training time cost: 27.5265 seconds
Test results: SROCC=0.7471, KROCC=0.5596, PLCC=0.7615, RMSE=0.1480
Epoch 85 averaged training loss: 1.0506
The current learning rate is 0.000349
Epoch 85 training time cost: 27.5271 seconds
Test results: SROCC=0.7657, KROCC=0.5809, PLCC=0.7784, RMSE=0.1434
Epoch 86 averaged training loss: 1.0287
The current learning rate is 0.000349
Epoch 86 training time cost: 27.5851 seconds
Test results: SROCC=0.7538, KROCC=0.5675, PLCC=0.7622, RMSE=0.1478
Epoch 87 averaged training loss: 1.0417
The current learning rate is 0.000349
Epoch 87 training time cost: 27.4585 seconds
Test results: SROCC=0.8033, KROCC=0.6133, PLCC=0.8073, RMSE=0.1348
Update best model using best_val_criterion 
Update the best Test results: SROCC=0.8033, KROCC=0.6133, PLCC=0.8073, RMSE=0.1348
Epoch 88 averaged training loss: 1.0451
The current learning rate is 0.000314
Epoch 88 training time cost: 27.7273 seconds
Test results: SROCC=0.7226, KROCC=0.5392, PLCC=0.7457, RMSE=0.1522
Epoch 89 averaged training loss: 1.0548
The current learning rate is 0.000314
Epoch 89 training time cost: 28.1697 seconds
Test results: SROCC=0.7266, KROCC=0.5392, PLCC=0.7377, RMSE=0.1542
Epoch 90 averaged training loss: 1.0264
The current learning rate is 0.000314
Epoch 90 training time cost: 27.5663 seconds
Test results: SROCC=0.6121, KROCC=0.4397, PLCC=0.6577, RMSE=0.1720
Epoch 91 averaged training loss: 1.0322
The current learning rate is 0.000314
Epoch 91 training time cost: 27.5765 seconds
Test results: SROCC=0.6917, KROCC=0.5139, PLCC=0.7064, RMSE=0.1616
Epoch 92 averaged training loss: 1.0457
The current learning rate is 0.000314
Epoch 92 training time cost: 27.5711 seconds
Test results: SROCC=0.6529, KROCC=0.4837, PLCC=0.6719, RMSE=0.1691
Epoch 93 averaged training loss: 1.0311
The current learning rate is 0.000314
Epoch 93 training time cost: 27.5715 seconds
Test results: SROCC=0.7095, KROCC=0.5293, PLCC=0.7251, RMSE=0.1573
Epoch 94 averaged training loss: 1.0523
The current learning rate is 0.000314
Epoch 94 training time cost: 27.4780 seconds
Test results: SROCC=0.7091, KROCC=0.5219, PLCC=0.7111, RMSE=0.1606
Epoch 95 averaged training loss: 1.0498
The current learning rate is 0.000314
Epoch 95 training time cost: 27.6011 seconds
Test results: SROCC=0.6665, KROCC=0.4891, PLCC=0.6839, RMSE=0.1666
Epoch 96 averaged training loss: 1.0476
The current learning rate is 0.000282
Epoch 96 training time cost: 27.4989 seconds
Test results: SROCC=0.7113, KROCC=0.5271, PLCC=0.7245, RMSE=0.1574
Epoch 97 averaged training loss: 1.0410
The current learning rate is 0.000282
Epoch 97 training time cost: 27.5306 seconds
Test results: SROCC=0.7214, KROCC=0.5354, PLCC=0.7335, RMSE=0.1552
Epoch 98 averaged training loss: 1.0279
The current learning rate is 0.000282
Epoch 98 training time cost: 27.6322 seconds
Test results: SROCC=0.7223, KROCC=0.5350, PLCC=0.7379, RMSE=0.1541
Epoch 99 averaged training loss: 1.0277
The current learning rate is 0.000282
Epoch 99 training time cost: 27.5051 seconds
Test results: SROCC=0.7720, KROCC=0.5890, PLCC=0.7880, RMSE=0.1406
Epoch 100 averaged training loss: 1.0442
The current learning rate is 0.000282
Epoch 100 training time cost: 27.6229 seconds
Test results: SROCC=0.7225, KROCC=0.5373, PLCC=0.7343, RMSE=0.1550
['WPC']
The best Val results: SROCC=0.8033, KROCC=0.6133, PLCC=0.8073, RMSE=0.1348
*************************************************************************************************************************
*************************************************************************************************************************
The mean val results: SROCC=0.7755, KROCC=0.5828, PLCC=0.7742, RMSE=0.1449
*************************************************************************************************************************
